2021-Oct-08 Fri 00:46:21.214 ERROR - com.automationanywhere.botinsight.dao.impl.EsBotDataIndexManagerImpl - {} - ensureLanSynced(EsBotDataIndexManagerImpl.java:393) - BI_LOG: ensureLanSync (#290) java.lang.IllegalStateException: Grid is in invalid state to perform this operation. It either not started yet or has already being or have stopped [igniteInstanceName=AAUS341JSTCR, state=STOPPED]
	at org.apache.ignite.internal.GridKernalGatewayImpl.illegalState(GridKernalGatewayImpl.java:201) ~[kernel-1.0.0-SNAPSHOT.jar:?]
	at org.apache.ignite.internal.GridKernalGatewayImpl.readLock(GridKernalGatewayImpl.java:95) ~[kernel-1.0.0-SNAPSHOT.jar:?]
	at org.apache.ignite.internal.IgniteKernal.guard(IgniteKernal.java:4189) ~[kernel-1.0.0-SNAPSHOT.jar:?]
	at org.apache.ignite.internal.IgniteKernal.getOrCreateCache0(IgniteKernal.java:3296) ~[kernel-1.0.0-SNAPSHOT.jar:?]
	at org.apache.ignite.internal.IgniteKernal.getOrCreateCache(IgniteKernal.java:3285) ~[kernel-1.0.0-SNAPSHOT.jar:?]
	at com.automationanywhere.distributedcache.IgniteCacheAdapter.init(IgniteCacheAdapter.java:148) ~[kernel-1.0.0-SNAPSHOT.jar:?]
	at com.automationanywhere.distributedcache.IgniteCacheAdapter.handleReconnect(IgniteCacheAdapter.java:304) ~[kernel-1.0.0-SNAPSHOT.jar:?]
	at com.automationanywhere.distributedcache.IgniteCacheAdapter.reconnectOrRethrow(IgniteCacheAdapter.java:329) ~[kernel-1.0.0-SNAPSHOT.jar:?]
	at com.automationanywhere.distributedcache.IgniteCacheAdapter.get(IgniteCacheAdapter.java:158) ~[kernel-1.0.0-SNAPSHOT.jar:?]
	at com.automationanywhere.botinsight.cache.IdxAllocNetMemCacheImpl.get(IdxAllocNetMemCacheImpl.java:44) ~[kernel-1.0.0-SNAPSHOT.jar:?]
	at com.automationanywhere.botinsight.dao.impl.EsBotDataIndexManagerImpl.getTopIdxOrdinal(EsBotDataIndexManagerImpl.java:838) ~[kernel-1.0.0-SNAPSHOT.jar:?]
	at com.automationanywhere.botinsight.dao.impl.EsBotDataIndexManagerImpl.getTopIdxInfo(EsBotDataIndexManagerImpl.java:411) ~[kernel-1.0.0-SNAPSHOT.jar:?]
	at com.automationanywhere.botinsight.dao.impl.EsBotDataIndexManagerImpl.ensureLanSynced(EsBotDataIndexManagerImpl.java:318) [kernel-1.0.0-SNAPSHOT.jar:?]
	at com.automationanywhere.botinsight.dao.impl.EsBotDataIndexManagerImpl.refreshIndexAlloc(EsBotDataIndexManagerImpl.java:1189) [kernel-1.0.0-SNAPSHOT.jar:?]
	at com.automationanywhere.botinsight.dao.impl.EsBotDataIndexManagerImpl.access$100(EsBotDataIndexManagerImpl.java:68) [kernel-1.0.0-SNAPSHOT.jar:?]
	at com.automationanywhere.botinsight.dao.impl.EsBotDataIndexManagerImpl$ESInitializerThread.run(EsBotDataIndexManagerImpl.java:2166) [kernel-1.0.0-SNAPSHOT.jar:?]

2021-Oct-08 Fri 00:46:21.214 ERROR - com.automationanywhere.botinsight.dao.impl.EsBotDataIndexManagerImpl - {} - ensureLanSynced(EsBotDataIndexManagerImpl.java:393) - BI_LOG: ensureLanSync (#290) java.lang.IllegalStateException: Grid is in invalid state to perform this operation. It either not started yet or has already being or have stopped [igniteInstanceName=AAUS341JSTCR, state=STOPPED]
	at org.apache.ignite.internal.GridKernalGatewayImpl.illegalState(GridKernalGatewayImpl.java:201) ~[kernel-1.0.0-SNAPSHOT.jar:?]
	at org.apache.ignite.internal.GridKernalGatewayImpl.readLock(GridKernalGatewayImpl.java:95) ~[kernel-1.0.0-SNAPSHOT.jar:?]
	at org.apache.ignite.internal.IgniteKernal.guard(IgniteKernal.java:4189) ~[kernel-1.0.0-SNAPSHOT.jar:?]
	at org.apache.ignite.internal.IgniteKernal.getOrCreateCache0(IgniteKernal.java:3296) ~[kernel-1.0.0-SNAPSHOT.jar:?]
	at org.apache.ignite.internal.IgniteKernal.getOrCreateCache(IgniteKernal.java:3285) ~[kernel-1.0.0-SNAPSHOT.jar:?]
	at com.automationanywhere.distributedcache.IgniteCacheAdapter.init(IgniteCacheAdapter.java:148) ~[kernel-1.0.0-SNAPSHOT.jar:?]
	at com.automationanywhere.distributedcache.IgniteCacheAdapter.handleReconnect(IgniteCacheAdapter.java:304) ~[kernel-1.0.0-SNAPSHOT.jar:?]
	at com.automationanywhere.distributedcache.IgniteCacheAdapter.reconnectOrRethrow(IgniteCacheAdapter.java:329) ~[kernel-1.0.0-SNAPSHOT.jar:?]
	at com.automationanywhere.distributedcache.IgniteCacheAdapter.get(IgniteCacheAdapter.java:158) ~[kernel-1.0.0-SNAPSHOT.jar:?]
	at com.automationanywhere.botinsight.cache.IdxAllocNetMemCacheImpl.get(IdxAllocNetMemCacheImpl.java:44) ~[kernel-1.0.0-SNAPSHOT.jar:?]
	at com.automationanywhere.botinsight.dao.impl.EsBotDataIndexManagerImpl.getTopIdxOrdinal(EsBotDataIndexManagerImpl.java:838) ~[kernel-1.0.0-SNAPSHOT.jar:?]
	at com.automationanywhere.botinsight.dao.impl.EsBotDataIndexManagerImpl.getTopIdxInfo(EsBotDataIndexManagerImpl.java:411) ~[kernel-1.0.0-SNAPSHOT.jar:?]
	at com.automationanywhere.botinsight.dao.impl.EsBotDataIndexManagerImpl.ensureLanSynced(EsBotDataIndexManagerImpl.java:318) [kernel-1.0.0-SNAPSHOT.jar:?]
	at com.automationanywhere.botinsight.dao.impl.EsBotDataIndexManagerImpl.refreshIndexAlloc(EsBotDataIndexManagerImpl.java:1189) [kernel-1.0.0-SNAPSHOT.jar:?]
	at com.automationanywhere.botinsight.dao.impl.EsBotDataIndexManagerImpl.access$100(EsBotDataIndexManagerImpl.java:68) [kernel-1.0.0-SNAPSHOT.jar:?]
	at com.automationanywhere.botinsight.dao.impl.EsBotDataIndexManagerImpl$ESInitializerThread.run(EsBotDataIndexManagerImpl.java:2166) [kernel-1.0.0-SNAPSHOT.jar:?]

