2021-Oct-07 Thu 09:44:49.951 WARN  - com.automationanywhere.settings.service.impl.SMTPSettingsServiceImpl - {defaultTenant=true, sampled=true, spanId=7ecdc3f19c63c17e, tenantUuid=d8367b5e-9541-4eb9-a8a0-5fca1f782a1f, traceId=7ecdc3f19c63c17e} - getSMTPNotifications(SMTPSettingsServiceImpl.java:181) - Configuration not found com.automationanywhere.common.exceptions.NotFoundException: Configuration not found
	at com.automationanywhere.configuration.service.impl.ConfigurationServiceImpl.getGlobal(ConfigurationServiceImpl.java:117) ~[kernel-1.0.0-SNAPSHOT.jar:?]
	at jdk.internal.reflect.GeneratedMethodAccessor259.invoke(Unknown Source) ~[?:?]
	at jdk.internal.reflect.DelegatingMethodAccessorImpl.invoke(DelegatingMethodAccessorImpl.java:43) ~[?:?]
	at java.lang.reflect.Method.invoke(Method.java:566) ~[?:?]
	at org.springframework.aop.support.AopUtils.invokeJoinpointUsingReflection(AopUtils.java:344) ~[kernel-1.0.0-SNAPSHOT.jar:?]
	at org.springframework.aop.framework.ReflectiveMethodInvocation.invokeJoinpoint(ReflectiveMethodInvocation.java:198) ~[kernel-1.0.0-SNAPSHOT.jar:?]
	at org.springframework.aop.framework.ReflectiveMethodInvocation.proceed(ReflectiveMethodInvocation.java:163) ~[kernel-1.0.0-SNAPSHOT.jar:?]
	at org.springframework.transaction.interceptor.TransactionAspectSupport.invokeWithinTransaction(TransactionAspectSupport.java:367) ~[kernel-1.0.0-SNAPSHOT.jar:?]
	at org.springframework.transaction.interceptor.TransactionInterceptor.invoke(TransactionInterceptor.java:118) ~[kernel-1.0.0-SNAPSHOT.jar:?]
	at org.springframework.aop.framework.ReflectiveMethodInvocation.proceed(ReflectiveMethodInvocation.java:186) ~[kernel-1.0.0-SNAPSHOT.jar:?]
	at org.springframework.aop.framework.JdkDynamicAopProxy.invoke(JdkDynamicAopProxy.java:212) ~[kernel-1.0.0-SNAPSHOT.jar:?]
	at com.sun.proxy.$Proxy141.getGlobal(Unknown Source) ~[?:?]
	at com.automationanywhere.settings.service.impl.SMTPSettingsServiceImpl.getSMTPNotifications(SMTPSettingsServiceImpl.java:174) ~[kernel-1.0.0-SNAPSHOT.jar:?]
	at jdk.internal.reflect.NativeMethodAccessorImpl.invoke0(Native Method) ~[?:?]
	at jdk.internal.reflect.NativeMethodAccessorImpl.invoke(NativeMethodAccessorImpl.java:62) ~[?:?]
	at jdk.internal.reflect.DelegatingMethodAccessorImpl.invoke(DelegatingMethodAccessorImpl.java:43) ~[?:?]
	at java.lang.reflect.Method.invoke(Method.java:566) ~[?:?]
	at org.springframework.aop.support.AopUtils.invokeJoinpointUsingReflection(AopUtils.java:344) ~[kernel-1.0.0-SNAPSHOT.jar:?]
	at org.springframework.aop.framework.ReflectiveMethodInvocation.invokeJoinpoint(ReflectiveMethodInvocation.java:198) ~[kernel-1.0.0-SNAPSHOT.jar:?]
	at org.springframework.aop.framework.ReflectiveMethodInvocation.proceed(ReflectiveMethodInvocation.java:163) ~[kernel-1.0.0-SNAPSHOT.jar:?]
	at org.springframework.transaction.interceptor.TransactionAspectSupport.invokeWithinTransaction(TransactionAspectSupport.java:367) ~[kernel-1.0.0-SNAPSHOT.jar:?]
	at org.springframework.transaction.interceptor.TransactionInterceptor.invoke(TransactionInterceptor.java:118) ~[kernel-1.0.0-SNAPSHOT.jar:?]
	at org.springframework.aop.framework.ReflectiveMethodInvocation.proceed(ReflectiveMethodInvocation.java:186) ~[kernel-1.0.0-SNAPSHOT.jar:?]
	at org.springframework.aop.framework.JdkDynamicAopProxy.invoke(JdkDynamicAopProxy.java:212) ~[kernel-1.0.0-SNAPSHOT.jar:?]
	at com.sun.proxy.$Proxy305.getSMTPNotifications(Unknown Source) ~[?:?]
	at com.automationanywhere.settings.resource.SMTPSettingsResource.getSMTPNotifications(SMTPSettingsResource.java:74) ~[kernel-1.0.0-SNAPSHOT.jar:?]
	at com.automationanywhere.settings.resource.SMTPSettingsResource.lambda$init$3(SMTPSettingsResource.java:41) ~[kernel-1.0.0-SNAPSHOT.jar:?]
	at spark.ResponseTransformerRouteImpl$1.handle(ResponseTransformerRouteImpl.java:47) ~[kernel-1.0.0-SNAPSHOT.jar:?]
	at spark.http.matching.Routes.execute(Routes.java:61) ~[kernel-1.0.0-SNAPSHOT.jar:?]
	at spark.http.matching.MatcherFilter.doFilter(MatcherFilter.java:130) ~[kernel-1.0.0-SNAPSHOT.jar:?]
	at spark.servlet.SparkFilter.doFilter(SparkFilter.java:173) ~[kernel-1.0.0-SNAPSHOT.jar:?]
	at org.eclipse.jetty.servlet.FilterHolder.doFilter(FilterHolder.java:193) ~[kernel-1.0.0-SNAPSHOT.jar:?]
	at org.eclipse.jetty.servlet.ServletHandler$Chain.doFilter(ServletHandler.java:1601) ~[kernel-1.0.0-SNAPSHOT.jar:?]
	at com.automationanywhere.common.util.filter.ContentTypeFilter.doFilter(ContentTypeFilter.java:44) ~[kernel-1.0.0-SNAPSHOT.jar:?]
	at org.eclipse.jetty.servlet.FilterHolder.doFilter(FilterHolder.java:193) ~[kernel-1.0.0-SNAPSHOT.jar:?]
	at org.eclipse.jetty.servlet.ServletHandler$Chain.doFilter(ServletHandler.java:1601) ~[kernel-1.0.0-SNAPSHOT.jar:?]
	at com.automationanywhere.common.util.filter.RequestCaptureFilter.doFilter(RequestCaptureFilter.java:62) ~[kernel-1.0.0-SNAPSHOT.jar:?]
	at org.eclipse.jetty.servlet.FilterHolder.doFilter(FilterHolder.java:193) ~[kernel-1.0.0-SNAPSHOT.jar:?]
	at org.eclipse.jetty.servlet.ServletHandler$Chain.doFilter(ServletHandler.java:1601) ~[kernel-1.0.0-SNAPSHOT.jar:?]
	at brave.servlet.TracingFilter.doFilter(TracingFilter.java:82) ~[kernel-1.0.0-SNAPSHOT.jar:?]
	at com.automationanywhere.common.util.filter.BraveDelegatingTracingFilter.doFilter(BraveDelegatingTracingFilter.java:30) ~[kernel-1.0.0-SNAPSHOT.jar:?]
	at org.eclipse.jetty.servlet.FilterHolder.doFilter(FilterHolder.java:193) ~[kernel-1.0.0-SNAPSHOT.jar:?]
	at org.eclipse.jetty.servlet.ServletHandler$Chain.doFilter(ServletHandler.java:1601) ~[kernel-1.0.0-SNAPSHOT.jar:?]
	at com.automationanywhere.common.util.filter.LocaleCaptureFilter.doFilter(LocaleCaptureFilter.java:46) ~[kernel-1.0.0-SNAPSHOT.jar:?]
	at org.eclipse.jetty.servlet.FilterHolder.doFilter(FilterHolder.java:193) ~[kernel-1.0.0-SNAPSHOT.jar:?]
	at org.eclipse.jetty.servlet.ServletHandler$Chain.doFilter(ServletHandler.java:1601) ~[kernel-1.0.0-SNAPSHOT.jar:?]
	at org.eclipse.jetty.servlet.ServletHandler.doHandle(ServletHandler.java:548) ~[kernel-1.0.0-SNAPSHOT.jar:?]
	at org.eclipse.jetty.server.handler.ScopedHandler.nextHandle(ScopedHandler.java:233) ~[kernel-1.0.0-SNAPSHOT.jar:?]
	at org.eclipse.jetty.server.session.SessionHandler.doHandle(SessionHandler.java:1624) ~[kernel-1.0.0-SNAPSHOT.jar:?]
	at org.eclipse.jetty.server.handler.ScopedHandler.nextHandle(ScopedHandler.java:233) ~[kernel-1.0.0-SNAPSHOT.jar:?]
	at org.eclipse.jetty.server.handler.ContextHandler.doHandle(ContextHandler.java:1435) ~[kernel-1.0.0-SNAPSHOT.jar:?]
	at org.eclipse.jetty.server.handler.ScopedHandler.nextScope(ScopedHandler.java:188) ~[kernel-1.0.0-SNAPSHOT.jar:?]
	at org.eclipse.jetty.servlet.ServletHandler.doScope(ServletHandler.java:501) ~[kernel-1.0.0-SNAPSHOT.jar:?]
	at org.eclipse.jetty.server.session.SessionHandler.doScope(SessionHandler.java:1594) ~[kernel-1.0.0-SNAPSHOT.jar:?]
	at org.eclipse.jetty.server.handler.ScopedHandler.nextScope(ScopedHandler.java:186) ~[kernel-1.0.0-SNAPSHOT.jar:?]
	at org.eclipse.jetty.server.handler.ContextHandler.doScope(ContextHandler.java:1350) ~[kernel-1.0.0-SNAPSHOT.jar:?]
	at org.eclipse.jetty.server.handler.ScopedHandler.handle(ScopedHandler.java:141) ~[kernel-1.0.0-SNAPSHOT.jar:?]
	at org.eclipse.jetty.server.handler.StatisticsHandler.handle(StatisticsHandler.java:179) ~[kernel-1.0.0-SNAPSHOT.jar:?]
	at org.eclipse.jetty.server.handler.ContextHandlerCollection.handle(ContextHandlerCollection.java:234) ~[kernel-1.0.0-SNAPSHOT.jar:?]
	at org.eclipse.jetty.server.handler.gzip.GzipHandler.handle(GzipHandler.java:763) ~[kernel-1.0.0-SNAPSHOT.jar:?]
	at org.eclipse.jetty.server.handler.HandlerWrapper.handle(HandlerWrapper.java:127) ~[kernel-1.0.0-SNAPSHOT.jar:?]
	at com.codahale.metrics.jetty9.InstrumentedHandler.handle(InstrumentedHandler.java:239) ~[kernel-1.0.0-SNAPSHOT.jar:?]
	at org.eclipse.jetty.server.handler.HandlerWrapper.handle(HandlerWrapper.java:127) ~[kernel-1.0.0-SNAPSHOT.jar:?]
	at org.eclipse.jetty.server.Server.handle(Server.java:516) ~[kernel-1.0.0-SNAPSHOT.jar:?]
	at org.eclipse.jetty.server.HttpChannel.lambda$handle$1(HttpChannel.java:388) ~[kernel-1.0.0-SNAPSHOT.jar:?]
	at org.eclipse.jetty.server.HttpChannel.dispatch(HttpChannel.java:633) [kernel-1.0.0-SNAPSHOT.jar:?]
	at org.eclipse.jetty.server.HttpChannel.handle(HttpChannel.java:380) [kernel-1.0.0-SNAPSHOT.jar:?]
	at org.eclipse.jetty.server.HttpConnection.onFillable(HttpConnection.java:277) [kernel-1.0.0-SNAPSHOT.jar:?]
	at org.eclipse.jetty.io.AbstractConnection$ReadCallback.succeeded(AbstractConnection.java:311) [kernel-1.0.0-SNAPSHOT.jar:?]
	at org.eclipse.jetty.io.FillInterest.fillable(FillInterest.java:105) [kernel-1.0.0-SNAPSHOT.jar:?]
	at org.eclipse.jetty.io.ChannelEndPoint$1.run(ChannelEndPoint.java:104) [kernel-1.0.0-SNAPSHOT.jar:?]
	at org.eclipse.jetty.util.thread.strategy.EatWhatYouKill.runTask(EatWhatYouKill.java:336) [kernel-1.0.0-SNAPSHOT.jar:?]
	at org.eclipse.jetty.util.thread.strategy.EatWhatYouKill.doProduce(EatWhatYouKill.java:313) [kernel-1.0.0-SNAPSHOT.jar:?]
	at org.eclipse.jetty.util.thread.strategy.EatWhatYouKill.tryProduce(EatWhatYouKill.java:171) [kernel-1.0.0-SNAPSHOT.jar:?]
	at org.eclipse.jetty.util.thread.strategy.EatWhatYouKill.run(EatWhatYouKill.java:129) [kernel-1.0.0-SNAPSHOT.jar:?]
	at org.eclipse.jetty.util.thread.ReservedThreadExecutor$ReservedThread.run(ReservedThreadExecutor.java:383) [kernel-1.0.0-SNAPSHOT.jar:?]
	at org.eclipse.jetty.util.thread.QueuedThreadPool.runJob(QueuedThreadPool.java:882) [kernel-1.0.0-SNAPSHOT.jar:?]
	at org.eclipse.jetty.util.thread.QueuedThreadPool$Runner.run(QueuedThreadPool.java:1036) [kernel-1.0.0-SNAPSHOT.jar:?]
	at java.lang.Thread.run(Thread.java:829) [?:?]

