2021-Oct-08 Fri 00:00:24.197 INFO  - org.apache.ignite.internal.IgniteKernal%AAUS341JSTCR - {} 
Metrics for local node (to disable set 'metricsLogFrequency' to 0)
    ^-- Node [id=051661e7, name=AAUS341JSTCR, uptime=1 day, 01:51:58.442]
    ^-- H/N/C [hosts=2, nodes=6, CPUs=16]
    ^-- CPU [cur=-100%, avg=-99.99%, GC=0%]
    ^-- PageMemory [pages=0]
    ^-- Heap [used=606MB, free=85.06%, comm=1861MB]
    ^-- Off-heap [used=0MB, free=100%, comm=0MB]
    ^--   sysMemPlc region [used=0MB, free=100%, comm=0MB]
    ^--   TxLog region [used=0MB, free=100%, comm=0MB]
    ^--   Default_Region region [used=0MB, free=100%, comm=0MB]
    ^-- Outbound messages queue [size=0]
    ^-- Public thread pool [active=0, idle=0, qSize=0]
    ^-- System thread pool [active=0, idle=0, qSize=0]
2021-Oct-08 Fri 00:01:24.212 INFO  - org.apache.ignite.internal.IgniteKernal%AAUS341JSTCR - {} 
Metrics for local node (to disable set 'metricsLogFrequency' to 0)
    ^-- Node [id=051661e7, name=AAUS341JSTCR, uptime=1 day, 01:52:58.464]
    ^-- H/N/C [hosts=2, nodes=6, CPUs=16]
    ^-- CPU [cur=-100%, avg=-99.99%, GC=0%]
    ^-- PageMemory [pages=0]
    ^-- Heap [used=662MB, free=83.67%, comm=1861MB]
    ^-- Off-heap [used=0MB, free=100%, comm=0MB]
    ^--   sysMemPlc region [used=0MB, free=100%, comm=0MB]
    ^--   TxLog region [used=0MB, free=100%, comm=0MB]
    ^--   Default_Region region [used=0MB, free=100%, comm=0MB]
    ^-- Outbound messages queue [size=0]
    ^-- Public thread pool [active=0, idle=0, qSize=0]
    ^-- System thread pool [active=0, idle=0, qSize=0]
2021-Oct-08 Fri 00:02:24.215 INFO  - org.apache.ignite.internal.IgniteKernal%AAUS341JSTCR - {} 
Metrics for local node (to disable set 'metricsLogFrequency' to 0)
    ^-- Node [id=051661e7, name=AAUS341JSTCR, uptime=1 day, 01:53:58.464]
    ^-- H/N/C [hosts=2, nodes=6, CPUs=16]
    ^-- CPU [cur=-100%, avg=-99.99%, GC=0%]
    ^-- PageMemory [pages=0]
    ^-- Heap [used=712MB, free=82.44%, comm=1861MB]
    ^-- Off-heap [used=0MB, free=100%, comm=0MB]
    ^--   sysMemPlc region [used=0MB, free=100%, comm=0MB]
    ^--   TxLog region [used=0MB, free=100%, comm=0MB]
    ^--   Default_Region region [used=0MB, free=100%, comm=0MB]
    ^-- Outbound messages queue [size=0]
    ^-- Public thread pool [active=0, idle=0, qSize=0]
    ^-- System thread pool [active=0, idle=0, qSize=0]
2021-Oct-08 Fri 00:03:24.221 INFO  - org.apache.ignite.internal.IgniteKernal%AAUS341JSTCR - {} 
Metrics for local node (to disable set 'metricsLogFrequency' to 0)
    ^-- Node [id=051661e7, name=AAUS341JSTCR, uptime=1 day, 01:54:58.474]
    ^-- H/N/C [hosts=2, nodes=6, CPUs=16]
    ^-- CPU [cur=-100%, avg=-99.99%, GC=0%]
    ^-- PageMemory [pages=0]
    ^-- Heap [used=761MB, free=81.23%, comm=1861MB]
    ^-- Off-heap [used=0MB, free=100%, comm=0MB]
    ^--   sysMemPlc region [used=0MB, free=100%, comm=0MB]
    ^--   TxLog region [used=0MB, free=100%, comm=0MB]
    ^--   Default_Region region [used=0MB, free=100%, comm=0MB]
    ^-- Outbound messages queue [size=0]
    ^-- Public thread pool [active=0, idle=0, qSize=0]
    ^-- System thread pool [active=0, idle=0, qSize=0]
2021-Oct-08 Fri 00:04:24.231 INFO  - org.apache.ignite.internal.IgniteKernal%AAUS341JSTCR - {} 
Metrics for local node (to disable set 'metricsLogFrequency' to 0)
    ^-- Node [id=051661e7, name=AAUS341JSTCR, uptime=1 day, 01:55:58.484]
    ^-- H/N/C [hosts=2, nodes=6, CPUs=16]
    ^-- CPU [cur=-100%, avg=-99.99%, GC=0%]
    ^-- PageMemory [pages=0]
    ^-- Heap [used=809MB, free=80.05%, comm=1861MB]
    ^-- Off-heap [used=0MB, free=100%, comm=0MB]
    ^--   sysMemPlc region [used=0MB, free=100%, comm=0MB]
    ^--   TxLog region [used=0MB, free=100%, comm=0MB]
    ^--   Default_Region region [used=0MB, free=100%, comm=0MB]
    ^-- Outbound messages queue [size=0]
    ^-- Public thread pool [active=0, idle=0, qSize=0]
    ^-- System thread pool [active=0, idle=0, qSize=0]
2021-Oct-08 Fri 00:05:24.239 INFO  - org.apache.ignite.internal.IgniteKernal%AAUS341JSTCR - {} 
Metrics for local node (to disable set 'metricsLogFrequency' to 0)
    ^-- Node [id=051661e7, name=AAUS341JSTCR, uptime=1 day, 01:56:58.490]
    ^-- H/N/C [hosts=2, nodes=6, CPUs=16]
    ^-- CPU [cur=-100%, avg=-99.99%, GC=0%]
    ^-- PageMemory [pages=0]
    ^-- Heap [used=861MB, free=78.77%, comm=1861MB]
    ^-- Off-heap [used=0MB, free=100%, comm=0MB]
    ^--   sysMemPlc region [used=0MB, free=100%, comm=0MB]
    ^--   TxLog region [used=0MB, free=100%, comm=0MB]
    ^--   Default_Region region [used=0MB, free=100%, comm=0MB]
    ^-- Outbound messages queue [size=0]
    ^-- Public thread pool [active=0, idle=0, qSize=0]
    ^-- System thread pool [active=0, idle=0, qSize=0]
2021-Oct-08 Fri 00:06:24.241 INFO  - org.apache.ignite.internal.IgniteKernal%AAUS341JSTCR - {} 
Metrics for local node (to disable set 'metricsLogFrequency' to 0)
    ^-- Node [id=051661e7, name=AAUS341JSTCR, uptime=1 day, 01:57:58.494]
    ^-- H/N/C [hosts=2, nodes=6, CPUs=16]
    ^-- CPU [cur=-100%, avg=-99.99%, GC=0%]
    ^-- PageMemory [pages=0]
    ^-- Heap [used=910MB, free=77.56%, comm=1861MB]
    ^-- Off-heap [used=0MB, free=100%, comm=0MB]
    ^--   sysMemPlc region [used=0MB, free=100%, comm=0MB]
    ^--   TxLog region [used=0MB, free=100%, comm=0MB]
    ^--   Default_Region region [used=0MB, free=100%, comm=0MB]
    ^-- Outbound messages queue [size=0]
    ^-- Public thread pool [active=0, idle=0, qSize=0]
    ^-- System thread pool [active=0, idle=0, qSize=0]
2021-Oct-08 Fri 00:07:24.250 INFO  - org.apache.ignite.internal.IgniteKernal%AAUS341JSTCR - {} 
Metrics for local node (to disable set 'metricsLogFrequency' to 0)
    ^-- Node [id=051661e7, name=AAUS341JSTCR, uptime=1 day, 01:58:58.503]
    ^-- H/N/C [hosts=2, nodes=6, CPUs=16]
    ^-- CPU [cur=-100%, avg=-99.99%, GC=0%]
    ^-- PageMemory [pages=0]
    ^-- Heap [used=960MB, free=76.33%, comm=1861MB]
    ^-- Off-heap [used=0MB, free=100%, comm=0MB]
    ^--   sysMemPlc region [used=0MB, free=100%, comm=0MB]
    ^--   TxLog region [used=0MB, free=100%, comm=0MB]
    ^--   Default_Region region [used=0MB, free=100%, comm=0MB]
    ^-- Outbound messages queue [size=0]
    ^-- Public thread pool [active=0, idle=0, qSize=0]
    ^-- System thread pool [active=0, idle=0, qSize=0]
2021-Oct-08 Fri 00:08:24.257 INFO  - org.apache.ignite.internal.IgniteKernal%AAUS341JSTCR - {} 
Metrics for local node (to disable set 'metricsLogFrequency' to 0)
    ^-- Node [id=051661e7, name=AAUS341JSTCR, uptime=1 day, 01:59:58.508]
    ^-- H/N/C [hosts=2, nodes=6, CPUs=16]
    ^-- CPU [cur=-100%, avg=-99.99%, GC=0%]
    ^-- PageMemory [pages=0]
    ^-- Heap [used=1007MB, free=75.17%, comm=1861MB]
    ^-- Off-heap [used=0MB, free=100%, comm=0MB]
    ^--   sysMemPlc region [used=0MB, free=100%, comm=0MB]
    ^--   TxLog region [used=0MB, free=100%, comm=0MB]
    ^--   Default_Region region [used=0MB, free=100%, comm=0MB]
    ^-- Outbound messages queue [size=0]
    ^-- Public thread pool [active=0, idle=0, qSize=0]
    ^-- System thread pool [active=0, idle=0, qSize=0]
2021-Oct-08 Fri 00:09:24.264 INFO  - org.apache.ignite.internal.IgniteKernal%AAUS341JSTCR - {} 
Metrics for local node (to disable set 'metricsLogFrequency' to 0)
    ^-- Node [id=051661e7, name=AAUS341JSTCR, uptime=1 day, 02:00:58.511]
    ^-- H/N/C [hosts=2, nodes=6, CPUs=16]
    ^-- CPU [cur=-100%, avg=-99.99%, GC=0%]
    ^-- PageMemory [pages=0]
    ^-- Heap [used=1058MB, free=73.91%, comm=1861MB]
    ^-- Off-heap [used=0MB, free=100%, comm=0MB]
    ^--   sysMemPlc region [used=0MB, free=100%, comm=0MB]
    ^--   TxLog region [used=0MB, free=100%, comm=0MB]
    ^--   Default_Region region [used=0MB, free=100%, comm=0MB]
    ^-- Outbound messages queue [size=0]
    ^-- Public thread pool [active=0, idle=0, qSize=0]
    ^-- System thread pool [active=0, idle=0, qSize=0]
2021-Oct-08 Fri 00:10:24.259 INFO  - org.apache.ignite.internal.IgniteKernal%AAUS341JSTCR - {} 
Metrics for local node (to disable set 'metricsLogFrequency' to 0)
    ^-- Node [id=051661e7, name=AAUS341JSTCR, uptime=1 day, 02:01:58.512]
    ^-- H/N/C [hosts=2, nodes=6, CPUs=16]
    ^-- CPU [cur=-100%, avg=-99.99%, GC=0%]
    ^-- PageMemory [pages=0]
    ^-- Heap [used=1110MB, free=72.63%, comm=1861MB]
    ^-- Off-heap [used=0MB, free=100%, comm=0MB]
    ^--   sysMemPlc region [used=0MB, free=100%, comm=0MB]
    ^--   TxLog region [used=0MB, free=100%, comm=0MB]
    ^--   Default_Region region [used=0MB, free=100%, comm=0MB]
    ^-- Outbound messages queue [size=0]
    ^-- Public thread pool [active=0, idle=0, qSize=0]
    ^-- System thread pool [active=0, idle=0, qSize=0]
2021-Oct-08 Fri 00:11:24.266 INFO  - org.apache.ignite.internal.IgniteKernal%AAUS341JSTCR - {} 
Metrics for local node (to disable set 'metricsLogFrequency' to 0)
    ^-- Node [id=051661e7, name=AAUS341JSTCR, uptime=1 day, 02:02:58.518]
    ^-- H/N/C [hosts=2, nodes=6, CPUs=16]
    ^-- CPU [cur=-100%, avg=-99.99%, GC=0%]
    ^-- PageMemory [pages=0]
    ^-- Heap [used=353MB, free=91.27%, comm=1861MB]
    ^-- Off-heap [used=0MB, free=100%, comm=0MB]
    ^--   sysMemPlc region [used=0MB, free=100%, comm=0MB]
    ^--   TxLog region [used=0MB, free=100%, comm=0MB]
    ^--   Default_Region region [used=0MB, free=100%, comm=0MB]
    ^-- Outbound messages queue [size=0]
    ^-- Public thread pool [active=0, idle=0, qSize=0]
    ^-- System thread pool [active=0, idle=0, qSize=0]
2021-Oct-08 Fri 00:12:24.265 INFO  - org.apache.ignite.internal.IgniteKernal%AAUS341JSTCR - {} 
Metrics for local node (to disable set 'metricsLogFrequency' to 0)
    ^-- Node [id=051661e7, name=AAUS341JSTCR, uptime=1 day, 02:03:58.518]
    ^-- H/N/C [hosts=2, nodes=6, CPUs=16]
    ^-- CPU [cur=-100%, avg=-99.99%, GC=0%]
    ^-- PageMemory [pages=0]
    ^-- Heap [used=402MB, free=90.07%, comm=1861MB]
    ^-- Off-heap [used=0MB, free=100%, comm=0MB]
    ^--   sysMemPlc region [used=0MB, free=100%, comm=0MB]
    ^--   TxLog region [used=0MB, free=100%, comm=0MB]
    ^--   Default_Region region [used=0MB, free=100%, comm=0MB]
    ^-- Outbound messages queue [size=0]
    ^-- Public thread pool [active=0, idle=0, qSize=0]
    ^-- System thread pool [active=0, idle=0, qSize=0]
2021-Oct-08 Fri 00:13:24.275 INFO  - org.apache.ignite.internal.IgniteKernal%AAUS341JSTCR - {} 
Metrics for local node (to disable set 'metricsLogFrequency' to 0)
    ^-- Node [id=051661e7, name=AAUS341JSTCR, uptime=1 day, 02:04:58.525]
    ^-- H/N/C [hosts=2, nodes=6, CPUs=16]
    ^-- CPU [cur=-100%, avg=-99.99%, GC=0%]
    ^-- PageMemory [pages=0]
    ^-- Heap [used=450MB, free=88.88%, comm=1861MB]
    ^-- Off-heap [used=0MB, free=100%, comm=0MB]
    ^--   sysMemPlc region [used=0MB, free=100%, comm=0MB]
    ^--   TxLog region [used=0MB, free=100%, comm=0MB]
    ^--   Default_Region region [used=0MB, free=100%, comm=0MB]
    ^-- Outbound messages queue [size=0]
    ^-- Public thread pool [active=0, idle=0, qSize=0]
    ^-- System thread pool [active=0, idle=0, qSize=0]
2021-Oct-08 Fri 00:14:24.281 INFO  - org.apache.ignite.internal.IgniteKernal%AAUS341JSTCR - {} 
Metrics for local node (to disable set 'metricsLogFrequency' to 0)
    ^-- Node [id=051661e7, name=AAUS341JSTCR, uptime=1 day, 02:05:58.534]
    ^-- H/N/C [hosts=2, nodes=6, CPUs=16]
    ^-- CPU [cur=-100%, avg=-99.99%, GC=0%]
    ^-- PageMemory [pages=0]
    ^-- Heap [used=500MB, free=87.65%, comm=1861MB]
    ^-- Off-heap [used=0MB, free=100%, comm=0MB]
    ^--   sysMemPlc region [used=0MB, free=100%, comm=0MB]
    ^--   TxLog region [used=0MB, free=100%, comm=0MB]
    ^--   Default_Region region [used=0MB, free=100%, comm=0MB]
    ^-- Outbound messages queue [size=0]
    ^-- Public thread pool [active=0, idle=0, qSize=0]
    ^-- System thread pool [active=0, idle=0, qSize=0]
2021-Oct-08 Fri 00:15:24.292 INFO  - org.apache.ignite.internal.IgniteKernal%AAUS341JSTCR - {} 
Metrics for local node (to disable set 'metricsLogFrequency' to 0)
    ^-- Node [id=051661e7, name=AAUS341JSTCR, uptime=1 day, 02:06:58.543]
    ^-- H/N/C [hosts=2, nodes=6, CPUs=16]
    ^-- CPU [cur=-100%, avg=-99.99%, GC=0%]
    ^-- PageMemory [pages=0]
    ^-- Heap [used=552MB, free=86.37%, comm=1861MB]
    ^-- Off-heap [used=0MB, free=100%, comm=0MB]
    ^--   sysMemPlc region [used=0MB, free=100%, comm=0MB]
    ^--   TxLog region [used=0MB, free=100%, comm=0MB]
    ^--   Default_Region region [used=0MB, free=100%, comm=0MB]
    ^-- Outbound messages queue [size=0]
    ^-- Public thread pool [active=0, idle=0, qSize=0]
    ^-- System thread pool [active=0, idle=0, qSize=0]
2021-Oct-08 Fri 00:16:24.300 INFO  - org.apache.ignite.internal.IgniteKernal%AAUS341JSTCR - {} 
Metrics for local node (to disable set 'metricsLogFrequency' to 0)
    ^-- Node [id=051661e7, name=AAUS341JSTCR, uptime=1 day, 02:07:58.553]
    ^-- H/N/C [hosts=2, nodes=6, CPUs=16]
    ^-- CPU [cur=-100%, avg=-99.99%, GC=0%]
    ^-- PageMemory [pages=0]
    ^-- Heap [used=605MB, free=85.06%, comm=1861MB]
    ^-- Off-heap [used=0MB, free=100%, comm=0MB]
    ^--   sysMemPlc region [used=0MB, free=100%, comm=0MB]
    ^--   TxLog region [used=0MB, free=100%, comm=0MB]
    ^--   Default_Region region [used=0MB, free=100%, comm=0MB]
    ^-- Outbound messages queue [size=0]
    ^-- Public thread pool [active=0, idle=0, qSize=0]
    ^-- System thread pool [active=0, idle=0, qSize=0]
2021-Oct-08 Fri 00:17:24.308 INFO  - org.apache.ignite.internal.IgniteKernal%AAUS341JSTCR - {} 
Metrics for local node (to disable set 'metricsLogFrequency' to 0)
    ^-- Node [id=051661e7, name=AAUS341JSTCR, uptime=1 day, 02:08:58.560]
    ^-- H/N/C [hosts=2, nodes=6, CPUs=16]
    ^-- CPU [cur=-100%, avg=-99.99%, GC=0%]
    ^-- PageMemory [pages=0]
    ^-- Heap [used=653MB, free=83.88%, comm=1861MB]
    ^-- Off-heap [used=0MB, free=100%, comm=0MB]
    ^--   sysMemPlc region [used=0MB, free=100%, comm=0MB]
    ^--   TxLog region [used=0MB, free=100%, comm=0MB]
    ^--   Default_Region region [used=0MB, free=100%, comm=0MB]
    ^-- Outbound messages queue [size=0]
    ^-- Public thread pool [active=0, idle=0, qSize=0]
    ^-- System thread pool [active=0, idle=0, qSize=0]
2021-Oct-08 Fri 00:18:24.314 INFO  - org.apache.ignite.internal.IgniteKernal%AAUS341JSTCR - {} 
Metrics for local node (to disable set 'metricsLogFrequency' to 0)
    ^-- Node [id=051661e7, name=AAUS341JSTCR, uptime=1 day, 02:09:58.568]
    ^-- H/N/C [hosts=2, nodes=6, CPUs=16]
    ^-- CPU [cur=-100%, avg=-99.99%, GC=0%]
    ^-- PageMemory [pages=0]
    ^-- Heap [used=702MB, free=82.67%, comm=1861MB]
    ^-- Off-heap [used=0MB, free=100%, comm=0MB]
    ^--   sysMemPlc region [used=0MB, free=100%, comm=0MB]
    ^--   TxLog region [used=0MB, free=100%, comm=0MB]
    ^--   Default_Region region [used=0MB, free=100%, comm=0MB]
    ^-- Outbound messages queue [size=0]
    ^-- Public thread pool [active=0, idle=0, qSize=0]
    ^-- System thread pool [active=0, idle=0, qSize=0]
2021-Oct-08 Fri 00:19:24.325 INFO  - org.apache.ignite.internal.IgniteKernal%AAUS341JSTCR - {} 
Metrics for local node (to disable set 'metricsLogFrequency' to 0)
    ^-- Node [id=051661e7, name=AAUS341JSTCR, uptime=1 day, 02:10:58.577]
    ^-- H/N/C [hosts=2, nodes=6, CPUs=16]
    ^-- CPU [cur=-100%, avg=-99.99%, GC=0%]
    ^-- PageMemory [pages=0]
    ^-- Heap [used=752MB, free=81.44%, comm=1861MB]
    ^-- Off-heap [used=0MB, free=100%, comm=0MB]
    ^--   sysMemPlc region [used=0MB, free=100%, comm=0MB]
    ^--   TxLog region [used=0MB, free=100%, comm=0MB]
    ^--   Default_Region region [used=0MB, free=100%, comm=0MB]
    ^-- Outbound messages queue [size=0]
    ^-- Public thread pool [active=0, idle=0, qSize=0]
    ^-- System thread pool [active=0, idle=0, qSize=0]
2021-Oct-08 Fri 00:20:24.332 INFO  - org.apache.ignite.internal.IgniteKernal%AAUS341JSTCR - {} 
Metrics for local node (to disable set 'metricsLogFrequency' to 0)
    ^-- Node [id=051661e7, name=AAUS341JSTCR, uptime=1 day, 02:11:58.586]
    ^-- H/N/C [hosts=2, nodes=6, CPUs=16]
    ^-- CPU [cur=-100%, avg=-99.99%, GC=0%]
    ^-- PageMemory [pages=0]
    ^-- Heap [used=802MB, free=80.2%, comm=1861MB]
    ^-- Off-heap [used=0MB, free=100%, comm=0MB]
    ^--   sysMemPlc region [used=0MB, free=100%, comm=0MB]
    ^--   TxLog region [used=0MB, free=100%, comm=0MB]
    ^--   Default_Region region [used=0MB, free=100%, comm=0MB]
    ^-- Outbound messages queue [size=0]
    ^-- Public thread pool [active=0, idle=0, qSize=0]
    ^-- System thread pool [active=0, idle=0, qSize=0]
2021-Oct-08 Fri 00:21:24.343 INFO  - org.apache.ignite.internal.IgniteKernal%AAUS341JSTCR - {} 
Metrics for local node (to disable set 'metricsLogFrequency' to 0)
    ^-- Node [id=051661e7, name=AAUS341JSTCR, uptime=1 day, 02:12:58.596]
    ^-- H/N/C [hosts=2, nodes=6, CPUs=16]
    ^-- CPU [cur=-100%, avg=-99.99%, GC=0%]
    ^-- PageMemory [pages=0]
    ^-- Heap [used=855MB, free=78.9%, comm=1861MB]
    ^-- Off-heap [used=0MB, free=100%, comm=0MB]
    ^--   sysMemPlc region [used=0MB, free=100%, comm=0MB]
    ^--   TxLog region [used=0MB, free=100%, comm=0MB]
    ^--   Default_Region region [used=0MB, free=100%, comm=0MB]
    ^-- Outbound messages queue [size=0]
    ^-- Public thread pool [active=0, idle=0, qSize=0]
    ^-- System thread pool [active=0, idle=0, qSize=0]
2021-Oct-08 Fri 00:22:24.351 INFO  - org.apache.ignite.internal.IgniteKernal%AAUS341JSTCR - {} 
Metrics for local node (to disable set 'metricsLogFrequency' to 0)
    ^-- Node [id=051661e7, name=AAUS341JSTCR, uptime=1 day, 02:13:58.604]
    ^-- H/N/C [hosts=2, nodes=6, CPUs=16]
    ^-- CPU [cur=-100%, avg=-99.99%, GC=0%]
    ^-- PageMemory [pages=0]
    ^-- Heap [used=904MB, free=77.69%, comm=1861MB]
    ^-- Off-heap [used=0MB, free=100%, comm=0MB]
    ^--   sysMemPlc region [used=0MB, free=100%, comm=0MB]
    ^--   TxLog region [used=0MB, free=100%, comm=0MB]
    ^--   Default_Region region [used=0MB, free=100%, comm=0MB]
    ^-- Outbound messages queue [size=0]
    ^-- Public thread pool [active=0, idle=0, qSize=0]
    ^-- System thread pool [active=0, idle=0, qSize=0]
2021-Oct-08 Fri 00:23:24.358 INFO  - org.apache.ignite.internal.IgniteKernal%AAUS341JSTCR - {} 
Metrics for local node (to disable set 'metricsLogFrequency' to 0)
    ^-- Node [id=051661e7, name=AAUS341JSTCR, uptime=1 day, 02:14:58.611]
    ^-- H/N/C [hosts=2, nodes=6, CPUs=16]
    ^-- CPU [cur=-100%, avg=-99.99%, GC=0%]
    ^-- PageMemory [pages=0]
    ^-- Heap [used=954MB, free=76.46%, comm=1861MB]
    ^-- Off-heap [used=0MB, free=100%, comm=0MB]
    ^--   sysMemPlc region [used=0MB, free=100%, comm=0MB]
    ^--   TxLog region [used=0MB, free=100%, comm=0MB]
    ^--   Default_Region region [used=0MB, free=100%, comm=0MB]
    ^-- Outbound messages queue [size=0]
    ^-- Public thread pool [active=0, idle=0, qSize=0]
    ^-- System thread pool [active=0, idle=0, qSize=0]
2021-Oct-08 Fri 00:24:24.360 INFO  - org.apache.ignite.internal.IgniteKernal%AAUS341JSTCR - {} 
Metrics for local node (to disable set 'metricsLogFrequency' to 0)
    ^-- Node [id=051661e7, name=AAUS341JSTCR, uptime=1 day, 02:15:58.611]
    ^-- H/N/C [hosts=2, nodes=6, CPUs=16]
    ^-- CPU [cur=-100%, avg=-99.99%, GC=0%]
    ^-- PageMemory [pages=0]
    ^-- Heap [used=1003MB, free=75.25%, comm=1861MB]
    ^-- Off-heap [used=0MB, free=100%, comm=0MB]
    ^--   sysMemPlc region [used=0MB, free=100%, comm=0MB]
    ^--   TxLog region [used=0MB, free=100%, comm=0MB]
    ^--   Default_Region region [used=0MB, free=100%, comm=0MB]
    ^-- Outbound messages queue [size=0]
    ^-- Public thread pool [active=0, idle=0, qSize=0]
    ^-- System thread pool [active=0, idle=0, qSize=0]
2021-Oct-08 Fri 00:25:24.367 INFO  - org.apache.ignite.internal.IgniteKernal%AAUS341JSTCR - {} 
Metrics for local node (to disable set 'metricsLogFrequency' to 0)
    ^-- Node [id=051661e7, name=AAUS341JSTCR, uptime=1 day, 02:16:58.616]
    ^-- H/N/C [hosts=2, nodes=6, CPUs=16]
    ^-- CPU [cur=-100%, avg=-99.99%, GC=0%]
    ^-- PageMemory [pages=0]
    ^-- Heap [used=1056MB, free=73.94%, comm=1861MB]
    ^-- Off-heap [used=0MB, free=100%, comm=0MB]
    ^--   sysMemPlc region [used=0MB, free=100%, comm=0MB]
    ^--   TxLog region [used=0MB, free=100%, comm=0MB]
    ^--   Default_Region region [used=0MB, free=100%, comm=0MB]
    ^-- Outbound messages queue [size=0]
    ^-- Public thread pool [active=0, idle=0, qSize=0]
    ^-- System thread pool [active=0, idle=0, qSize=0]
2021-Oct-08 Fri 00:26:24.364 INFO  - org.apache.ignite.internal.IgniteKernal%AAUS341JSTCR - {} 
Metrics for local node (to disable set 'metricsLogFrequency' to 0)
    ^-- Node [id=051661e7, name=AAUS341JSTCR, uptime=1 day, 02:17:58.617]
    ^-- H/N/C [hosts=2, nodes=6, CPUs=16]
    ^-- CPU [cur=-100%, avg=-99.99%, GC=0%]
    ^-- PageMemory [pages=0]
    ^-- Heap [used=1108MB, free=72.66%, comm=1861MB]
    ^-- Off-heap [used=0MB, free=100%, comm=0MB]
    ^--   sysMemPlc region [used=0MB, free=100%, comm=0MB]
    ^--   TxLog region [used=0MB, free=100%, comm=0MB]
    ^--   Default_Region region [used=0MB, free=100%, comm=0MB]
    ^-- Outbound messages queue [size=0]
    ^-- Public thread pool [active=0, idle=0, qSize=0]
    ^-- System thread pool [active=0, idle=0, qSize=0]
2021-Oct-08 Fri 00:27:24.370 INFO  - org.apache.ignite.internal.IgniteKernal%AAUS341JSTCR - {} 
Metrics for local node (to disable set 'metricsLogFrequency' to 0)
    ^-- Node [id=051661e7, name=AAUS341JSTCR, uptime=1 day, 02:18:58.623]
    ^-- H/N/C [hosts=2, nodes=6, CPUs=16]
    ^-- CPU [cur=-100%, avg=-99.99%, GC=0%]
    ^-- PageMemory [pages=0]
    ^-- Heap [used=1156MB, free=71.48%, comm=1861MB]
    ^-- Off-heap [used=0MB, free=100%, comm=0MB]
    ^--   sysMemPlc region [used=0MB, free=100%, comm=0MB]
    ^--   TxLog region [used=0MB, free=100%, comm=0MB]
    ^--   Default_Region region [used=0MB, free=100%, comm=0MB]
    ^-- Outbound messages queue [size=0]
    ^-- Public thread pool [active=0, idle=0, qSize=0]
    ^-- System thread pool [active=0, idle=0, qSize=0]
2021-Oct-08 Fri 00:28:24.376 INFO  - org.apache.ignite.internal.IgniteKernal%AAUS341JSTCR - {} 
Metrics for local node (to disable set 'metricsLogFrequency' to 0)
    ^-- Node [id=051661e7, name=AAUS341JSTCR, uptime=1 day, 02:19:58.629]
    ^-- H/N/C [hosts=2, nodes=6, CPUs=16]
    ^-- CPU [cur=-100%, avg=-99.99%, GC=0%]
    ^-- PageMemory [pages=0]
    ^-- Heap [used=1205MB, free=70.27%, comm=1861MB]
    ^-- Off-heap [used=0MB, free=100%, comm=0MB]
    ^--   sysMemPlc region [used=0MB, free=100%, comm=0MB]
    ^--   TxLog region [used=0MB, free=100%, comm=0MB]
    ^--   Default_Region region [used=0MB, free=100%, comm=0MB]
    ^-- Outbound messages queue [size=0]
    ^-- Public thread pool [active=0, idle=0, qSize=0]
    ^-- System thread pool [active=0, idle=0, qSize=0]
2021-Oct-08 Fri 00:29:24.388 INFO  - org.apache.ignite.internal.IgniteKernal%AAUS341JSTCR - {} 
Metrics for local node (to disable set 'metricsLogFrequency' to 0)
    ^-- Node [id=051661e7, name=AAUS341JSTCR, uptime=1 day, 02:20:58.635]
    ^-- H/N/C [hosts=2, nodes=6, CPUs=16]
    ^-- CPU [cur=-100%, avg=-99.99%, GC=0%]
    ^-- PageMemory [pages=0]
    ^-- Heap [used=1254MB, free=69.06%, comm=1861MB]
    ^-- Off-heap [used=0MB, free=100%, comm=0MB]
    ^--   sysMemPlc region [used=0MB, free=100%, comm=0MB]
    ^--   TxLog region [used=0MB, free=100%, comm=0MB]
    ^--   Default_Region region [used=0MB, free=100%, comm=0MB]
    ^-- Outbound messages queue [size=0]
    ^-- Public thread pool [active=0, idle=0, qSize=0]
    ^-- System thread pool [active=0, idle=0, qSize=0]
2021-Oct-08 Fri 00:30:24.384 INFO  - org.apache.ignite.internal.IgniteKernal%AAUS341JSTCR - {} 
Metrics for local node (to disable set 'metricsLogFrequency' to 0)
    ^-- Node [id=051661e7, name=AAUS341JSTCR, uptime=1 day, 02:21:58.635]
    ^-- H/N/C [hosts=2, nodes=6, CPUs=16]
    ^-- CPU [cur=-100%, avg=-99.99%, GC=0%]
    ^-- PageMemory [pages=0]
    ^-- Heap [used=1306MB, free=67.78%, comm=1861MB]
    ^-- Off-heap [used=0MB, free=100%, comm=0MB]
    ^--   sysMemPlc region [used=0MB, free=100%, comm=0MB]
    ^--   TxLog region [used=0MB, free=100%, comm=0MB]
    ^--   Default_Region region [used=0MB, free=100%, comm=0MB]
    ^-- Outbound messages queue [size=0]
    ^-- Public thread pool [active=0, idle=0, qSize=0]
    ^-- System thread pool [active=0, idle=0, qSize=0]
2021-Oct-08 Fri 00:31:24.384 INFO  - org.apache.ignite.internal.IgniteKernal%AAUS341JSTCR - {} 
Metrics for local node (to disable set 'metricsLogFrequency' to 0)
    ^-- Node [id=051661e7, name=AAUS341JSTCR, uptime=1 day, 02:22:58.638]
    ^-- H/N/C [hosts=2, nodes=6, CPUs=16]
    ^-- CPU [cur=-100%, avg=-99.99%, GC=0%]
    ^-- PageMemory [pages=0]
    ^-- Heap [used=1360MB, free=66.45%, comm=1861MB]
    ^-- Off-heap [used=0MB, free=100%, comm=0MB]
    ^--   sysMemPlc region [used=0MB, free=100%, comm=0MB]
    ^--   TxLog region [used=0MB, free=100%, comm=0MB]
    ^--   Default_Region region [used=0MB, free=100%, comm=0MB]
    ^-- Outbound messages queue [size=0]
    ^-- Public thread pool [active=0, idle=0, qSize=0]
    ^-- System thread pool [active=0, idle=0, qSize=0]
2021-Oct-08 Fri 00:32:24.395 INFO  - org.apache.ignite.internal.IgniteKernal%AAUS341JSTCR - {} 
Metrics for local node (to disable set 'metricsLogFrequency' to 0)
    ^-- Node [id=051661e7, name=AAUS341JSTCR, uptime=1 day, 02:23:58.643]
    ^-- H/N/C [hosts=2, nodes=6, CPUs=16]
    ^-- CPU [cur=-100%, avg=-99.99%, GC=0%]
    ^-- PageMemory [pages=0]
    ^-- Heap [used=1409MB, free=65.24%, comm=1861MB]
    ^-- Off-heap [used=0MB, free=100%, comm=0MB]
    ^--   sysMemPlc region [used=0MB, free=100%, comm=0MB]
    ^--   TxLog region [used=0MB, free=100%, comm=0MB]
    ^--   Default_Region region [used=0MB, free=100%, comm=0MB]
    ^-- Outbound messages queue [size=0]
    ^-- Public thread pool [active=0, idle=0, qSize=0]
    ^-- System thread pool [active=0, idle=0, qSize=0]
2021-Oct-08 Fri 00:33:24.399 INFO  - org.apache.ignite.internal.IgniteKernal%AAUS341JSTCR - {} 
Metrics for local node (to disable set 'metricsLogFrequency' to 0)
    ^-- Node [id=051661e7, name=AAUS341JSTCR, uptime=1 day, 02:24:58.650]
    ^-- H/N/C [hosts=2, nodes=6, CPUs=16]
    ^-- CPU [cur=-100%, avg=-99.99%, GC=0%]
    ^-- PageMemory [pages=0]
    ^-- Heap [used=352MB, free=91.3%, comm=1861MB]
    ^-- Off-heap [used=0MB, free=100%, comm=0MB]
    ^--   sysMemPlc region [used=0MB, free=100%, comm=0MB]
    ^--   TxLog region [used=0MB, free=100%, comm=0MB]
    ^--   Default_Region region [used=0MB, free=100%, comm=0MB]
    ^-- Outbound messages queue [size=0]
    ^-- Public thread pool [active=0, idle=0, qSize=0]
    ^-- System thread pool [active=0, idle=0, qSize=0]
2021-Oct-08 Fri 00:34:24.403 INFO  - org.apache.ignite.internal.IgniteKernal%AAUS341JSTCR - {} 
Metrics for local node (to disable set 'metricsLogFrequency' to 0)
    ^-- Node [id=051661e7, name=AAUS341JSTCR, uptime=1 day, 02:25:58.655]
    ^-- H/N/C [hosts=2, nodes=6, CPUs=16]
    ^-- CPU [cur=-100%, avg=-99.99%, GC=0%]
    ^-- PageMemory [pages=0]
    ^-- Heap [used=400MB, free=90.12%, comm=1861MB]
    ^-- Off-heap [used=0MB, free=100%, comm=0MB]
    ^--   sysMemPlc region [used=0MB, free=100%, comm=0MB]
    ^--   TxLog region [used=0MB, free=100%, comm=0MB]
    ^--   Default_Region region [used=0MB, free=100%, comm=0MB]
    ^-- Outbound messages queue [size=0]
    ^-- Public thread pool [active=0, idle=0, qSize=0]
    ^-- System thread pool [active=0, idle=0, qSize=0]
2021-Oct-08 Fri 00:35:24.406 INFO  - org.apache.ignite.internal.IgniteKernal%AAUS341JSTCR - {} 
Metrics for local node (to disable set 'metricsLogFrequency' to 0)
    ^-- Node [id=051661e7, name=AAUS341JSTCR, uptime=1 day, 02:26:58.658]
    ^-- H/N/C [hosts=2, nodes=6, CPUs=16]
    ^-- CPU [cur=-100%, avg=-99.99%, GC=0%]
    ^-- PageMemory [pages=0]
    ^-- Heap [used=452MB, free=88.84%, comm=1861MB]
    ^-- Off-heap [used=0MB, free=100%, comm=0MB]
    ^--   sysMemPlc region [used=0MB, free=100%, comm=0MB]
    ^--   TxLog region [used=0MB, free=100%, comm=0MB]
    ^--   Default_Region region [used=0MB, free=100%, comm=0MB]
    ^-- Outbound messages queue [size=0]
    ^-- Public thread pool [active=0, idle=0, qSize=0]
    ^-- System thread pool [active=0, idle=0, qSize=0]
2021-Oct-08 Fri 00:36:24.414 INFO  - org.apache.ignite.internal.IgniteKernal%AAUS341JSTCR - {} 
Metrics for local node (to disable set 'metricsLogFrequency' to 0)
    ^-- Node [id=051661e7, name=AAUS341JSTCR, uptime=1 day, 02:27:58.666]
    ^-- H/N/C [hosts=2, nodes=6, CPUs=16]
    ^-- CPU [cur=-100%, avg=-99.99%, GC=0%]
    ^-- PageMemory [pages=0]
    ^-- Heap [used=504MB, free=87.56%, comm=1861MB]
    ^-- Off-heap [used=0MB, free=100%, comm=0MB]
    ^--   sysMemPlc region [used=0MB, free=100%, comm=0MB]
    ^--   TxLog region [used=0MB, free=100%, comm=0MB]
    ^--   Default_Region region [used=0MB, free=100%, comm=0MB]
    ^-- Outbound messages queue [size=0]
    ^-- Public thread pool [active=0, idle=0, qSize=0]
    ^-- System thread pool [active=0, idle=0, qSize=0]
2021-Oct-08 Fri 00:37:24.421 INFO  - org.apache.ignite.internal.IgniteKernal%AAUS341JSTCR - {} 
Metrics for local node (to disable set 'metricsLogFrequency' to 0)
    ^-- Node [id=051661e7, name=AAUS341JSTCR, uptime=1 day, 02:28:58.670]
    ^-- H/N/C [hosts=2, nodes=6, CPUs=16]
    ^-- CPU [cur=-100%, avg=-99.99%, GC=0%]
    ^-- PageMemory [pages=0]
    ^-- Heap [used=553MB, free=86.35%, comm=1861MB]
    ^-- Off-heap [used=0MB, free=100%, comm=0MB]
    ^--   sysMemPlc region [used=0MB, free=100%, comm=0MB]
    ^--   TxLog region [used=0MB, free=100%, comm=0MB]
    ^--   Default_Region region [used=0MB, free=100%, comm=0MB]
    ^-- Outbound messages queue [size=0]
    ^-- Public thread pool [active=0, idle=0, qSize=0]
    ^-- System thread pool [active=0, idle=0, qSize=0]
2021-Oct-08 Fri 00:38:24.423 INFO  - org.apache.ignite.internal.IgniteKernal%AAUS341JSTCR - {} 
Metrics for local node (to disable set 'metricsLogFrequency' to 0)
    ^-- Node [id=051661e7, name=AAUS341JSTCR, uptime=1 day, 02:29:58.675]
    ^-- H/N/C [hosts=2, nodes=6, CPUs=16]
    ^-- CPU [cur=-100%, avg=-99.99%, GC=0%]
    ^-- PageMemory [pages=0]
    ^-- Heap [used=601MB, free=85.16%, comm=1861MB]
    ^-- Off-heap [used=0MB, free=100%, comm=0MB]
    ^--   sysMemPlc region [used=0MB, free=100%, comm=0MB]
    ^--   TxLog region [used=0MB, free=100%, comm=0MB]
    ^--   Default_Region region [used=0MB, free=100%, comm=0MB]
    ^-- Outbound messages queue [size=0]
    ^-- Public thread pool [active=0, idle=0, qSize=0]
    ^-- System thread pool [active=0, idle=0, qSize=0]
2021-Oct-08 Fri 00:39:24.433 INFO  - org.apache.ignite.internal.IgniteKernal%AAUS341JSTCR - {} 
Metrics for local node (to disable set 'metricsLogFrequency' to 0)
    ^-- Node [id=051661e7, name=AAUS341JSTCR, uptime=1 day, 02:30:58.682]
    ^-- H/N/C [hosts=2, nodes=6, CPUs=16]
    ^-- CPU [cur=-100%, avg=-99.99%, GC=0%]
    ^-- PageMemory [pages=0]
    ^-- Heap [used=651MB, free=83.93%, comm=1861MB]
    ^-- Off-heap [used=0MB, free=100%, comm=0MB]
    ^--   sysMemPlc region [used=0MB, free=100%, comm=0MB]
    ^--   TxLog region [used=0MB, free=100%, comm=0MB]
    ^--   Default_Region region [used=0MB, free=100%, comm=0MB]
    ^-- Outbound messages queue [size=0]
    ^-- Public thread pool [active=0, idle=0, qSize=0]
    ^-- System thread pool [active=0, idle=0, qSize=0]
2021-Oct-08 Fri 00:40:24.436 INFO  - org.apache.ignite.internal.IgniteKernal%AAUS341JSTCR - {} 
Metrics for local node (to disable set 'metricsLogFrequency' to 0)
    ^-- Node [id=051661e7, name=AAUS341JSTCR, uptime=1 day, 02:31:58.690]
    ^-- H/N/C [hosts=2, nodes=6, CPUs=16]
    ^-- CPU [cur=-100%, avg=-99.99%, GC=0%]
    ^-- PageMemory [pages=0]
    ^-- Heap [used=701MB, free=82.7%, comm=1861MB]
    ^-- Off-heap [used=0MB, free=100%, comm=0MB]
    ^--   sysMemPlc region [used=0MB, free=100%, comm=0MB]
    ^--   TxLog region [used=0MB, free=100%, comm=0MB]
    ^--   Default_Region region [used=0MB, free=100%, comm=0MB]
    ^-- Outbound messages queue [size=0]
    ^-- Public thread pool [active=0, idle=0, qSize=0]
    ^-- System thread pool [active=0, idle=0, qSize=0]
2021-Oct-08 Fri 00:41:24.443 INFO  - org.apache.ignite.internal.IgniteKernal%AAUS341JSTCR - {} 
Metrics for local node (to disable set 'metricsLogFrequency' to 0)
    ^-- Node [id=051661e7, name=AAUS341JSTCR, uptime=1 day, 02:32:58.692]
    ^-- H/N/C [hosts=2, nodes=6, CPUs=16]
    ^-- CPU [cur=-100%, avg=-99.99%, GC=0%]
    ^-- PageMemory [pages=0]
    ^-- Heap [used=753MB, free=81.42%, comm=1861MB]
    ^-- Off-heap [used=0MB, free=100%, comm=0MB]
    ^--   sysMemPlc region [used=0MB, free=100%, comm=0MB]
    ^--   TxLog region [used=0MB, free=100%, comm=0MB]
    ^--   Default_Region region [used=0MB, free=100%, comm=0MB]
    ^-- Outbound messages queue [size=0]
    ^-- Public thread pool [active=0, idle=0, qSize=0]
    ^-- System thread pool [active=0, idle=0, qSize=0]
2021-Oct-08 Fri 00:42:24.444 INFO  - org.apache.ignite.internal.IgniteKernal%AAUS341JSTCR - {} 
Metrics for local node (to disable set 'metricsLogFrequency' to 0)
    ^-- Node [id=051661e7, name=AAUS341JSTCR, uptime=1 day, 02:33:58.698]
    ^-- H/N/C [hosts=2, nodes=6, CPUs=16]
    ^-- CPU [cur=-100%, avg=-99.99%, GC=0%]
    ^-- PageMemory [pages=0]
    ^-- Heap [used=802MB, free=80.21%, comm=1861MB]
    ^-- Off-heap [used=0MB, free=100%, comm=0MB]
    ^--   sysMemPlc region [used=0MB, free=100%, comm=0MB]
    ^--   TxLog region [used=0MB, free=100%, comm=0MB]
    ^--   Default_Region region [used=0MB, free=100%, comm=0MB]
    ^-- Outbound messages queue [size=0]
    ^-- Public thread pool [active=0, idle=0, qSize=0]
    ^-- System thread pool [active=0, idle=0, qSize=0]
2021-Oct-08 Fri 00:43:24.454 INFO  - org.apache.ignite.internal.IgniteKernal%AAUS341JSTCR - {} 
Metrics for local node (to disable set 'metricsLogFrequency' to 0)
    ^-- Node [id=051661e7, name=AAUS341JSTCR, uptime=1 day, 02:34:58.705]
    ^-- H/N/C [hosts=2, nodes=6, CPUs=16]
    ^-- CPU [cur=-100%, avg=-99.99%, GC=0%]
    ^-- PageMemory [pages=0]
    ^-- Heap [used=852MB, free=78.98%, comm=1861MB]
    ^-- Off-heap [used=0MB, free=100%, comm=0MB]
    ^--   sysMemPlc region [used=0MB, free=100%, comm=0MB]
    ^--   TxLog region [used=0MB, free=100%, comm=0MB]
    ^--   Default_Region region [used=0MB, free=100%, comm=0MB]
    ^-- Outbound messages queue [size=0]
    ^-- Public thread pool [active=0, idle=0, qSize=0]
    ^-- System thread pool [active=0, idle=0, qSize=0]
2021-Oct-08 Fri 00:44:24.462 INFO  - org.apache.ignite.internal.IgniteKernal%AAUS341JSTCR - {} 
Metrics for local node (to disable set 'metricsLogFrequency' to 0)
    ^-- Node [id=051661e7, name=AAUS341JSTCR, uptime=1 day, 02:35:58.707]
    ^-- H/N/C [hosts=2, nodes=6, CPUs=16]
    ^-- CPU [cur=-100%, avg=-99.99%, GC=0%]
    ^-- PageMemory [pages=0]
    ^-- Heap [used=901MB, free=77.77%, comm=1861MB]
    ^-- Off-heap [used=0MB, free=100%, comm=0MB]
    ^--   sysMemPlc region [used=0MB, free=100%, comm=0MB]
    ^--   TxLog region [used=0MB, free=100%, comm=0MB]
    ^--   Default_Region region [used=0MB, free=100%, comm=0MB]
    ^-- Outbound messages queue [size=0]
    ^-- Public thread pool [active=0, idle=0, qSize=0]
    ^-- System thread pool [active=0, idle=0, qSize=0]
2021-Oct-08 Fri 00:45:24.479 INFO  - org.apache.ignite.internal.IgniteKernal%AAUS341JSTCR - {} 
Metrics for local node (to disable set 'metricsLogFrequency' to 0)
    ^-- Node [id=051661e7, name=AAUS341JSTCR, uptime=1 day, 02:36:58.725]
    ^-- H/N/C [hosts=2, nodes=6, CPUs=16]
    ^-- CPU [cur=-100%, avg=-99.99%, GC=0%]
    ^-- PageMemory [pages=0]
    ^-- Heap [used=954MB, free=76.46%, comm=1861MB]
    ^-- Off-heap [used=0MB, free=100%, comm=0MB]
    ^--   sysMemPlc region [used=0MB, free=100%, comm=0MB]
    ^--   TxLog region [used=0MB, free=100%, comm=0MB]
    ^--   Default_Region region [used=0MB, free=100%, comm=0MB]
    ^-- Outbound messages queue [size=0]
    ^-- Public thread pool [active=0, idle=0, qSize=0]
    ^-- System thread pool [active=0, idle=0, qSize=0]
2021-Oct-08 Fri 00:46:19.526 INFO  - org.apache.ignite.internal.util.typedef.G - {} Invoking shutdown hook...
2021-Oct-08 Fri 00:46:19.984 INFO  - org.apache.ignite.internal.processors.cache.GridCacheProcessor - {} Stopped cache [cacheName=ignite-sys-cache]
2021-Oct-08 Fri 00:46:19.989 INFO  - org.apache.ignite.internal.processors.cache.GridCacheProcessor - {} Stopped cache [cacheName=wlmCache]
2021-Oct-08 Fri 00:46:20.004 INFO  - org.apache.ignite.internal.processors.cache.GridCacheProcessor - {} Stopped cache [cacheName=operationsRoomCacheAdapter]
2021-Oct-08 Fri 00:46:20.007 INFO  - org.apache.ignite.internal.processors.cache.GridCacheProcessor - {} Stopped cache [cacheName=operationsRoomExcecutionIds]
2021-Oct-08 Fri 00:46:20.009 INFO  - org.apache.ignite.internal.processors.cache.GridCacheProcessor - {} Stopped cache [cacheName=licensekeypair]
2021-Oct-08 Fri 00:46:20.013 INFO  - org.apache.ignite.internal.processors.cache.GridCacheProcessor - {} Stopped cache [cacheName=queueCache]
2021-Oct-08 Fri 00:46:20.016 INFO  - org.apache.ignite.internal.processors.cache.GridCacheProcessor - {} Stopped cache [cacheName=adSettings]
2021-Oct-08 Fri 00:46:20.019 INFO  - org.apache.ignite.internal.processors.cache.GridCacheProcessor - {} Stopped cache [cacheName=websocketConnectionCache]
2021-Oct-08 Fri 00:46:20.021 INFO  - org.apache.ignite.internal.processors.cache.GridCacheProcessor - {} Stopped cache [cacheName=prodidx]
2021-Oct-08 Fri 00:46:20.024 INFO  - org.apache.ignite.internal.processors.cache.GridCacheProcessor - {} Stopped cache [cacheName=botinsight]
2021-Oct-08 Fri 00:46:20.026 INFO  - org.apache.ignite.internal.processors.cache.GridCacheProcessor - {} Stopped cache [cacheName=botExecutionReferenceCount]
2021-Oct-08 Fri 00:46:20.030 INFO  - org.apache.ignite.internal.processors.cache.GridCacheProcessor - {} Stopped cache [cacheName=sysLogListCache]
2021-Oct-08 Fri 00:46:20.034 INFO  - org.apache.ignite.internal.processors.cache.GridCacheProcessor - {} Stopped cache [cacheName=deviceHelperCache]
2021-Oct-08 Fri 00:46:20.035 INFO  - org.apache.ignite.internal.processors.cache.GridCacheProcessor - {} Stopped cache [cacheName=poolDTOsIgniteCacheAdapter]
2021-Oct-08 Fri 00:46:20.037 INFO  - org.apache.ignite.internal.processors.cache.GridCacheProcessor - {} Stopped cache [cacheName=queueMetadataCache]
2021-Oct-08 Fri 00:46:20.038 INFO  - org.apache.ignite.internal.processors.cache.GridCacheProcessor - {} Stopped cache [cacheName=packageManifestEtagCache]
2021-Oct-08 Fri 00:46:20.041 INFO  - org.apache.ignite.internal.processors.cache.GridCacheProcessor - {} Stopped cache [cacheName=poolServiceCache]
2021-Oct-08 Fri 00:46:20.044 INFO  - org.apache.ignite.internal.processors.cache.GridCacheProcessor - {} Stopped cache [cacheName=BI_EXECUTION_CACHE]
2021-Oct-08 Fri 00:46:20.046 INFO  - org.apache.ignite.internal.processors.cache.GridCacheProcessor - {} Stopped cache [cacheName=licenseinstallationdetails]
2021-Oct-08 Fri 00:46:20.053 INFO  - org.apache.ignite.internal.processors.cache.GridCacheProcessor - {} Stopped cache [cacheName=hybridRedirectCache]
2021-Oct-08 Fri 00:46:20.057 INFO  - org.apache.ignite.internal.processors.cache.GridCacheProcessor - {} Stopped cache [cacheName=recorderSessionDataCache]
2021-Oct-08 Fri 00:46:20.060 INFO  - org.apache.ignite.internal.processors.cache.GridCacheProcessor - {} Stopped cache [cacheName=CredentialVault]
2021-Oct-08 Fri 00:46:20.076 INFO  - org.apache.ignite.internal.processors.cache.GridCacheProcessor - {} Stopped cache [cacheName=umOneTimePasswordCache]
2021-Oct-08 Fri 00:46:20.079 INFO  - org.apache.ignite.internal.processors.cache.GridCacheProcessor - {} Stopped cache [cacheName=lastWorkItemIdCache]
2021-Oct-08 Fri 00:46:20.081 INFO  - org.apache.ignite.internal.processors.cache.GridCacheProcessor - {} Stopped cache [cacheName=devicePoolServiceCache]
2021-Oct-08 Fri 00:46:20.082 INFO  - org.apache.ignite.internal.processors.cache.GridCacheProcessor - {} Stopped cache [cacheName=gitCloneProgress]
2021-Oct-08 Fri 00:46:20.084 INFO  - org.apache.ignite.internal.processors.cache.GridCacheProcessor - {} Stopped cache [cacheName=proxyAuthErrorCache]
2021-Oct-08 Fri 00:46:20.086 INFO  - org.apache.ignite.internal.processors.cache.GridCacheProcessor - {} Stopped cache [cacheName=accessToken]
2021-Oct-08 Fri 00:46:20.088 INFO  - org.apache.ignite.internal.processors.cache.GridCacheProcessor - {} Stopped cache [cacheName=gitRestoreAbort]
2021-Oct-08 Fri 00:46:20.092 INFO  - org.apache.ignite.internal.processors.cache.GridCacheProcessor - {} Stopped cache [cacheName=cacheLock]
2021-Oct-08 Fri 00:46:20.095 INFO  - org.apache.ignite.internal.processors.cache.GridCacheProcessor - {} Stopped cache [cacheName=license]
2021-Oct-08 Fri 00:46:20.097 INFO  - org.apache.ignite.internal.processors.cache.GridCacheProcessor - {} Stopped cache [cacheName=reconciledExecutionIdsCache]
2021-Oct-08 Fri 00:46:20.100 INFO  - org.apache.ignite.internal.processors.cache.GridCacheProcessor - {} Stopped cache [cacheName=statusDecoratorsCache]
2021-Oct-08 Fri 00:46:20.103 INFO  - org.apache.ignite.internal.processors.cache.GridCacheProcessor - {} Stopped cache [cacheName=deviceRefreshRequestCache]
2021-Oct-08 Fri 00:46:20.106 INFO  - org.apache.ignite.internal.processors.cache.GridCacheProcessor - {} Stopped cache [cacheName=adForestUrl]
2021-Oct-08 Fri 00:46:20.110 INFO  - org.apache.ignite.internal.processors.cache.GridCacheProcessor - {} Stopped cache [cacheName=packageDownloadUrlCache]
2021-Oct-08 Fri 00:46:20.113 INFO  - org.apache.ignite.internal.processors.cache.GridCacheProcessor - {} Stopped cache [cacheName=ecKeyCache]
2021-Oct-08 Fri 00:46:20.117 INFO  - org.apache.ignite.internal.processors.cache.GridCacheProcessor - {} Stopped cache [cacheName=datastructures_ATOMIC_PARTITIONED_2@default-ds-group, group=default-ds-group]
2021-Oct-08 Fri 00:46:20.125 INFO  - org.apache.ignite.internal.processors.cache.GridCacheProcessor - {} Stopped cache [cacheName=gitCommitLock]
2021-Oct-08 Fri 00:46:20.128 INFO  - org.apache.ignite.internal.processors.cache.GridCacheProcessor - {} Stopped cache [cacheName=migrationCache]
2021-Oct-08 Fri 00:46:20.130 INFO  - org.apache.ignite.internal.processors.cache.GridCacheProcessor - {} Stopped cache [cacheName=debuggerSessionContextCache]
2021-Oct-08 Fri 00:46:20.135 INFO  - org.apache.ignite.internal.processors.cache.GridCacheProcessor - {} Stopped cache [cacheName=repocache]
2021-Oct-08 Fri 00:46:20.139 INFO  - org.apache.ignite.internal.processors.cache.GridCacheProcessor - {} Stopped cache [cacheName=failSafeStatus]
2021-Oct-08 Fri 00:46:20.141 INFO  - org.apache.ignite.internal.processors.cache.GridCacheProcessor - {} Stopped cache [cacheName=fileDifference]
2021-Oct-08 Fri 00:46:20.143 INFO  - org.apache.ignite.internal.processors.cache.GridCacheProcessor - {} Stopped cache [cacheName=publicKeyCache]
2021-Oct-08 Fri 00:46:20.144 INFO  - org.apache.ignite.internal.processors.cache.GridCacheProcessor - {} Stopped cache [cacheName=GdprReportsStatusCache]
2021-Oct-08 Fri 00:46:20.148 INFO  - org.apache.ignite.internal.processors.cache.GridCacheProcessor - {} Stopped cache [cacheName=licenseFeature]
2021-Oct-08 Fri 00:46:20.150 INFO  - org.apache.ignite.internal.processors.cache.GridCacheProcessor - {} Stopped cache [cacheName=bibotid]
2021-Oct-08 Fri 00:46:20.152 INFO  - org.apache.ignite.internal.processors.cache.GridCacheProcessor - {} Stopped cache [cacheName=tenantUuidCache]
2021-Oct-08 Fri 00:46:20.156 INFO  - org.apache.ignite.internal.processors.cache.GridCacheProcessor - {} Stopped cache [cacheName=migrationBotFileCache]
2021-Oct-08 Fri 00:46:20.158 INFO  - org.apache.ignite.internal.processors.cache.GridCacheProcessor - {} Stopped cache [cacheName=samlCache]
2021-Oct-08 Fri 00:46:20.169 INFO  - org.apache.ignite.internal.processors.cache.GridCacheProcessor - {} Stopped cache [cacheName=captchaCache]
2021-Oct-08 Fri 00:46:20.172 INFO  - org.apache.ignite.internal.processors.cache.GridCacheProcessor - {} Stopped cache [cacheName=recorderSessionCache]
2021-Oct-08 Fri 00:46:20.175 INFO  - org.apache.ignite.internal.processors.cache.GridCacheProcessor - {} Stopped cache [cacheName=licenseSyncStatus]
2021-Oct-08 Fri 00:46:20.178 INFO  - org.apache.ignite.internal.processors.cache.GridCacheProcessor - {} Stopped cache [cacheName=botmetadata]
2021-Oct-08 Fri 00:46:20.179 INFO  - org.apache.ignite.internal.processors.cache.GridCacheProcessor - {} Stopped cache [cacheName=devidx]
2021-Oct-08 Fri 00:46:20.183 INFO  - org.apache.ignite.internal.processors.cache.GridCacheProcessor - {} Stopped cache [cacheName=nextItemCacheLock]
2021-Oct-08 Fri 00:46:20.186 INFO  - org.apache.ignite.internal.processors.cache.GridCacheProcessor - {} Stopped cache [cacheName=allowedIpAddressesCache]
2021-Oct-08 Fri 00:46:20.189 INFO  - org.apache.ignite.internal.processors.cache.GridCacheProcessor - {} Stopped cache [cacheName=licensefeaturetypeid]
2021-Oct-08 Fri 00:46:20.191 INFO  - org.apache.ignite.internal.processors.cache.GridCacheProcessor - {} Stopped cache [cacheName=ignite-sys-atomic-cache@default-ds-group, group=default-ds-group]
2021-Oct-08 Fri 00:46:20.193 INFO  - org.apache.ignite.internal.processors.cache.GridCacheProcessor - {} Stopped cache [cacheName=deviceRefreshCache]
2021-Oct-08 Fri 00:46:20.196 INFO  - org.apache.ignite.internal.processors.cache.GridCacheProcessor - {} Stopped cache [cacheName=executionIdCache]
2021-Oct-08 Fri 00:46:20.198 INFO  - org.apache.ignite.internal.processors.cache.GridCacheProcessor - {} Stopped cache [cacheName=dummyUserCache]
2021-Oct-08 Fri 00:46:20.200 INFO  - org.apache.ignite.internal.processors.cache.GridCacheProcessor - {} Stopped cache [cacheName=adForestDtos]
2021-Oct-08 Fri 00:46:20.204 INFO  - org.apache.ignite.internal.processors.cache.GridCacheProcessor - {} Stopped cache [cacheName=adSyncRoleMapping]
2021-Oct-08 Fri 00:46:20.207 INFO  - org.apache.ignite.internal.processors.cache.GridCacheProcessor - {} Stopped cache [cacheName=migrationBotCache]
2021-Oct-08 Fri 00:46:20.209 INFO  - org.apache.ignite.internal.processors.cache.GridCacheProcessor - {} Stopped cache [cacheName=runAsUserCache]
2021-Oct-08 Fri 00:46:20.704 INFO  - org.apache.ignite.internal.IgniteKernal%AAUS341JSTCR - {} 

>>> +---------------------------------------------------------------------------------+
>>> Ignite ver. 2.8.1#20201120-sha1:8776a2bef369736dbf9ab1dde7a473bd5f52cae3 stopped OK
>>> +---------------------------------------------------------------------------------+
>>> Ignite instance name: AAUS341JSTCR
>>> Grid uptime: 1 day, 02:37:54.950


