2021-Oct-07 Thu 12:29:46.895 INFO  - org.atmosphere.cpr.AtmosphereFramework - {} - Installed WebSocketProtocol org.atmosphere.websocket.protocol.SimpleHttpProtocol 
2021-Oct-07 Thu 12:29:46.982 INFO  - org.atmosphere.cpr.AtmosphereFramework - {} - Atmosphere is using org.atmosphere.cpr.DefaultAnnotationProcessor for processing annotation
2021-Oct-07 Thu 12:29:46.983 INFO  - org.atmosphere.cpr.DefaultAnnotationProcessor - {} - AnnotationProcessor class org.atmosphere.cpr.DefaultAnnotationProcessor$BytecodeBasedAnnotationProcessor being used
2021-Oct-07 Thu 12:29:47.098 INFO  - org.atmosphere.cpr.AnnotationHandler - {} - Found Annotation in class com.automationanywhere.hbc.notification.service.impl.NotificationConnectionHandler being scanned: interface org.atmosphere.config.service.ManagedService
2021-Oct-07 Thu 12:29:47.105 INFO  - org.atmosphere.annotation.AnnotationUtil - {} - Adding class org.atmosphere.interceptor.AtmosphereResourceLifecycleInterceptor
2021-Oct-07 Thu 12:29:47.106 INFO  - org.atmosphere.annotation.AnnotationUtil - {} - Adding class org.atmosphere.client.TrackMessageSizeInterceptor
2021-Oct-07 Thu 12:29:47.108 INFO  - org.atmosphere.annotation.AnnotationUtil - {} - Adding class org.atmosphere.interceptor.SuspendTrackerInterceptor
2021-Oct-07 Thu 12:29:47.108 INFO  - org.atmosphere.annotation.AnnotationUtil - {} - Adding class org.atmosphere.config.managed.ManagedServiceInterceptor
2021-Oct-07 Thu 12:29:47.126 INFO  - org.atmosphere.util.ForkJoinPool - {} - Using ForkJoinPool  java.util.concurrent.ForkJoinPool. Set the org.atmosphere.cpr.broadcaster.maxAsyncWriteThreads to -1 to fully use its power.
2021-Oct-07 Thu 12:29:47.134 INFO  - org.atmosphere.cpr.AtmosphereFramework - {} - Installed AtmosphereHandler org.atmosphere.config.managed.ManagedAtmosphereHandler mapped to context-path /v1/wsnotification/{uriUserId} and Broadcaster Class org.atmosphere.cpr.DefaultBroadcaster
2021-Oct-07 Thu 12:29:47.134 INFO  - org.atmosphere.cpr.AtmosphereFramework - {} - Installed AtmosphereInterceptor [Atmosphere LifeCycle,  Track Message Size Interceptor using |, UUID Tracking Interceptor, @ManagedService Interceptor] mapped to AtmosphereHandler org.atmosphere.config.managed.ManagedAtmosphereHandler
2021-Oct-07 Thu 12:29:47.300 INFO  - org.atmosphere.cpr.AtmosphereFramework - {} - Auto detecting WebSocketHandler in /WEB-INF/classes/
2021-Oct-07 Thu 12:29:47.304 INFO  - org.atmosphere.cpr.AtmosphereFramework - {} - Installing Default AtmosphereInterceptors
2021-Oct-07 Thu 12:29:47.305 INFO  - org.atmosphere.cpr.AtmosphereFramework - {} - 	org.atmosphere.interceptor.CorsInterceptor : CORS Interceptor Support
2021-Oct-07 Thu 12:29:47.305 INFO  - org.atmosphere.cpr.AtmosphereFramework - {} - 	org.atmosphere.interceptor.CacheHeadersInterceptor : Default Response's Headers Interceptor
2021-Oct-07 Thu 12:29:47.306 INFO  - org.atmosphere.cpr.AtmosphereFramework - {} - 	org.atmosphere.interceptor.PaddingAtmosphereInterceptor : Browser Padding Interceptor Support
2021-Oct-07 Thu 12:29:47.306 INFO  - org.atmosphere.cpr.AtmosphereFramework - {} - 	org.atmosphere.interceptor.AndroidAtmosphereInterceptor : Android Interceptor Support
2021-Oct-07 Thu 12:29:47.306 INFO  - org.atmosphere.cpr.AtmosphereFramework - {} - 	org.atmosphere.interceptor.HeartbeatInterceptor : Heartbeat Interceptor Support
2021-Oct-07 Thu 12:29:47.307 INFO  - org.atmosphere.cpr.AtmosphereFramework - {} - 	org.atmosphere.interceptor.SSEAtmosphereInterceptor : SSE Interceptor Support
2021-Oct-07 Thu 12:29:47.307 INFO  - org.atmosphere.cpr.AtmosphereFramework - {} - 	org.atmosphere.interceptor.JSONPAtmosphereInterceptor : JSONP Interceptor Support
2021-Oct-07 Thu 12:29:47.309 INFO  - org.atmosphere.cpr.AtmosphereFramework - {} - 	org.atmosphere.interceptor.JavaScriptProtocol : Atmosphere JavaScript Protocol
2021-Oct-07 Thu 12:29:47.309 INFO  - org.atmosphere.cpr.AtmosphereFramework - {} - 	org.atmosphere.interceptor.WebSocketMessageSuspendInterceptor : org.atmosphere.interceptor.WebSocketMessageSuspendInterceptor
2021-Oct-07 Thu 12:29:47.309 INFO  - org.atmosphere.cpr.AtmosphereFramework - {} - 	org.atmosphere.interceptor.OnDisconnectInterceptor : Browser disconnection detection
2021-Oct-07 Thu 12:29:47.310 INFO  - org.atmosphere.cpr.AtmosphereFramework - {} - 	org.atmosphere.interceptor.IdleResourceInterceptor : org.atmosphere.interceptor.IdleResourceInterceptor
2021-Oct-07 Thu 12:29:47.311 INFO  - org.atmosphere.cpr.AtmosphereFramework - {} - Set org.atmosphere.cpr.AtmosphereInterceptor.disableDefaults to disable them.
2021-Oct-07 Thu 12:29:47.311 INFO  - org.atmosphere.interceptor.HeartbeatInterceptor - {} - HeartbeatInterceptor configured with padding value 'X', client frequency 10 seconds and server frequency 0 seconds
2021-Oct-07 Thu 12:29:47.311 INFO  - org.atmosphere.cpr.AtmosphereFramework - {} - Installed AtmosphereInterceptor Heartbeat Interceptor Support with priority AFTER_DEFAULT 
2021-Oct-07 Thu 12:29:47.311 INFO  - org.atmosphere.cpr.AtmosphereFramework - {} - Installed AtmosphereInterceptor com.automationanywhere.realtimeservice.interceptor.AuthenticationAtmosphereInterceptor with priority AFTER_DEFAULT 
2021-Oct-07 Thu 12:29:47.311 INFO  - org.atmosphere.cpr.AtmosphereFramework - {} - Installed AtmosphereInterceptor CORS Interceptor Support with priority FIRST_BEFORE_DEFAULT 
2021-Oct-07 Thu 12:29:47.311 INFO  - org.atmosphere.cpr.AtmosphereFramework - {} - Installed AtmosphereInterceptor Default Response's Headers Interceptor with priority AFTER_DEFAULT 
2021-Oct-07 Thu 12:29:47.312 INFO  - org.atmosphere.cpr.AtmosphereFramework - {} - Installed AtmosphereInterceptor Browser Padding Interceptor Support with priority AFTER_DEFAULT 
2021-Oct-07 Thu 12:29:47.312 INFO  - org.atmosphere.cpr.AtmosphereFramework - {} - Installed AtmosphereInterceptor Android Interceptor Support with priority AFTER_DEFAULT 
2021-Oct-07 Thu 12:29:47.312 INFO  - org.atmosphere.interceptor.HeartbeatInterceptor - {} - HeartbeatInterceptor configured with padding value 'X', client frequency 10 seconds and server frequency 0 seconds
2021-Oct-07 Thu 12:29:47.312 INFO  - org.atmosphere.cpr.AtmosphereFramework - {} - Installed AtmosphereInterceptor Heartbeat Interceptor Support with priority AFTER_DEFAULT 
2021-Oct-07 Thu 12:29:47.312 INFO  - org.atmosphere.cpr.AtmosphereFramework - {} - Installed AtmosphereInterceptor SSE Interceptor Support with priority AFTER_DEFAULT 
2021-Oct-07 Thu 12:29:47.312 INFO  - org.atmosphere.cpr.AtmosphereFramework - {} - Installed AtmosphereInterceptor JSONP Interceptor Support with priority AFTER_DEFAULT 
2021-Oct-07 Thu 12:29:47.312 INFO  - org.atmosphere.cpr.AtmosphereFramework - {} - Installed AtmosphereInterceptor Atmosphere JavaScript Protocol with priority AFTER_DEFAULT 
2021-Oct-07 Thu 12:29:47.312 INFO  - org.atmosphere.cpr.AtmosphereFramework - {} - Installed AtmosphereInterceptor org.atmosphere.interceptor.WebSocketMessageSuspendInterceptor with priority AFTER_DEFAULT 
2021-Oct-07 Thu 12:29:47.313 INFO  - org.atmosphere.cpr.AtmosphereFramework - {} - Installed AtmosphereInterceptor Browser disconnection detection with priority AFTER_DEFAULT 
2021-Oct-07 Thu 12:29:47.313 INFO  - org.atmosphere.cpr.AtmosphereFramework - {} - Installed AtmosphereInterceptor org.atmosphere.interceptor.IdleResourceInterceptor with priority BEFORE_DEFAULT 
2021-Oct-07 Thu 12:29:47.314 INFO  - org.atmosphere.cpr.AtmosphereFramework - {} - Using EndpointMapper class org.atmosphere.util.DefaultEndpointMapper
2021-Oct-07 Thu 12:29:47.314 INFO  - org.atmosphere.cpr.AtmosphereFramework - {} - Using BroadcasterCache: org.atmosphere.cache.UUIDBroadcasterCache
2021-Oct-07 Thu 12:29:47.314 INFO  - org.atmosphere.cpr.AtmosphereFramework - {} - Default Broadcaster Class: org.atmosphere.cpr.DefaultBroadcaster
2021-Oct-07 Thu 12:29:47.314 INFO  - org.atmosphere.cpr.AtmosphereFramework - {} - Broadcaster Shared List Resources: false
2021-Oct-07 Thu 12:29:47.314 INFO  - org.atmosphere.cpr.AtmosphereFramework - {} - Broadcaster Polling Wait Time 100
2021-Oct-07 Thu 12:29:47.314 INFO  - org.atmosphere.cpr.AtmosphereFramework - {} - Shared ExecutorService supported: true
2021-Oct-07 Thu 12:29:47.315 INFO  - org.atmosphere.cpr.AtmosphereFramework - {} - Messaging ExecutorService Pool Size unavailable - Not instance of ThreadPoolExecutor
2021-Oct-07 Thu 12:29:47.315 INFO  - org.atmosphere.cpr.AtmosphereFramework - {} - Async I/O Thread Pool Size: 200
2021-Oct-07 Thu 12:29:47.315 INFO  - org.atmosphere.cpr.AtmosphereFramework - {} - Using BroadcasterFactory: org.atmosphere.cpr.DefaultBroadcasterFactory
2021-Oct-07 Thu 12:29:47.315 INFO  - org.atmosphere.cpr.AtmosphereFramework - {} - Using AtmosphereResurceFactory: org.atmosphere.cpr.DefaultAtmosphereResourceFactory
2021-Oct-07 Thu 12:29:47.315 INFO  - org.atmosphere.cpr.AtmosphereFramework - {} - Using WebSocketProcessor: com.automationanywhere.realtimeservice.processor.EnhancedWebSocketProcessor
2021-Oct-07 Thu 12:29:47.315 INFO  - org.atmosphere.cpr.AtmosphereFramework - {} - Invoke AtmosphereInterceptor on WebSocket message true
2021-Oct-07 Thu 12:29:47.315 INFO  - org.atmosphere.cpr.AtmosphereFramework - {} - HttpSession supported: false
2021-Oct-07 Thu 12:29:47.315 INFO  - org.atmosphere.cpr.AtmosphereFramework - {} - Atmosphere is using org.atmosphere.inject.InjectableObjectFactory for dependency injection and object creation
2021-Oct-07 Thu 12:29:47.315 INFO  - org.atmosphere.cpr.AtmosphereFramework - {} - Atmosphere is using async support: org.atmosphere.container.Jetty9AsyncSupportWithWebSocket running under container: jetty/9.4.40.v20210413 with WebSocket enabled.
2021-Oct-07 Thu 12:29:47.317 INFO  - org.atmosphere.cpr.AtmosphereFramework - {} - Atmosphere Framework 2.5.3 started.
2021-Oct-07 Thu 12:29:47.317 INFO  - org.atmosphere.cpr.AtmosphereFramework - {} - 

	For Atmosphere Framework Commercial Support, visit 
	http://www.async-io.org/ or send an email to support@async-io.org

2021-Oct-07 Thu 12:29:47.617 INFO  - org.atmosphere.cpr.AtmosphereFramework - {} - Latest version of Atmosphere's JavaScript Client 3.1.2
2021-Oct-07 Thu 12:29:47.617 INFO  - org.atmosphere.cpr.AtmosphereFramework - {} - 

	Atmosphere Framework Updates:
	Major Update available (new features): 2.7.2
