2021-Oct-11 Mon 03:29:43.197 [ActiveMQ Transport: tcp:///2600:1700:e840:22b0:5c:a315:fdc:5080:5672@51605] xxxxxxxx-xxxx-xxxx-xxxx-xxxxxxxxxxxx - WARN  - org.apache.activemq.transport.failover.FailoverTransport - Transport (tcp://[2600:1700:e840:22b0:5c:a315:fdc:5080]:5672) failed , attempting to automatically reconnect: {} java.net.SocketException: Software caused connection abort: recv failed
	at java.net.SocketInputStream.socketRead0(Native Method) ~[?:?]
	at java.net.SocketInputStream.socketRead(SocketInputStream.java:115) ~[?:?]
	at java.net.SocketInputStream.read(SocketInputStream.java:168) ~[?:?]
	at java.net.SocketInputStream.read(SocketInputStream.java:140) ~[?:?]
	at org.apache.activemq.transport.tcp.TcpBufferedInputStream.fill(TcpBufferedInputStream.java:50) ~[process-discovery.jar:?]
	at org.apache.activemq.transport.tcp.TcpTransport$2.fill(TcpTransport.java:634) ~[process-discovery.jar:?]
	at org.apache.activemq.transport.tcp.TcpBufferedInputStream.read(TcpBufferedInputStream.java:59) ~[process-discovery.jar:?]
	at org.apache.activemq.transport.tcp.TcpTransport$2.read(TcpTransport.java:619) ~[process-discovery.jar:?]
	at java.io.DataInputStream.readInt(DataInputStream.java:392) ~[?:?]
	at org.apache.activemq.openwire.OpenWireFormat.unmarshal(OpenWireFormat.java:268) ~[process-discovery.jar:?]
	at org.apache.activemq.transport.tcp.TcpTransport.readCommand(TcpTransport.java:240) ~[process-discovery.jar:?]
	at org.apache.activemq.transport.tcp.TcpTransport.doRun(TcpTransport.java:232) ~[process-discovery.jar:?]
	at org.apache.activemq.transport.tcp.TcpTransport.run(TcpTransport.java:215) [process-discovery.jar:?]
	at java.lang.Thread.run(Thread.java:829) [?:?]

2021-Oct-11 Mon 03:29:43.197 [ActiveMQ Transport: tcp:///2600:1700:e840:22b0:5c:a315:fdc:5080:5672@53026] xxxxxxxx-xxxx-xxxx-xxxx-xxxxxxxxxxxx - WARN  - org.apache.activemq.transport.failover.FailoverTransport - Transport (tcp://[2600:1700:e840:22b0:5c:a315:fdc:5080]:5672) failed , attempting to automatically reconnect: {} java.net.SocketException: Software caused connection abort: recv failed
	at java.net.SocketInputStream.socketRead0(Native Method) ~[?:?]
	at java.net.SocketInputStream.socketRead(SocketInputStream.java:115) ~[?:?]
	at java.net.SocketInputStream.read(SocketInputStream.java:168) ~[?:?]
	at java.net.SocketInputStream.read(SocketInputStream.java:140) ~[?:?]
	at org.apache.activemq.transport.tcp.TcpBufferedInputStream.fill(TcpBufferedInputStream.java:50) ~[process-discovery.jar:?]
	at org.apache.activemq.transport.tcp.TcpTransport$2.fill(TcpTransport.java:634) ~[process-discovery.jar:?]
	at org.apache.activemq.transport.tcp.TcpBufferedInputStream.read(TcpBufferedInputStream.java:59) ~[process-discovery.jar:?]
	at org.apache.activemq.transport.tcp.TcpTransport$2.read(TcpTransport.java:619) ~[process-discovery.jar:?]
	at java.io.DataInputStream.readInt(DataInputStream.java:392) ~[?:?]
	at org.apache.activemq.openwire.OpenWireFormat.unmarshal(OpenWireFormat.java:268) ~[process-discovery.jar:?]
	at org.apache.activemq.transport.tcp.TcpTransport.readCommand(TcpTransport.java:240) ~[process-discovery.jar:?]
	at org.apache.activemq.transport.tcp.TcpTransport.doRun(TcpTransport.java:232) ~[process-discovery.jar:?]
	at org.apache.activemq.transport.tcp.TcpTransport.run(TcpTransport.java:215) [process-discovery.jar:?]
	at java.lang.Thread.run(Thread.java:829) [?:?]

2021-Oct-11 Mon 03:29:43.196 [ActiveMQ Transport: tcp:///2600:1700:e840:22b0:5c:a315:fdc:5080:5672@63138] xxxxxxxx-xxxx-xxxx-xxxx-xxxxxxxxxxxx - WARN  - org.apache.activemq.transport.failover.FailoverTransport - Transport (tcp://[2600:1700:e840:22b0:5c:a315:fdc:5080]:5672) failed , attempting to automatically reconnect: {} java.net.SocketException: Software caused connection abort: recv failed
	at java.net.SocketInputStream.socketRead0(Native Method) ~[?:?]
	at java.net.SocketInputStream.socketRead(SocketInputStream.java:115) ~[?:?]
	at java.net.SocketInputStream.read(SocketInputStream.java:168) ~[?:?]
	at java.net.SocketInputStream.read(SocketInputStream.java:140) ~[?:?]
	at org.apache.activemq.transport.tcp.TcpBufferedInputStream.fill(TcpBufferedInputStream.java:50) ~[process-discovery.jar:?]
	at org.apache.activemq.transport.tcp.TcpTransport$2.fill(TcpTransport.java:634) ~[process-discovery.jar:?]
	at org.apache.activemq.transport.tcp.TcpBufferedInputStream.read(TcpBufferedInputStream.java:59) ~[process-discovery.jar:?]
	at org.apache.activemq.transport.tcp.TcpTransport$2.read(TcpTransport.java:619) ~[process-discovery.jar:?]
	at java.io.DataInputStream.readInt(DataInputStream.java:392) ~[?:?]
	at org.apache.activemq.openwire.OpenWireFormat.unmarshal(OpenWireFormat.java:268) ~[process-discovery.jar:?]
	at org.apache.activemq.transport.tcp.TcpTransport.readCommand(TcpTransport.java:240) ~[process-discovery.jar:?]
	at org.apache.activemq.transport.tcp.TcpTransport.doRun(TcpTransport.java:232) ~[process-discovery.jar:?]
	at org.apache.activemq.transport.tcp.TcpTransport.run(TcpTransport.java:215) [process-discovery.jar:?]
	at java.lang.Thread.run(Thread.java:829) [?:?]

2021-Oct-11 Mon 03:29:43.197 [ActiveMQ Transport: tcp:///2600:1700:e840:22b0:5c:a315:fdc:5080:5672@55632] xxxxxxxx-xxxx-xxxx-xxxx-xxxxxxxxxxxx - WARN  - org.apache.activemq.transport.failover.FailoverTransport - Transport (tcp://[2600:1700:e840:22b0:5c:a315:fdc:5080]:5672) failed , attempting to automatically reconnect: {} java.net.SocketException: Software caused connection abort: recv failed
	at java.net.SocketInputStream.socketRead0(Native Method) ~[?:?]
	at java.net.SocketInputStream.socketRead(SocketInputStream.java:115) ~[?:?]
	at java.net.SocketInputStream.read(SocketInputStream.java:168) ~[?:?]
	at java.net.SocketInputStream.read(SocketInputStream.java:140) ~[?:?]
	at org.apache.activemq.transport.tcp.TcpBufferedInputStream.fill(TcpBufferedInputStream.java:50) ~[process-discovery.jar:?]
	at org.apache.activemq.transport.tcp.TcpTransport$2.fill(TcpTransport.java:634) ~[process-discovery.jar:?]
	at org.apache.activemq.transport.tcp.TcpBufferedInputStream.read(TcpBufferedInputStream.java:59) ~[process-discovery.jar:?]
	at org.apache.activemq.transport.tcp.TcpTransport$2.read(TcpTransport.java:619) ~[process-discovery.jar:?]
	at java.io.DataInputStream.readInt(DataInputStream.java:392) ~[?:?]
	at org.apache.activemq.openwire.OpenWireFormat.unmarshal(OpenWireFormat.java:268) ~[process-discovery.jar:?]
	at org.apache.activemq.transport.tcp.TcpTransport.readCommand(TcpTransport.java:240) ~[process-discovery.jar:?]
	at org.apache.activemq.transport.tcp.TcpTransport.doRun(TcpTransport.java:232) ~[process-discovery.jar:?]
	at org.apache.activemq.transport.tcp.TcpTransport.run(TcpTransport.java:215) [process-discovery.jar:?]
	at java.lang.Thread.run(Thread.java:829) [?:?]

2021-Oct-11 Mon 03:29:43.540 [ActiveMQ Transport: tcp:///2600:1700:e840:22b0:5c:a315:fdc:5080:5672@55629] xxxxxxxx-xxxx-xxxx-xxxx-xxxxxxxxxxxx - WARN  - org.apache.activemq.transport.failover.FailoverTransport - Transport (tcp://[2600:1700:e840:22b0:5c:a315:fdc:5080]:5672) failed , attempting to automatically reconnect: {} java.net.SocketException: Software caused connection abort: recv failed
	at java.net.SocketInputStream.socketRead0(Native Method) ~[?:?]
	at java.net.SocketInputStream.socketRead(SocketInputStream.java:115) ~[?:?]
	at java.net.SocketInputStream.read(SocketInputStream.java:168) ~[?:?]
	at java.net.SocketInputStream.read(SocketInputStream.java:140) ~[?:?]
	at org.apache.activemq.transport.tcp.TcpBufferedInputStream.fill(TcpBufferedInputStream.java:50) ~[process-discovery.jar:?]
	at org.apache.activemq.transport.tcp.TcpTransport$2.fill(TcpTransport.java:634) ~[process-discovery.jar:?]
	at org.apache.activemq.transport.tcp.TcpBufferedInputStream.read(TcpBufferedInputStream.java:59) ~[process-discovery.jar:?]
	at org.apache.activemq.transport.tcp.TcpTransport$2.read(TcpTransport.java:619) ~[process-discovery.jar:?]
	at java.io.DataInputStream.readInt(DataInputStream.java:392) ~[?:?]
	at org.apache.activemq.openwire.OpenWireFormat.unmarshal(OpenWireFormat.java:268) ~[process-discovery.jar:?]
	at org.apache.activemq.transport.tcp.TcpTransport.readCommand(TcpTransport.java:240) ~[process-discovery.jar:?]
	at org.apache.activemq.transport.tcp.TcpTransport.doRun(TcpTransport.java:232) ~[process-discovery.jar:?]
	at org.apache.activemq.transport.tcp.TcpTransport.run(TcpTransport.java:215) [process-discovery.jar:?]
	at java.lang.Thread.run(Thread.java:829) [?:?]

2021-Oct-11 Mon 09:46:09.007 [ActiveMQ Transport: tcp:///2600:1700:e840:22b0:0:0:0:23:5672@64494] xxxxxxxx-xxxx-xxxx-xxxx-xxxxxxxxxxxx - WARN  - org.apache.activemq.transport.failover.FailoverTransport - Transport (tcp://[2600:1700:e840:22b0:0:0:0:23]:5672) failed , attempting to automatically reconnect: {} java.net.SocketException: Software caused connection abort: recv failed
	at java.net.SocketInputStream.socketRead0(Native Method) ~[?:?]
	at java.net.SocketInputStream.socketRead(SocketInputStream.java:115) ~[?:?]
	at java.net.SocketInputStream.read(SocketInputStream.java:168) ~[?:?]
	at java.net.SocketInputStream.read(SocketInputStream.java:140) ~[?:?]
	at org.apache.activemq.transport.tcp.TcpBufferedInputStream.fill(TcpBufferedInputStream.java:50) ~[process-discovery.jar:?]
	at org.apache.activemq.transport.tcp.TcpTransport$2.fill(TcpTransport.java:634) ~[process-discovery.jar:?]
	at org.apache.activemq.transport.tcp.TcpBufferedInputStream.read(TcpBufferedInputStream.java:59) ~[process-discovery.jar:?]
	at org.apache.activemq.transport.tcp.TcpTransport$2.read(TcpTransport.java:619) ~[process-discovery.jar:?]
	at java.io.DataInputStream.readInt(DataInputStream.java:392) ~[?:?]
	at org.apache.activemq.openwire.OpenWireFormat.unmarshal(OpenWireFormat.java:268) ~[process-discovery.jar:?]
	at org.apache.activemq.transport.tcp.TcpTransport.readCommand(TcpTransport.java:240) ~[process-discovery.jar:?]
	at org.apache.activemq.transport.tcp.TcpTransport.doRun(TcpTransport.java:232) ~[process-discovery.jar:?]
	at org.apache.activemq.transport.tcp.TcpTransport.run(TcpTransport.java:215) [process-discovery.jar:?]
	at java.lang.Thread.run(Thread.java:829) [?:?]

2021-Oct-11 Mon 09:46:09.007 [ActiveMQ Transport: tcp:///2600:1700:e840:22b0:0:0:0:23:5672@64496] xxxxxxxx-xxxx-xxxx-xxxx-xxxxxxxxxxxx - WARN  - org.apache.activemq.transport.failover.FailoverTransport - Transport (tcp://[2600:1700:e840:22b0:0:0:0:23]:5672) failed , attempting to automatically reconnect: {} java.net.SocketException: Software caused connection abort: recv failed
	at java.net.SocketInputStream.socketRead0(Native Method) ~[?:?]
	at java.net.SocketInputStream.socketRead(SocketInputStream.java:115) ~[?:?]
	at java.net.SocketInputStream.read(SocketInputStream.java:168) ~[?:?]
	at java.net.SocketInputStream.read(SocketInputStream.java:140) ~[?:?]
	at org.apache.activemq.transport.tcp.TcpBufferedInputStream.fill(TcpBufferedInputStream.java:50) ~[process-discovery.jar:?]
	at org.apache.activemq.transport.tcp.TcpTransport$2.fill(TcpTransport.java:634) ~[process-discovery.jar:?]
	at org.apache.activemq.transport.tcp.TcpBufferedInputStream.read(TcpBufferedInputStream.java:59) ~[process-discovery.jar:?]
	at org.apache.activemq.transport.tcp.TcpTransport$2.read(TcpTransport.java:619) ~[process-discovery.jar:?]
	at java.io.DataInputStream.readInt(DataInputStream.java:392) ~[?:?]
	at org.apache.activemq.openwire.OpenWireFormat.unmarshal(OpenWireFormat.java:268) ~[process-discovery.jar:?]
	at org.apache.activemq.transport.tcp.TcpTransport.readCommand(TcpTransport.java:240) ~[process-discovery.jar:?]
	at org.apache.activemq.transport.tcp.TcpTransport.doRun(TcpTransport.java:232) ~[process-discovery.jar:?]
	at org.apache.activemq.transport.tcp.TcpTransport.run(TcpTransport.java:215) [process-discovery.jar:?]
	at java.lang.Thread.run(Thread.java:829) [?:?]

2021-Oct-11 Mon 09:46:14.636 [ActiveMQ Transport: tcp:///10.10.10.96:5672@56037] xxxxxxxx-xxxx-xxxx-xxxx-xxxxxxxxxxxx - WARN  - org.apache.activemq.transport.failover.FailoverTransport - Transport (tcp://10.10.10.96:5672) failed , attempting to automatically reconnect: {} java.net.SocketException: Software caused connection abort: recv failed
	at java.net.SocketInputStream.socketRead0(Native Method) ~[?:?]
	at java.net.SocketInputStream.socketRead(SocketInputStream.java:115) ~[?:?]
	at java.net.SocketInputStream.read(SocketInputStream.java:168) ~[?:?]
	at java.net.SocketInputStream.read(SocketInputStream.java:140) ~[?:?]
	at org.apache.activemq.transport.tcp.TcpBufferedInputStream.fill(TcpBufferedInputStream.java:50) ~[process-discovery.jar:?]
	at org.apache.activemq.transport.tcp.TcpTransport$2.fill(TcpTransport.java:634) ~[process-discovery.jar:?]
	at org.apache.activemq.transport.tcp.TcpBufferedInputStream.read(TcpBufferedInputStream.java:59) ~[process-discovery.jar:?]
	at org.apache.activemq.transport.tcp.TcpTransport$2.read(TcpTransport.java:619) ~[process-discovery.jar:?]
	at java.io.DataInputStream.readInt(DataInputStream.java:392) ~[?:?]
	at org.apache.activemq.openwire.OpenWireFormat.unmarshal(OpenWireFormat.java:268) ~[process-discovery.jar:?]
	at org.apache.activemq.transport.tcp.TcpTransport.readCommand(TcpTransport.java:240) ~[process-discovery.jar:?]
	at org.apache.activemq.transport.tcp.TcpTransport.doRun(TcpTransport.java:232) ~[process-discovery.jar:?]
	at org.apache.activemq.transport.tcp.TcpTransport.run(TcpTransport.java:215) [process-discovery.jar:?]
	at java.lang.Thread.run(Thread.java:829) [?:?]

2021-Oct-11 Mon 09:46:14.636 [ActiveMQ Transport: tcp:///10.10.10.96:5672@56034] xxxxxxxx-xxxx-xxxx-xxxx-xxxxxxxxxxxx - WARN  - org.apache.activemq.transport.failover.FailoverTransport - Transport (tcp://10.10.10.96:5672) failed , attempting to automatically reconnect: {} java.net.SocketException: Software caused connection abort: recv failed
	at java.net.SocketInputStream.socketRead0(Native Method) ~[?:?]
	at java.net.SocketInputStream.socketRead(SocketInputStream.java:115) ~[?:?]
	at java.net.SocketInputStream.read(SocketInputStream.java:168) ~[?:?]
	at java.net.SocketInputStream.read(SocketInputStream.java:140) ~[?:?]
	at org.apache.activemq.transport.tcp.TcpBufferedInputStream.fill(TcpBufferedInputStream.java:50) ~[process-discovery.jar:?]
	at org.apache.activemq.transport.tcp.TcpTransport$2.fill(TcpTransport.java:634) ~[process-discovery.jar:?]
	at org.apache.activemq.transport.tcp.TcpBufferedInputStream.read(TcpBufferedInputStream.java:59) ~[process-discovery.jar:?]
	at org.apache.activemq.transport.tcp.TcpTransport$2.read(TcpTransport.java:619) ~[process-discovery.jar:?]
	at java.io.DataInputStream.readInt(DataInputStream.java:392) ~[?:?]
	at org.apache.activemq.openwire.OpenWireFormat.unmarshal(OpenWireFormat.java:268) ~[process-discovery.jar:?]
	at org.apache.activemq.transport.tcp.TcpTransport.readCommand(TcpTransport.java:240) ~[process-discovery.jar:?]
	at org.apache.activemq.transport.tcp.TcpTransport.doRun(TcpTransport.java:232) ~[process-discovery.jar:?]
	at org.apache.activemq.transport.tcp.TcpTransport.run(TcpTransport.java:215) [process-discovery.jar:?]
	at java.lang.Thread.run(Thread.java:829) [?:?]

2021-Oct-11 Mon 09:46:14.636 [ActiveMQ Transport: tcp:///10.10.10.96:5672@56039] xxxxxxxx-xxxx-xxxx-xxxx-xxxxxxxxxxxx - WARN  - org.apache.activemq.transport.failover.FailoverTransport - Transport (tcp://10.10.10.96:5672) failed , attempting to automatically reconnect: {} java.net.SocketException: Software caused connection abort: recv failed
	at java.net.SocketInputStream.socketRead0(Native Method) ~[?:?]
	at java.net.SocketInputStream.socketRead(SocketInputStream.java:115) ~[?:?]
	at java.net.SocketInputStream.read(SocketInputStream.java:168) ~[?:?]
	at java.net.SocketInputStream.read(SocketInputStream.java:140) ~[?:?]
	at org.apache.activemq.transport.tcp.TcpBufferedInputStream.fill(TcpBufferedInputStream.java:50) ~[process-discovery.jar:?]
	at org.apache.activemq.transport.tcp.TcpTransport$2.fill(TcpTransport.java:634) ~[process-discovery.jar:?]
	at org.apache.activemq.transport.tcp.TcpBufferedInputStream.read(TcpBufferedInputStream.java:59) ~[process-discovery.jar:?]
	at org.apache.activemq.transport.tcp.TcpTransport$2.read(TcpTransport.java:619) ~[process-discovery.jar:?]
	at java.io.DataInputStream.readInt(DataInputStream.java:392) ~[?:?]
	at org.apache.activemq.openwire.OpenWireFormat.unmarshal(OpenWireFormat.java:268) ~[process-discovery.jar:?]
	at org.apache.activemq.transport.tcp.TcpTransport.readCommand(TcpTransport.java:240) ~[process-discovery.jar:?]
	at org.apache.activemq.transport.tcp.TcpTransport.doRun(TcpTransport.java:232) ~[process-discovery.jar:?]
	at org.apache.activemq.transport.tcp.TcpTransport.run(TcpTransport.java:215) [process-discovery.jar:?]
	at java.lang.Thread.run(Thread.java:829) [?:?]

2021-Oct-11 Mon 11:34:16.545 [ActiveMQ Transport: tcp:///2600:1700:e840:22b0:0:0:0:23:5672@63632] xxxxxxxx-xxxx-xxxx-xxxx-xxxxxxxxxxxx - WARN  - org.apache.activemq.transport.failover.FailoverTransport - Transport (tcp://[2600:1700:e840:22b0:0:0:0:23]:5672) failed , attempting to automatically reconnect: {} java.net.SocketException: Software caused connection abort: recv failed
	at java.net.SocketInputStream.socketRead0(Native Method) ~[?:?]
	at java.net.SocketInputStream.socketRead(SocketInputStream.java:115) ~[?:?]
	at java.net.SocketInputStream.read(SocketInputStream.java:168) ~[?:?]
	at java.net.SocketInputStream.read(SocketInputStream.java:140) ~[?:?]
	at org.apache.activemq.transport.tcp.TcpBufferedInputStream.fill(TcpBufferedInputStream.java:50) ~[process-discovery.jar:?]
	at org.apache.activemq.transport.tcp.TcpTransport$2.fill(TcpTransport.java:634) ~[process-discovery.jar:?]
	at org.apache.activemq.transport.tcp.TcpBufferedInputStream.read(TcpBufferedInputStream.java:59) ~[process-discovery.jar:?]
	at org.apache.activemq.transport.tcp.TcpTransport$2.read(TcpTransport.java:619) ~[process-discovery.jar:?]
	at java.io.DataInputStream.readInt(DataInputStream.java:392) ~[?:?]
	at org.apache.activemq.openwire.OpenWireFormat.unmarshal(OpenWireFormat.java:268) ~[process-discovery.jar:?]
	at org.apache.activemq.transport.tcp.TcpTransport.readCommand(TcpTransport.java:240) ~[process-discovery.jar:?]
	at org.apache.activemq.transport.tcp.TcpTransport.doRun(TcpTransport.java:232) ~[process-discovery.jar:?]
	at org.apache.activemq.transport.tcp.TcpTransport.run(TcpTransport.java:215) [process-discovery.jar:?]
	at java.lang.Thread.run(Thread.java:829) [?:?]

2021-Oct-11 Mon 19:57:11.533 [ActiveMQ Transport: tcp:///2600:1700:e840:22b0:5c:a315:fdc:5080:5672@52279] xxxxxxxx-xxxx-xxxx-xxxx-xxxxxxxxxxxx - WARN  - org.apache.activemq.transport.failover.FailoverTransport - Transport (tcp://[2600:1700:e840:22b0:5c:a315:fdc:5080]:5672) failed , attempting to automatically reconnect: {} java.net.SocketException: Software caused connection abort: recv failed
	at java.net.SocketInputStream.socketRead0(Native Method) ~[?:?]
	at java.net.SocketInputStream.socketRead(SocketInputStream.java:115) ~[?:?]
	at java.net.SocketInputStream.read(SocketInputStream.java:168) ~[?:?]
	at java.net.SocketInputStream.read(SocketInputStream.java:140) ~[?:?]
	at org.apache.activemq.transport.tcp.TcpBufferedInputStream.fill(TcpBufferedInputStream.java:50) ~[process-discovery.jar:?]
	at org.apache.activemq.transport.tcp.TcpTransport$2.fill(TcpTransport.java:634) ~[process-discovery.jar:?]
	at org.apache.activemq.transport.tcp.TcpBufferedInputStream.read(TcpBufferedInputStream.java:59) ~[process-discovery.jar:?]
	at org.apache.activemq.transport.tcp.TcpTransport$2.read(TcpTransport.java:619) ~[process-discovery.jar:?]
	at java.io.DataInputStream.readInt(DataInputStream.java:392) ~[?:?]
	at org.apache.activemq.openwire.OpenWireFormat.unmarshal(OpenWireFormat.java:268) ~[process-discovery.jar:?]
	at org.apache.activemq.transport.tcp.TcpTransport.readCommand(TcpTransport.java:240) ~[process-discovery.jar:?]
	at org.apache.activemq.transport.tcp.TcpTransport.doRun(TcpTransport.java:232) ~[process-discovery.jar:?]
	at org.apache.activemq.transport.tcp.TcpTransport.run(TcpTransport.java:215) [process-discovery.jar:?]
	at java.lang.Thread.run(Thread.java:829) [?:?]

