2021-Oct-07 Thu 09:44:49.955 ERROR - com.automationanywhere.common.util.logutil.LogUtil - {defaultTenant=true, sampled=true, spanId=55f5d99ce7d910c5, tenantUuid=d8367b5e-9541-4eb9-a8a0-5fca1f782a1f, traceId=55f5d99ce7d910c5} - logException(LogUtil.java:29) - traceId:55f5d99ce7d910c5 spanId:55f5d99ce7d910c5 url:http://aaus341jstcr/v1/botstore/session method:GET code:500 responsebody:{"code":"botstore.user.session.expired","details":"To be safe, we logged you out. Please login again.","message":"Your session expired"} com.automationanywhere.common.validation.DetailedException: Your session expired
	at com.automationanywhere.common.exceptions.ExceptionHelper.buildDetailedException(ExceptionHelper.java:75) ~[kernel-1.0.0-SNAPSHOT.jar:?]
	at com.automationanywhere.common.exceptions.helper.ResponseMapper.lambda$extractDetailedExceptionBasedOnErrorCode$2(ResponseMapper.java:175) ~[kernel-1.0.0-SNAPSHOT.jar:?]
	at java.util.Optional.map(Optional.java:265) ~[?:?]
	at com.automationanywhere.common.exceptions.helper.ResponseMapper.extractDetailedExceptionBasedOnErrorCode(ResponseMapper.java:175) ~[kernel-1.0.0-SNAPSHOT.jar:?]
	at com.automationanywhere.common.exceptions.helper.ResponseMapper.lambda$extractDetailedException$1(ResponseMapper.java:162) ~[kernel-1.0.0-SNAPSHOT.jar:?]
	at java.util.stream.ReferencePipeline$3$1.accept(ReferencePipeline.java:195) ~[?:?]
	at java.util.Spliterators$ArraySpliterator.tryAdvance(Spliterators.java:958) ~[?:?]
	at java.util.stream.ReferencePipeline.forEachWithCancel(ReferencePipeline.java:127) ~[?:?]
	at java.util.stream.AbstractPipeline.copyIntoWithCancel(AbstractPipeline.java:502) ~[?:?]
	at java.util.stream.AbstractPipeline.copyInto(AbstractPipeline.java:488) ~[?:?]
	at java.util.stream.AbstractPipeline.wrapAndCopyInto(AbstractPipeline.java:474) ~[?:?]
	at java.util.stream.FindOps$FindOp.evaluateSequential(FindOps.java:150) ~[?:?]
	at java.util.stream.AbstractPipeline.evaluate(AbstractPipeline.java:234) ~[?:?]
	at java.util.stream.ReferencePipeline.findFirst(ReferencePipeline.java:543) ~[?:?]
	at com.automationanywhere.common.exceptions.helper.ResponseMapper.extractDetailedException(ResponseMapper.java:165) ~[kernel-1.0.0-SNAPSHOT.jar:?]
	at com.automationanywhere.common.util.filter.ExceptionFilter.handleException(ExceptionFilter.java:64) ~[kernel-1.0.0-SNAPSHOT.jar:?]
	at spark.Service$1.handle(Service.java:550) ~[kernel-1.0.0-SNAPSHOT.jar:?]
	at spark.http.matching.GeneralError.modify(GeneralError.java:47) ~[kernel-1.0.0-SNAPSHOT.jar:?]
	at spark.http.matching.MatcherFilter.doFilter(MatcherFilter.java:139) ~[kernel-1.0.0-SNAPSHOT.jar:?]
	at spark.servlet.SparkFilter.doFilter(SparkFilter.java:173) ~[kernel-1.0.0-SNAPSHOT.jar:?]
	at org.eclipse.jetty.servlet.FilterHolder.doFilter(FilterHolder.java:193) ~[kernel-1.0.0-SNAPSHOT.jar:?]
	at org.eclipse.jetty.servlet.ServletHandler$Chain.doFilter(ServletHandler.java:1601) ~[kernel-1.0.0-SNAPSHOT.jar:?]
	at com.automationanywhere.common.util.filter.ContentTypeFilter.doFilter(ContentTypeFilter.java:44) ~[kernel-1.0.0-SNAPSHOT.jar:?]
	at org.eclipse.jetty.servlet.FilterHolder.doFilter(FilterHolder.java:193) ~[kernel-1.0.0-SNAPSHOT.jar:?]
	at org.eclipse.jetty.servlet.ServletHandler$Chain.doFilter(ServletHandler.java:1601) ~[kernel-1.0.0-SNAPSHOT.jar:?]
	at com.automationanywhere.common.util.filter.RequestCaptureFilter.doFilter(RequestCaptureFilter.java:62) ~[kernel-1.0.0-SNAPSHOT.jar:?]
	at org.eclipse.jetty.servlet.FilterHolder.doFilter(FilterHolder.java:193) ~[kernel-1.0.0-SNAPSHOT.jar:?]
	at org.eclipse.jetty.servlet.ServletHandler$Chain.doFilter(ServletHandler.java:1601) ~[kernel-1.0.0-SNAPSHOT.jar:?]
	at brave.servlet.TracingFilter.doFilter(TracingFilter.java:82) ~[kernel-1.0.0-SNAPSHOT.jar:?]
	at com.automationanywhere.common.util.filter.BraveDelegatingTracingFilter.doFilter(BraveDelegatingTracingFilter.java:30) ~[kernel-1.0.0-SNAPSHOT.jar:?]
	at org.eclipse.jetty.servlet.FilterHolder.doFilter(FilterHolder.java:193) ~[kernel-1.0.0-SNAPSHOT.jar:?]
	at org.eclipse.jetty.servlet.ServletHandler$Chain.doFilter(ServletHandler.java:1601) ~[kernel-1.0.0-SNAPSHOT.jar:?]
	at com.automationanywhere.common.util.filter.LocaleCaptureFilter.doFilter(LocaleCaptureFilter.java:46) ~[kernel-1.0.0-SNAPSHOT.jar:?]
	at org.eclipse.jetty.servlet.FilterHolder.doFilter(FilterHolder.java:193) ~[kernel-1.0.0-SNAPSHOT.jar:?]
	at org.eclipse.jetty.servlet.ServletHandler$Chain.doFilter(ServletHandler.java:1601) ~[kernel-1.0.0-SNAPSHOT.jar:?]
	at org.eclipse.jetty.servlet.ServletHandler.doHandle(ServletHandler.java:548) ~[kernel-1.0.0-SNAPSHOT.jar:?]
	at org.eclipse.jetty.server.handler.ScopedHandler.nextHandle(ScopedHandler.java:233) ~[kernel-1.0.0-SNAPSHOT.jar:?]
	at org.eclipse.jetty.server.session.SessionHandler.doHandle(SessionHandler.java:1624) ~[kernel-1.0.0-SNAPSHOT.jar:?]
	at org.eclipse.jetty.server.handler.ScopedHandler.nextHandle(ScopedHandler.java:233) ~[kernel-1.0.0-SNAPSHOT.jar:?]
	at org.eclipse.jetty.server.handler.ContextHandler.doHandle(ContextHandler.java:1435) ~[kernel-1.0.0-SNAPSHOT.jar:?]
	at org.eclipse.jetty.server.handler.ScopedHandler.nextScope(ScopedHandler.java:188) ~[kernel-1.0.0-SNAPSHOT.jar:?]
	at org.eclipse.jetty.servlet.ServletHandler.doScope(ServletHandler.java:501) ~[kernel-1.0.0-SNAPSHOT.jar:?]
	at org.eclipse.jetty.server.session.SessionHandler.doScope(SessionHandler.java:1594) ~[kernel-1.0.0-SNAPSHOT.jar:?]
	at org.eclipse.jetty.server.handler.ScopedHandler.nextScope(ScopedHandler.java:186) ~[kernel-1.0.0-SNAPSHOT.jar:?]
	at org.eclipse.jetty.server.handler.ContextHandler.doScope(ContextHandler.java:1350) ~[kernel-1.0.0-SNAPSHOT.jar:?]
	at org.eclipse.jetty.server.handler.ScopedHandler.handle(ScopedHandler.java:141) ~[kernel-1.0.0-SNAPSHOT.jar:?]
	at org.eclipse.jetty.server.handler.StatisticsHandler.handle(StatisticsHandler.java:179) ~[kernel-1.0.0-SNAPSHOT.jar:?]
	at org.eclipse.jetty.server.handler.ContextHandlerCollection.handle(ContextHandlerCollection.java:234) ~[kernel-1.0.0-SNAPSHOT.jar:?]
	at org.eclipse.jetty.server.handler.gzip.GzipHandler.handle(GzipHandler.java:763) ~[kernel-1.0.0-SNAPSHOT.jar:?]
	at org.eclipse.jetty.server.handler.HandlerWrapper.handle(HandlerWrapper.java:127) ~[kernel-1.0.0-SNAPSHOT.jar:?]
	at com.codahale.metrics.jetty9.InstrumentedHandler.handle(InstrumentedHandler.java:239) ~[kernel-1.0.0-SNAPSHOT.jar:?]
	at org.eclipse.jetty.server.handler.HandlerWrapper.handle(HandlerWrapper.java:127) ~[kernel-1.0.0-SNAPSHOT.jar:?]
	at org.eclipse.jetty.server.Server.handle(Server.java:516) ~[kernel-1.0.0-SNAPSHOT.jar:?]
	at org.eclipse.jetty.server.HttpChannel.lambda$handle$1(HttpChannel.java:388) ~[kernel-1.0.0-SNAPSHOT.jar:?]
	at org.eclipse.jetty.server.HttpChannel.dispatch(HttpChannel.java:633) [kernel-1.0.0-SNAPSHOT.jar:?]
	at org.eclipse.jetty.server.HttpChannel.handle(HttpChannel.java:380) [kernel-1.0.0-SNAPSHOT.jar:?]
	at org.eclipse.jetty.server.HttpConnection.onFillable(HttpConnection.java:277) [kernel-1.0.0-SNAPSHOT.jar:?]
	at org.eclipse.jetty.io.AbstractConnection$ReadCallback.succeeded(AbstractConnection.java:311) [kernel-1.0.0-SNAPSHOT.jar:?]
	at org.eclipse.jetty.io.FillInterest.fillable(FillInterest.java:105) [kernel-1.0.0-SNAPSHOT.jar:?]
	at org.eclipse.jetty.io.ChannelEndPoint$1.run(ChannelEndPoint.java:104) [kernel-1.0.0-SNAPSHOT.jar:?]
	at org.eclipse.jetty.util.thread.strategy.EatWhatYouKill.runTask(EatWhatYouKill.java:336) [kernel-1.0.0-SNAPSHOT.jar:?]
	at org.eclipse.jetty.util.thread.strategy.EatWhatYouKill.doProduce(EatWhatYouKill.java:313) [kernel-1.0.0-SNAPSHOT.jar:?]
	at org.eclipse.jetty.util.thread.strategy.EatWhatYouKill.tryProduce(EatWhatYouKill.java:171) [kernel-1.0.0-SNAPSHOT.jar:?]
	at org.eclipse.jetty.util.thread.strategy.EatWhatYouKill.run(EatWhatYouKill.java:129) [kernel-1.0.0-SNAPSHOT.jar:?]
	at org.eclipse.jetty.util.thread.ReservedThreadExecutor$ReservedThread.run(ReservedThreadExecutor.java:383) [kernel-1.0.0-SNAPSHOT.jar:?]
	at org.eclipse.jetty.util.thread.QueuedThreadPool.runJob(QueuedThreadPool.java:882) [kernel-1.0.0-SNAPSHOT.jar:?]
	at org.eclipse.jetty.util.thread.QueuedThreadPool$Runner.run(QueuedThreadPool.java:1036) [kernel-1.0.0-SNAPSHOT.jar:?]
	at java.lang.Thread.run(Thread.java:829) [?:?]
Caused by: java.lang.RuntimeException: botstore.user.session.expired
	at com.automationanywhere.botstore.service.impl.BotStoreIntegrationServiceImpl.validateToken(BotStoreIntegrationServiceImpl.java:107) ~[kernel-1.0.0-SNAPSHOT.jar:?]
	at com.automationanywhere.botstore.service.impl.BotStoreIntegrationServiceImpl.validateSession(BotStoreIntegrationServiceImpl.java:490) ~[kernel-1.0.0-SNAPSHOT.jar:?]
	at jdk.internal.reflect.NativeMethodAccessorImpl.invoke0(Native Method) ~[?:?]
	at jdk.internal.reflect.NativeMethodAccessorImpl.invoke(NativeMethodAccessorImpl.java:62) ~[?:?]
	at jdk.internal.reflect.DelegatingMethodAccessorImpl.invoke(DelegatingMethodAccessorImpl.java:43) ~[?:?]
	at java.lang.reflect.Method.invoke(Method.java:566) ~[?:?]
	at org.springframework.aop.support.AopUtils.invokeJoinpointUsingReflection(AopUtils.java:344) ~[kernel-1.0.0-SNAPSHOT.jar:?]
	at org.springframework.aop.framework.ReflectiveMethodInvocation.invokeJoinpoint(ReflectiveMethodInvocation.java:198) ~[kernel-1.0.0-SNAPSHOT.jar:?]
	at org.springframework.aop.framework.ReflectiveMethodInvocation.proceed(ReflectiveMethodInvocation.java:163) ~[kernel-1.0.0-SNAPSHOT.jar:?]
	at org.springframework.transaction.interceptor.TransactionAspectSupport.invokeWithinTransaction(TransactionAspectSupport.java:367) ~[kernel-1.0.0-SNAPSHOT.jar:?]
	at org.springframework.transaction.interceptor.TransactionInterceptor.invoke(TransactionInterceptor.java:118) ~[kernel-1.0.0-SNAPSHOT.jar:?]
	at org.springframework.aop.framework.ReflectiveMethodInvocation.proceed(ReflectiveMethodInvocation.java:186) ~[kernel-1.0.0-SNAPSHOT.jar:?]
	at org.springframework.aop.framework.JdkDynamicAopProxy.invoke(JdkDynamicAopProxy.java:212) ~[kernel-1.0.0-SNAPSHOT.jar:?]
	at com.sun.proxy.$Proxy345.validateSession(Unknown Source) ~[?:?]
	at com.automationanywhere.botstore.resource.BotStoreIntegrationResource.validateSession(BotStoreIntegrationResource.java:112) ~[kernel-1.0.0-SNAPSHOT.jar:?]
	at spark.RouteImpl$1.handle(RouteImpl.java:72) ~[kernel-1.0.0-SNAPSHOT.jar:?]
	at spark.http.matching.Routes.execute(Routes.java:61) ~[kernel-1.0.0-SNAPSHOT.jar:?]
	at spark.http.matching.MatcherFilter.doFilter(MatcherFilter.java:130) ~[kernel-1.0.0-SNAPSHOT.jar:?]
	... 49 more

2021-Oct-07 Thu 09:44:50.747 ERROR - com.automationanywhere.common.util.logutil.LogUtil - {defaultTenant=true, sampled=true, spanId=9a523bb65d3427dd, tenantUuid=d8367b5e-9541-4eb9-a8a0-5fca1f782a1f, traceId=9a523bb65d3427dd} - logException(LogUtil.java:29) - traceId:9a523bb65d3427dd spanId:9a523bb65d3427dd url:http://aaus341jstcr/v1/app/IQBOT method:GET code:404 responsebody:{"code":"um.app.reg.not.found","details":null,"message":"App not registered."} com.automationanywhere.common.validation.DetailedException: App not registered.
	at com.automationanywhere.common.exceptions.ExceptionHelper.buildDetailedException(ExceptionHelper.java:75) ~[kernel-1.0.0-SNAPSHOT.jar:?]
	at com.automationanywhere.common.exceptions.helper.ResponseMapper.lambda$extractDetailedExceptionBasedOnErrorCode$2(ResponseMapper.java:175) ~[kernel-1.0.0-SNAPSHOT.jar:?]
	at java.util.Optional.map(Optional.java:265) ~[?:?]
	at com.automationanywhere.common.exceptions.helper.ResponseMapper.extractDetailedExceptionBasedOnErrorCode(ResponseMapper.java:175) ~[kernel-1.0.0-SNAPSHOT.jar:?]
	at com.automationanywhere.common.exceptions.helper.ResponseMapper.lambda$extractDetailedException$1(ResponseMapper.java:162) ~[kernel-1.0.0-SNAPSHOT.jar:?]
	at java.util.stream.ReferencePipeline$3$1.accept(ReferencePipeline.java:195) ~[?:?]
	at java.util.Spliterators$ArraySpliterator.tryAdvance(Spliterators.java:958) ~[?:?]
	at java.util.stream.ReferencePipeline.forEachWithCancel(ReferencePipeline.java:127) ~[?:?]
	at java.util.stream.AbstractPipeline.copyIntoWithCancel(AbstractPipeline.java:502) ~[?:?]
	at java.util.stream.AbstractPipeline.copyInto(AbstractPipeline.java:488) ~[?:?]
	at java.util.stream.AbstractPipeline.wrapAndCopyInto(AbstractPipeline.java:474) ~[?:?]
	at java.util.stream.FindOps$FindOp.evaluateSequential(FindOps.java:150) ~[?:?]
	at java.util.stream.AbstractPipeline.evaluate(AbstractPipeline.java:234) ~[?:?]
	at java.util.stream.ReferencePipeline.findFirst(ReferencePipeline.java:543) ~[?:?]
	at com.automationanywhere.common.exceptions.helper.ResponseMapper.extractDetailedException(ResponseMapper.java:165) ~[kernel-1.0.0-SNAPSHOT.jar:?]
	at com.automationanywhere.common.util.filter.ExceptionFilter.handleException(ExceptionFilter.java:64) ~[kernel-1.0.0-SNAPSHOT.jar:?]
	at spark.Service$1.handle(Service.java:550) ~[kernel-1.0.0-SNAPSHOT.jar:?]
	at spark.http.matching.GeneralError.modify(GeneralError.java:47) ~[kernel-1.0.0-SNAPSHOT.jar:?]
	at spark.http.matching.MatcherFilter.doFilter(MatcherFilter.java:139) ~[kernel-1.0.0-SNAPSHOT.jar:?]
	at spark.servlet.SparkFilter.doFilter(SparkFilter.java:173) ~[kernel-1.0.0-SNAPSHOT.jar:?]
	at org.eclipse.jetty.servlet.FilterHolder.doFilter(FilterHolder.java:193) ~[kernel-1.0.0-SNAPSHOT.jar:?]
	at org.eclipse.jetty.servlet.ServletHandler$Chain.doFilter(ServletHandler.java:1601) ~[kernel-1.0.0-SNAPSHOT.jar:?]
	at com.automationanywhere.common.util.filter.ContentTypeFilter.doFilter(ContentTypeFilter.java:44) ~[kernel-1.0.0-SNAPSHOT.jar:?]
	at org.eclipse.jetty.servlet.FilterHolder.doFilter(FilterHolder.java:193) ~[kernel-1.0.0-SNAPSHOT.jar:?]
	at org.eclipse.jetty.servlet.ServletHandler$Chain.doFilter(ServletHandler.java:1601) ~[kernel-1.0.0-SNAPSHOT.jar:?]
	at com.automationanywhere.common.util.filter.RequestCaptureFilter.doFilter(RequestCaptureFilter.java:62) ~[kernel-1.0.0-SNAPSHOT.jar:?]
	at org.eclipse.jetty.servlet.FilterHolder.doFilter(FilterHolder.java:193) ~[kernel-1.0.0-SNAPSHOT.jar:?]
	at org.eclipse.jetty.servlet.ServletHandler$Chain.doFilter(ServletHandler.java:1601) ~[kernel-1.0.0-SNAPSHOT.jar:?]
	at brave.servlet.TracingFilter.doFilter(TracingFilter.java:82) ~[kernel-1.0.0-SNAPSHOT.jar:?]
	at com.automationanywhere.common.util.filter.BraveDelegatingTracingFilter.doFilter(BraveDelegatingTracingFilter.java:30) ~[kernel-1.0.0-SNAPSHOT.jar:?]
	at org.eclipse.jetty.servlet.FilterHolder.doFilter(FilterHolder.java:193) ~[kernel-1.0.0-SNAPSHOT.jar:?]
	at org.eclipse.jetty.servlet.ServletHandler$Chain.doFilter(ServletHandler.java:1601) ~[kernel-1.0.0-SNAPSHOT.jar:?]
	at com.automationanywhere.common.util.filter.LocaleCaptureFilter.doFilter(LocaleCaptureFilter.java:46) ~[kernel-1.0.0-SNAPSHOT.jar:?]
	at org.eclipse.jetty.servlet.FilterHolder.doFilter(FilterHolder.java:193) ~[kernel-1.0.0-SNAPSHOT.jar:?]
	at org.eclipse.jetty.servlet.ServletHandler$Chain.doFilter(ServletHandler.java:1601) ~[kernel-1.0.0-SNAPSHOT.jar:?]
	at org.eclipse.jetty.servlet.ServletHandler.doHandle(ServletHandler.java:548) ~[kernel-1.0.0-SNAPSHOT.jar:?]
	at org.eclipse.jetty.server.handler.ScopedHandler.nextHandle(ScopedHandler.java:233) ~[kernel-1.0.0-SNAPSHOT.jar:?]
	at org.eclipse.jetty.server.session.SessionHandler.doHandle(SessionHandler.java:1624) ~[kernel-1.0.0-SNAPSHOT.jar:?]
	at org.eclipse.jetty.server.handler.ScopedHandler.nextHandle(ScopedHandler.java:233) ~[kernel-1.0.0-SNAPSHOT.jar:?]
	at org.eclipse.jetty.server.handler.ContextHandler.doHandle(ContextHandler.java:1435) ~[kernel-1.0.0-SNAPSHOT.jar:?]
	at org.eclipse.jetty.server.handler.ScopedHandler.nextScope(ScopedHandler.java:188) ~[kernel-1.0.0-SNAPSHOT.jar:?]
	at org.eclipse.jetty.servlet.ServletHandler.doScope(ServletHandler.java:501) ~[kernel-1.0.0-SNAPSHOT.jar:?]
	at org.eclipse.jetty.server.session.SessionHandler.doScope(SessionHandler.java:1594) ~[kernel-1.0.0-SNAPSHOT.jar:?]
	at org.eclipse.jetty.server.handler.ScopedHandler.nextScope(ScopedHandler.java:186) ~[kernel-1.0.0-SNAPSHOT.jar:?]
	at org.eclipse.jetty.server.handler.ContextHandler.doScope(ContextHandler.java:1350) ~[kernel-1.0.0-SNAPSHOT.jar:?]
	at org.eclipse.jetty.server.handler.ScopedHandler.handle(ScopedHandler.java:141) ~[kernel-1.0.0-SNAPSHOT.jar:?]
	at org.eclipse.jetty.server.handler.StatisticsHandler.handle(StatisticsHandler.java:179) ~[kernel-1.0.0-SNAPSHOT.jar:?]
	at org.eclipse.jetty.server.handler.ContextHandlerCollection.handle(ContextHandlerCollection.java:234) ~[kernel-1.0.0-SNAPSHOT.jar:?]
	at org.eclipse.jetty.server.handler.gzip.GzipHandler.handle(GzipHandler.java:763) ~[kernel-1.0.0-SNAPSHOT.jar:?]
	at org.eclipse.jetty.server.handler.HandlerWrapper.handle(HandlerWrapper.java:127) ~[kernel-1.0.0-SNAPSHOT.jar:?]
	at com.codahale.metrics.jetty9.InstrumentedHandler.handle(InstrumentedHandler.java:239) ~[kernel-1.0.0-SNAPSHOT.jar:?]
	at org.eclipse.jetty.server.handler.HandlerWrapper.handle(HandlerWrapper.java:127) ~[kernel-1.0.0-SNAPSHOT.jar:?]
	at org.eclipse.jetty.server.Server.handle(Server.java:516) ~[kernel-1.0.0-SNAPSHOT.jar:?]
	at org.eclipse.jetty.server.HttpChannel.lambda$handle$1(HttpChannel.java:388) ~[kernel-1.0.0-SNAPSHOT.jar:?]
	at org.eclipse.jetty.server.HttpChannel.dispatch(HttpChannel.java:633) [kernel-1.0.0-SNAPSHOT.jar:?]
	at org.eclipse.jetty.server.HttpChannel.handle(HttpChannel.java:380) [kernel-1.0.0-SNAPSHOT.jar:?]
	at org.eclipse.jetty.server.HttpConnection.onFillable(HttpConnection.java:277) [kernel-1.0.0-SNAPSHOT.jar:?]
	at org.eclipse.jetty.io.AbstractConnection$ReadCallback.succeeded(AbstractConnection.java:311) [kernel-1.0.0-SNAPSHOT.jar:?]
	at org.eclipse.jetty.io.FillInterest.fillable(FillInterest.java:105) [kernel-1.0.0-SNAPSHOT.jar:?]
	at org.eclipse.jetty.io.ChannelEndPoint$1.run(ChannelEndPoint.java:104) [kernel-1.0.0-SNAPSHOT.jar:?]
	at org.eclipse.jetty.util.thread.strategy.EatWhatYouKill.runTask(EatWhatYouKill.java:336) [kernel-1.0.0-SNAPSHOT.jar:?]
	at org.eclipse.jetty.util.thread.strategy.EatWhatYouKill.doProduce(EatWhatYouKill.java:313) [kernel-1.0.0-SNAPSHOT.jar:?]
	at org.eclipse.jetty.util.thread.strategy.EatWhatYouKill.tryProduce(EatWhatYouKill.java:171) [kernel-1.0.0-SNAPSHOT.jar:?]
	at org.eclipse.jetty.util.thread.strategy.EatWhatYouKill.run(EatWhatYouKill.java:129) [kernel-1.0.0-SNAPSHOT.jar:?]
	at org.eclipse.jetty.util.thread.ReservedThreadExecutor$ReservedThread.run(ReservedThreadExecutor.java:383) [kernel-1.0.0-SNAPSHOT.jar:?]
	at org.eclipse.jetty.util.thread.QueuedThreadPool.runJob(QueuedThreadPool.java:882) [kernel-1.0.0-SNAPSHOT.jar:?]
	at org.eclipse.jetty.util.thread.QueuedThreadPool$Runner.run(QueuedThreadPool.java:1036) [kernel-1.0.0-SNAPSHOT.jar:?]
	at java.lang.Thread.run(Thread.java:829) [?:?]
Caused by: java.util.NoSuchElementException: um.app.reg.not.found
	at com.automationanywhere.um.service.impl.AppRegistrationServiceImpl.lambda$find$2(AppRegistrationServiceImpl.java:222) ~[kernel-1.0.0-SNAPSHOT.jar:?]
	at java.util.Optional.orElseThrow(Optional.java:408) ~[?:?]
	at com.automationanywhere.um.service.impl.AppRegistrationServiceImpl.find(AppRegistrationServiceImpl.java:222) ~[kernel-1.0.0-SNAPSHOT.jar:?]
	at jdk.internal.reflect.NativeMethodAccessorImpl.invoke0(Native Method) ~[?:?]
	at jdk.internal.reflect.NativeMethodAccessorImpl.invoke(NativeMethodAccessorImpl.java:62) ~[?:?]
	at jdk.internal.reflect.DelegatingMethodAccessorImpl.invoke(DelegatingMethodAccessorImpl.java:43) ~[?:?]
	at java.lang.reflect.Method.invoke(Method.java:566) ~[?:?]
	at org.springframework.aop.support.AopUtils.invokeJoinpointUsingReflection(AopUtils.java:344) ~[kernel-1.0.0-SNAPSHOT.jar:?]
	at org.springframework.aop.framework.ReflectiveMethodInvocation.invokeJoinpoint(ReflectiveMethodInvocation.java:198) ~[kernel-1.0.0-SNAPSHOT.jar:?]
	at org.springframework.aop.framework.ReflectiveMethodInvocation.proceed(ReflectiveMethodInvocation.java:163) ~[kernel-1.0.0-SNAPSHOT.jar:?]
	at org.springframework.transaction.interceptor.TransactionAspectSupport.invokeWithinTransaction(TransactionAspectSupport.java:367) ~[kernel-1.0.0-SNAPSHOT.jar:?]
	at org.springframework.transaction.interceptor.TransactionInterceptor.invoke(TransactionInterceptor.java:118) ~[kernel-1.0.0-SNAPSHOT.jar:?]
	at org.springframework.aop.framework.ReflectiveMethodInvocation.proceed(ReflectiveMethodInvocation.java:186) ~[kernel-1.0.0-SNAPSHOT.jar:?]
	at org.springframework.aop.framework.JdkDynamicAopProxy.invoke(JdkDynamicAopProxy.java:212) ~[kernel-1.0.0-SNAPSHOT.jar:?]
	at com.sun.proxy.$Proxy264.find(Unknown Source) ~[?:?]
	at com.automationanywhere.um.resource.v1.AppRegistrationResource.find(AppRegistrationResource.java:60) ~[kernel-1.0.0-SNAPSHOT.jar:?]
	at spark.RouteImpl$1.handle(RouteImpl.java:72) ~[kernel-1.0.0-SNAPSHOT.jar:?]
	at spark.http.matching.Routes.execute(Routes.java:61) ~[kernel-1.0.0-SNAPSHOT.jar:?]
	at spark.http.matching.MatcherFilter.doFilter(MatcherFilter.java:130) ~[kernel-1.0.0-SNAPSHOT.jar:?]
	... 49 more

2021-Oct-07 Thu 10:04:50.140 ERROR - com.automationanywhere.common.util.logutil.LogUtil - {defaultTenant=true, sampled=true, spanId=fcdddf46e797efa9, tenantUuid=d8367b5e-9541-4eb9-a8a0-5fca1f782a1f, traceId=fcdddf46e797efa9} - logException(LogUtil.java:29) - traceId:fcdddf46e797efa9 spanId:fcdddf46e797efa9 url:http://aaus341jstcr/v2/repository/gitrestore/status method:GET code:401 responsebody:{"code":"UM1111","details":"To be safe, we logged you out. Please login again.","message":"Your session expired"} com.automationanywhere.common.validation.DetailedException: Your session expired
	at com.automationanywhere.common.exceptions.ExceptionHelper.buildDetailedException(ExceptionHelper.java:75) ~[kernel-1.0.0-SNAPSHOT.jar:?]
	at com.automationanywhere.common.exceptions.helper.ResponseMapper.lambda$extractDetailedExceptionBasedOnErrorCode$2(ResponseMapper.java:175) ~[kernel-1.0.0-SNAPSHOT.jar:?]
	at java.util.Optional.map(Optional.java:265) ~[?:?]
	at com.automationanywhere.common.exceptions.helper.ResponseMapper.extractDetailedExceptionBasedOnErrorCode(ResponseMapper.java:175) ~[kernel-1.0.0-SNAPSHOT.jar:?]
	at com.automationanywhere.common.exceptions.helper.ResponseMapper.lambda$extractDetailedException$1(ResponseMapper.java:162) ~[kernel-1.0.0-SNAPSHOT.jar:?]
	at java.util.stream.ReferencePipeline$3$1.accept(ReferencePipeline.java:195) ~[?:?]
	at java.util.Spliterators$ArraySpliterator.tryAdvance(Spliterators.java:958) ~[?:?]
	at java.util.stream.ReferencePipeline.forEachWithCancel(ReferencePipeline.java:127) ~[?:?]
	at java.util.stream.AbstractPipeline.copyIntoWithCancel(AbstractPipeline.java:502) ~[?:?]
	at java.util.stream.AbstractPipeline.copyInto(AbstractPipeline.java:488) ~[?:?]
	at java.util.stream.AbstractPipeline.wrapAndCopyInto(AbstractPipeline.java:474) ~[?:?]
	at java.util.stream.FindOps$FindOp.evaluateSequential(FindOps.java:150) ~[?:?]
	at java.util.stream.AbstractPipeline.evaluate(AbstractPipeline.java:234) ~[?:?]
	at java.util.stream.ReferencePipeline.findFirst(ReferencePipeline.java:543) ~[?:?]
	at com.automationanywhere.common.exceptions.helper.ResponseMapper.extractDetailedException(ResponseMapper.java:165) ~[kernel-1.0.0-SNAPSHOT.jar:?]
	at com.automationanywhere.common.util.filter.ExceptionFilter.handleException(ExceptionFilter.java:64) ~[kernel-1.0.0-SNAPSHOT.jar:?]
	at spark.Service$1.handle(Service.java:550) ~[kernel-1.0.0-SNAPSHOT.jar:?]
	at spark.http.matching.GeneralError.modify(GeneralError.java:47) ~[kernel-1.0.0-SNAPSHOT.jar:?]
	at spark.http.matching.MatcherFilter.doFilter(MatcherFilter.java:139) ~[kernel-1.0.0-SNAPSHOT.jar:?]
	at spark.servlet.SparkFilter.doFilter(SparkFilter.java:173) ~[kernel-1.0.0-SNAPSHOT.jar:?]
	at org.eclipse.jetty.servlet.FilterHolder.doFilter(FilterHolder.java:193) ~[kernel-1.0.0-SNAPSHOT.jar:?]
	at org.eclipse.jetty.servlet.ServletHandler$Chain.doFilter(ServletHandler.java:1601) ~[kernel-1.0.0-SNAPSHOT.jar:?]
	at com.automationanywhere.common.util.filter.ContentTypeFilter.doFilter(ContentTypeFilter.java:44) ~[kernel-1.0.0-SNAPSHOT.jar:?]
	at org.eclipse.jetty.servlet.FilterHolder.doFilter(FilterHolder.java:193) ~[kernel-1.0.0-SNAPSHOT.jar:?]
	at org.eclipse.jetty.servlet.ServletHandler$Chain.doFilter(ServletHandler.java:1601) ~[kernel-1.0.0-SNAPSHOT.jar:?]
	at com.automationanywhere.common.util.filter.RequestCaptureFilter.doFilter(RequestCaptureFilter.java:62) ~[kernel-1.0.0-SNAPSHOT.jar:?]
	at org.eclipse.jetty.servlet.FilterHolder.doFilter(FilterHolder.java:193) ~[kernel-1.0.0-SNAPSHOT.jar:?]
	at org.eclipse.jetty.servlet.ServletHandler$Chain.doFilter(ServletHandler.java:1601) ~[kernel-1.0.0-SNAPSHOT.jar:?]
	at brave.servlet.TracingFilter.doFilter(TracingFilter.java:82) ~[kernel-1.0.0-SNAPSHOT.jar:?]
	at com.automationanywhere.common.util.filter.BraveDelegatingTracingFilter.doFilter(BraveDelegatingTracingFilter.java:30) ~[kernel-1.0.0-SNAPSHOT.jar:?]
	at org.eclipse.jetty.servlet.FilterHolder.doFilter(FilterHolder.java:193) ~[kernel-1.0.0-SNAPSHOT.jar:?]
	at org.eclipse.jetty.servlet.ServletHandler$Chain.doFilter(ServletHandler.java:1601) ~[kernel-1.0.0-SNAPSHOT.jar:?]
	at com.automationanywhere.common.util.filter.LocaleCaptureFilter.doFilter(LocaleCaptureFilter.java:46) ~[kernel-1.0.0-SNAPSHOT.jar:?]
	at org.eclipse.jetty.servlet.FilterHolder.doFilter(FilterHolder.java:193) ~[kernel-1.0.0-SNAPSHOT.jar:?]
	at org.eclipse.jetty.servlet.ServletHandler$Chain.doFilter(ServletHandler.java:1601) ~[kernel-1.0.0-SNAPSHOT.jar:?]
	at org.eclipse.jetty.servlet.ServletHandler.doHandle(ServletHandler.java:548) ~[kernel-1.0.0-SNAPSHOT.jar:?]
	at org.eclipse.jetty.server.handler.ScopedHandler.nextHandle(ScopedHandler.java:233) ~[kernel-1.0.0-SNAPSHOT.jar:?]
	at org.eclipse.jetty.server.session.SessionHandler.doHandle(SessionHandler.java:1624) ~[kernel-1.0.0-SNAPSHOT.jar:?]
	at org.eclipse.jetty.server.handler.ScopedHandler.nextHandle(ScopedHandler.java:233) ~[kernel-1.0.0-SNAPSHOT.jar:?]
	at org.eclipse.jetty.server.handler.ContextHandler.doHandle(ContextHandler.java:1435) ~[kernel-1.0.0-SNAPSHOT.jar:?]
	at org.eclipse.jetty.server.handler.ScopedHandler.nextScope(ScopedHandler.java:188) ~[kernel-1.0.0-SNAPSHOT.jar:?]
	at org.eclipse.jetty.servlet.ServletHandler.doScope(ServletHandler.java:501) ~[kernel-1.0.0-SNAPSHOT.jar:?]
	at org.eclipse.jetty.server.session.SessionHandler.doScope(SessionHandler.java:1594) ~[kernel-1.0.0-SNAPSHOT.jar:?]
	at org.eclipse.jetty.server.handler.ScopedHandler.nextScope(ScopedHandler.java:186) ~[kernel-1.0.0-SNAPSHOT.jar:?]
	at org.eclipse.jetty.server.handler.ContextHandler.doScope(ContextHandler.java:1350) ~[kernel-1.0.0-SNAPSHOT.jar:?]
	at org.eclipse.jetty.server.handler.ScopedHandler.handle(ScopedHandler.java:141) ~[kernel-1.0.0-SNAPSHOT.jar:?]
	at org.eclipse.jetty.server.handler.StatisticsHandler.handle(StatisticsHandler.java:179) ~[kernel-1.0.0-SNAPSHOT.jar:?]
	at org.eclipse.jetty.server.handler.ContextHandlerCollection.handle(ContextHandlerCollection.java:234) ~[kernel-1.0.0-SNAPSHOT.jar:?]
	at org.eclipse.jetty.server.handler.gzip.GzipHandler.handle(GzipHandler.java:763) ~[kernel-1.0.0-SNAPSHOT.jar:?]
	at org.eclipse.jetty.server.handler.HandlerWrapper.handle(HandlerWrapper.java:127) ~[kernel-1.0.0-SNAPSHOT.jar:?]
	at com.codahale.metrics.jetty9.InstrumentedHandler.handle(InstrumentedHandler.java:239) ~[kernel-1.0.0-SNAPSHOT.jar:?]
	at org.eclipse.jetty.server.handler.HandlerWrapper.handle(HandlerWrapper.java:127) ~[kernel-1.0.0-SNAPSHOT.jar:?]
	at org.eclipse.jetty.server.Server.handle(Server.java:516) ~[kernel-1.0.0-SNAPSHOT.jar:?]
	at org.eclipse.jetty.server.HttpChannel.lambda$handle$1(HttpChannel.java:388) ~[kernel-1.0.0-SNAPSHOT.jar:?]
	at org.eclipse.jetty.server.HttpChannel.dispatch(HttpChannel.java:633) [kernel-1.0.0-SNAPSHOT.jar:?]
	at org.eclipse.jetty.server.HttpChannel.handle(HttpChannel.java:380) [kernel-1.0.0-SNAPSHOT.jar:?]
	at org.eclipse.jetty.server.HttpConnection.onFillable(HttpConnection.java:277) [kernel-1.0.0-SNAPSHOT.jar:?]
	at org.eclipse.jetty.io.AbstractConnection$ReadCallback.succeeded(AbstractConnection.java:311) [kernel-1.0.0-SNAPSHOT.jar:?]
	at org.eclipse.jetty.io.FillInterest.fillable(FillInterest.java:105) [kernel-1.0.0-SNAPSHOT.jar:?]
	at org.eclipse.jetty.io.ChannelEndPoint$1.run(ChannelEndPoint.java:104) [kernel-1.0.0-SNAPSHOT.jar:?]
	at org.eclipse.jetty.util.thread.strategy.EatWhatYouKill.runTask(EatWhatYouKill.java:336) [kernel-1.0.0-SNAPSHOT.jar:?]
	at org.eclipse.jetty.util.thread.strategy.EatWhatYouKill.doProduce(EatWhatYouKill.java:313) [kernel-1.0.0-SNAPSHOT.jar:?]
	at org.eclipse.jetty.util.thread.strategy.EatWhatYouKill.tryProduce(EatWhatYouKill.java:171) [kernel-1.0.0-SNAPSHOT.jar:?]
	at org.eclipse.jetty.util.thread.strategy.EatWhatYouKill.run(EatWhatYouKill.java:129) [kernel-1.0.0-SNAPSHOT.jar:?]
	at org.eclipse.jetty.util.thread.ReservedThreadExecutor$ReservedThread.run(ReservedThreadExecutor.java:383) [kernel-1.0.0-SNAPSHOT.jar:?]
	at org.eclipse.jetty.util.thread.QueuedThreadPool.runJob(QueuedThreadPool.java:882) [kernel-1.0.0-SNAPSHOT.jar:?]
	at org.eclipse.jetty.util.thread.QueuedThreadPool$Runner.run(QueuedThreadPool.java:1036) [kernel-1.0.0-SNAPSHOT.jar:?]
	at java.lang.Thread.run(Thread.java:829) [?:?]
Caused by: com.automationanywhere.token.exception.SecurityTokenExpiredException: UM1111.user.session.expired
	at com.automationanywhere.token.service.JwtValidationService.getClaims(JwtValidationService.java:160) ~[kernel-1.0.0-SNAPSHOT.jar:?]
	at com.automationanywhere.token.service.JwtValidationService.parseRaw(JwtValidationService.java:147) ~[kernel-1.0.0-SNAPSHOT.jar:?]
	at com.automationanywhere.session.service.JwtService.parseToken(JwtService.java:69) ~[kernel-1.0.0-SNAPSHOT.jar:?]
	at com.automationanywhere.auth.spring.TokenAuthenticationManager.processAuthentication(TokenAuthenticationManager.java:57) ~[kernel-1.0.0-SNAPSHOT.jar:?]
	at com.automationanywhere.auth.spring.TokenAuthenticationManager.authenticate(TokenAuthenticationManager.java:35) ~[kernel-1.0.0-SNAPSHOT.jar:?]
	at com.automationanywhere.auth.spring.TokenAuthenticationFilter.attemptAuthentication(TokenAuthenticationFilter.java:75) ~[kernel-1.0.0-SNAPSHOT.jar:?]
	at org.springframework.security.web.authentication.AbstractAuthenticationProcessingFilter.doFilter(AbstractAuthenticationProcessingFilter.java:212) ~[kernel-1.0.0-SNAPSHOT.jar:?]
	at com.automationanywhere.auth.spring.TokenAuthenticationFilter.doFilter(TokenAuthenticationFilter.java:81) ~[kernel-1.0.0-SNAPSHOT.jar:?]
	at org.springframework.security.web.FilterChainProxy$VirtualFilterChain.doFilter(FilterChainProxy.java:334) ~[kernel-1.0.0-SNAPSHOT.jar:?]
	at org.springframework.security.web.FilterChainProxy.doFilterInternal(FilterChainProxy.java:215) ~[kernel-1.0.0-SNAPSHOT.jar:?]
	at org.springframework.security.web.FilterChainProxy.doFilter(FilterChainProxy.java:186) ~[kernel-1.0.0-SNAPSHOT.jar:?]
	at com.automationanywhere.authn.filter.AuthenticationFilter.lambda$init$1(AuthenticationFilter.java:44) ~[kernel-1.0.0-SNAPSHOT.jar:?]
	at spark.FilterImpl$1.handle(FilterImpl.java:73) ~[kernel-1.0.0-SNAPSHOT.jar:?]
	at spark.http.matching.BeforeFilters.execute(BeforeFilters.java:48) ~[kernel-1.0.0-SNAPSHOT.jar:?]
	at spark.http.matching.MatcherFilter.doFilter(MatcherFilter.java:129) ~[kernel-1.0.0-SNAPSHOT.jar:?]
	... 49 more
Caused by: io.jsonwebtoken.ExpiredJwtException: JWT expired at 2021-10-07T17:04:49Z. Current time: 2021-10-07T17:04:50Z, a difference of 1058 milliseconds.  Allowed clock skew: 0 milliseconds.
	at io.jsonwebtoken.impl.DefaultJwtParser.parse(DefaultJwtParser.java:448) ~[kernel-1.0.0-SNAPSHOT.jar:?]
	at io.jsonwebtoken.impl.DefaultJwtParser.parse(DefaultJwtParser.java:550) ~[kernel-1.0.0-SNAPSHOT.jar:?]
	at io.jsonwebtoken.impl.DefaultJwtParser.parseClaimsJws(DefaultJwtParser.java:610) ~[kernel-1.0.0-SNAPSHOT.jar:?]
	at com.automationanywhere.token.service.JwtValidationService.getClaims(JwtValidationService.java:154) ~[kernel-1.0.0-SNAPSHOT.jar:?]
	at com.automationanywhere.token.service.JwtValidationService.parseRaw(JwtValidationService.java:147) ~[kernel-1.0.0-SNAPSHOT.jar:?]
	at com.automationanywhere.session.service.JwtService.parseToken(JwtService.java:69) ~[kernel-1.0.0-SNAPSHOT.jar:?]
	at com.automationanywhere.auth.spring.TokenAuthenticationManager.processAuthentication(TokenAuthenticationManager.java:57) ~[kernel-1.0.0-SNAPSHOT.jar:?]
	at com.automationanywhere.auth.spring.TokenAuthenticationManager.authenticate(TokenAuthenticationManager.java:35) ~[kernel-1.0.0-SNAPSHOT.jar:?]
	at com.automationanywhere.auth.spring.TokenAuthenticationFilter.attemptAuthentication(TokenAuthenticationFilter.java:75) ~[kernel-1.0.0-SNAPSHOT.jar:?]
	at org.springframework.security.web.authentication.AbstractAuthenticationProcessingFilter.doFilter(AbstractAuthenticationProcessingFilter.java:212) ~[kernel-1.0.0-SNAPSHOT.jar:?]
	at com.automationanywhere.auth.spring.TokenAuthenticationFilter.doFilter(TokenAuthenticationFilter.java:81) ~[kernel-1.0.0-SNAPSHOT.jar:?]
	at org.springframework.security.web.FilterChainProxy$VirtualFilterChain.doFilter(FilterChainProxy.java:334) ~[kernel-1.0.0-SNAPSHOT.jar:?]
	at org.springframework.security.web.FilterChainProxy.doFilterInternal(FilterChainProxy.java:215) ~[kernel-1.0.0-SNAPSHOT.jar:?]
	at org.springframework.security.web.FilterChainProxy.doFilter(FilterChainProxy.java:186) ~[kernel-1.0.0-SNAPSHOT.jar:?]
	at com.automationanywhere.authn.filter.AuthenticationFilter.lambda$init$1(AuthenticationFilter.java:44) ~[kernel-1.0.0-SNAPSHOT.jar:?]
	at spark.FilterImpl$1.handle(FilterImpl.java:73) ~[kernel-1.0.0-SNAPSHOT.jar:?]
	at spark.http.matching.BeforeFilters.execute(BeforeFilters.java:48) ~[kernel-1.0.0-SNAPSHOT.jar:?]
	at spark.http.matching.MatcherFilter.doFilter(MatcherFilter.java:129) ~[kernel-1.0.0-SNAPSHOT.jar:?]
	... 49 more

2021-Oct-07 Thu 10:04:51.049 ERROR - com.automationanywhere.common.util.logutil.LogUtil - {defaultTenant=true, sampled=true, spanId=1ca10e6e1099e8b0, tenantUuid=d8367b5e-9541-4eb9-a8a0-5fca1f782a1f, traceId=1ca10e6e1099e8b0} - logException(LogUtil.java:29) - traceId:1ca10e6e1099e8b0 spanId:1ca10e6e1099e8b0 url:http://aaus341jstcr/v2/userdevices method:POST code:401 responsebody:{"code":"UM1111","details":"To be safe, we logged you out. Please login again.","message":"Your session expired"} com.automationanywhere.common.validation.DetailedException: Your session expired
	at com.automationanywhere.common.exceptions.ExceptionHelper.buildDetailedException(ExceptionHelper.java:75) ~[kernel-1.0.0-SNAPSHOT.jar:?]
	at com.automationanywhere.common.exceptions.helper.ResponseMapper.lambda$extractDetailedExceptionBasedOnErrorCode$2(ResponseMapper.java:175) ~[kernel-1.0.0-SNAPSHOT.jar:?]
	at java.util.Optional.map(Optional.java:265) ~[?:?]
	at com.automationanywhere.common.exceptions.helper.ResponseMapper.extractDetailedExceptionBasedOnErrorCode(ResponseMapper.java:175) ~[kernel-1.0.0-SNAPSHOT.jar:?]
	at com.automationanywhere.common.exceptions.helper.ResponseMapper.lambda$extractDetailedException$1(ResponseMapper.java:162) ~[kernel-1.0.0-SNAPSHOT.jar:?]
	at java.util.stream.ReferencePipeline$3$1.accept(ReferencePipeline.java:195) ~[?:?]
	at java.util.Spliterators$ArraySpliterator.tryAdvance(Spliterators.java:958) ~[?:?]
	at java.util.stream.ReferencePipeline.forEachWithCancel(ReferencePipeline.java:127) ~[?:?]
	at java.util.stream.AbstractPipeline.copyIntoWithCancel(AbstractPipeline.java:502) ~[?:?]
	at java.util.stream.AbstractPipeline.copyInto(AbstractPipeline.java:488) ~[?:?]
	at java.util.stream.AbstractPipeline.wrapAndCopyInto(AbstractPipeline.java:474) ~[?:?]
	at java.util.stream.FindOps$FindOp.evaluateSequential(FindOps.java:150) ~[?:?]
	at java.util.stream.AbstractPipeline.evaluate(AbstractPipeline.java:234) ~[?:?]
	at java.util.stream.ReferencePipeline.findFirst(ReferencePipeline.java:543) ~[?:?]
	at com.automationanywhere.common.exceptions.helper.ResponseMapper.extractDetailedException(ResponseMapper.java:165) ~[kernel-1.0.0-SNAPSHOT.jar:?]
	at com.automationanywhere.common.util.filter.ExceptionFilter.handleException(ExceptionFilter.java:64) ~[kernel-1.0.0-SNAPSHOT.jar:?]
	at spark.Service$1.handle(Service.java:550) ~[kernel-1.0.0-SNAPSHOT.jar:?]
	at spark.http.matching.GeneralError.modify(GeneralError.java:47) ~[kernel-1.0.0-SNAPSHOT.jar:?]
	at spark.http.matching.MatcherFilter.doFilter(MatcherFilter.java:139) ~[kernel-1.0.0-SNAPSHOT.jar:?]
	at spark.servlet.SparkFilter.doFilter(SparkFilter.java:173) ~[kernel-1.0.0-SNAPSHOT.jar:?]
	at org.eclipse.jetty.servlet.FilterHolder.doFilter(FilterHolder.java:193) ~[kernel-1.0.0-SNAPSHOT.jar:?]
	at org.eclipse.jetty.servlet.ServletHandler$Chain.doFilter(ServletHandler.java:1601) ~[kernel-1.0.0-SNAPSHOT.jar:?]
	at com.automationanywhere.common.util.filter.ContentTypeFilter.doFilter(ContentTypeFilter.java:44) ~[kernel-1.0.0-SNAPSHOT.jar:?]
	at org.eclipse.jetty.servlet.FilterHolder.doFilter(FilterHolder.java:193) ~[kernel-1.0.0-SNAPSHOT.jar:?]
	at org.eclipse.jetty.servlet.ServletHandler$Chain.doFilter(ServletHandler.java:1601) ~[kernel-1.0.0-SNAPSHOT.jar:?]
	at com.automationanywhere.common.util.filter.RequestCaptureFilter.doFilter(RequestCaptureFilter.java:62) ~[kernel-1.0.0-SNAPSHOT.jar:?]
	at org.eclipse.jetty.servlet.FilterHolder.doFilter(FilterHolder.java:193) ~[kernel-1.0.0-SNAPSHOT.jar:?]
	at org.eclipse.jetty.servlet.ServletHandler$Chain.doFilter(ServletHandler.java:1601) ~[kernel-1.0.0-SNAPSHOT.jar:?]
	at brave.servlet.TracingFilter.doFilter(TracingFilter.java:82) ~[kernel-1.0.0-SNAPSHOT.jar:?]
	at com.automationanywhere.common.util.filter.BraveDelegatingTracingFilter.doFilter(BraveDelegatingTracingFilter.java:30) ~[kernel-1.0.0-SNAPSHOT.jar:?]
	at org.eclipse.jetty.servlet.FilterHolder.doFilter(FilterHolder.java:193) ~[kernel-1.0.0-SNAPSHOT.jar:?]
	at org.eclipse.jetty.servlet.ServletHandler$Chain.doFilter(ServletHandler.java:1601) ~[kernel-1.0.0-SNAPSHOT.jar:?]
	at com.automationanywhere.common.util.filter.LocaleCaptureFilter.doFilter(LocaleCaptureFilter.java:46) ~[kernel-1.0.0-SNAPSHOT.jar:?]
	at org.eclipse.jetty.servlet.FilterHolder.doFilter(FilterHolder.java:193) ~[kernel-1.0.0-SNAPSHOT.jar:?]
	at org.eclipse.jetty.servlet.ServletHandler$Chain.doFilter(ServletHandler.java:1601) ~[kernel-1.0.0-SNAPSHOT.jar:?]
	at org.eclipse.jetty.servlet.ServletHandler.doHandle(ServletHandler.java:548) ~[kernel-1.0.0-SNAPSHOT.jar:?]
	at org.eclipse.jetty.server.handler.ScopedHandler.nextHandle(ScopedHandler.java:233) ~[kernel-1.0.0-SNAPSHOT.jar:?]
	at org.eclipse.jetty.server.session.SessionHandler.doHandle(SessionHandler.java:1624) ~[kernel-1.0.0-SNAPSHOT.jar:?]
	at org.eclipse.jetty.server.handler.ScopedHandler.nextHandle(ScopedHandler.java:233) ~[kernel-1.0.0-SNAPSHOT.jar:?]
	at org.eclipse.jetty.server.handler.ContextHandler.doHandle(ContextHandler.java:1435) ~[kernel-1.0.0-SNAPSHOT.jar:?]
	at org.eclipse.jetty.server.handler.ScopedHandler.nextScope(ScopedHandler.java:188) ~[kernel-1.0.0-SNAPSHOT.jar:?]
	at org.eclipse.jetty.servlet.ServletHandler.doScope(ServletHandler.java:501) ~[kernel-1.0.0-SNAPSHOT.jar:?]
	at org.eclipse.jetty.server.session.SessionHandler.doScope(SessionHandler.java:1594) ~[kernel-1.0.0-SNAPSHOT.jar:?]
	at org.eclipse.jetty.server.handler.ScopedHandler.nextScope(ScopedHandler.java:186) ~[kernel-1.0.0-SNAPSHOT.jar:?]
	at org.eclipse.jetty.server.handler.ContextHandler.doScope(ContextHandler.java:1350) ~[kernel-1.0.0-SNAPSHOT.jar:?]
	at org.eclipse.jetty.server.handler.ScopedHandler.handle(ScopedHandler.java:141) ~[kernel-1.0.0-SNAPSHOT.jar:?]
	at org.eclipse.jetty.server.handler.StatisticsHandler.handle(StatisticsHandler.java:179) ~[kernel-1.0.0-SNAPSHOT.jar:?]
	at org.eclipse.jetty.server.handler.ContextHandlerCollection.handle(ContextHandlerCollection.java:234) ~[kernel-1.0.0-SNAPSHOT.jar:?]
	at org.eclipse.jetty.server.handler.gzip.GzipHandler.handle(GzipHandler.java:763) ~[kernel-1.0.0-SNAPSHOT.jar:?]
	at org.eclipse.jetty.server.handler.HandlerWrapper.handle(HandlerWrapper.java:127) ~[kernel-1.0.0-SNAPSHOT.jar:?]
	at com.codahale.metrics.jetty9.InstrumentedHandler.handle(InstrumentedHandler.java:239) ~[kernel-1.0.0-SNAPSHOT.jar:?]
	at org.eclipse.jetty.server.handler.HandlerWrapper.handle(HandlerWrapper.java:127) ~[kernel-1.0.0-SNAPSHOT.jar:?]
	at org.eclipse.jetty.server.Server.handle(Server.java:516) ~[kernel-1.0.0-SNAPSHOT.jar:?]
	at org.eclipse.jetty.server.HttpChannel.lambda$handle$1(HttpChannel.java:388) ~[kernel-1.0.0-SNAPSHOT.jar:?]
	at org.eclipse.jetty.server.HttpChannel.dispatch(HttpChannel.java:633) [kernel-1.0.0-SNAPSHOT.jar:?]
	at org.eclipse.jetty.server.HttpChannel.handle(HttpChannel.java:380) [kernel-1.0.0-SNAPSHOT.jar:?]
	at org.eclipse.jetty.server.HttpConnection.onFillable(HttpConnection.java:277) [kernel-1.0.0-SNAPSHOT.jar:?]
	at org.eclipse.jetty.io.AbstractConnection$ReadCallback.succeeded(AbstractConnection.java:311) [kernel-1.0.0-SNAPSHOT.jar:?]
	at org.eclipse.jetty.io.FillInterest.fillable(FillInterest.java:105) [kernel-1.0.0-SNAPSHOT.jar:?]
	at org.eclipse.jetty.io.ChannelEndPoint$1.run(ChannelEndPoint.java:104) [kernel-1.0.0-SNAPSHOT.jar:?]
	at org.eclipse.jetty.util.thread.strategy.EatWhatYouKill.runTask(EatWhatYouKill.java:336) [kernel-1.0.0-SNAPSHOT.jar:?]
	at org.eclipse.jetty.util.thread.strategy.EatWhatYouKill.doProduce(EatWhatYouKill.java:313) [kernel-1.0.0-SNAPSHOT.jar:?]
	at org.eclipse.jetty.util.thread.strategy.EatWhatYouKill.tryProduce(EatWhatYouKill.java:171) [kernel-1.0.0-SNAPSHOT.jar:?]
	at org.eclipse.jetty.util.thread.strategy.EatWhatYouKill.run(EatWhatYouKill.java:129) [kernel-1.0.0-SNAPSHOT.jar:?]
	at org.eclipse.jetty.util.thread.ReservedThreadExecutor$ReservedThread.run(ReservedThreadExecutor.java:383) [kernel-1.0.0-SNAPSHOT.jar:?]
	at org.eclipse.jetty.util.thread.QueuedThreadPool.runJob(QueuedThreadPool.java:882) [kernel-1.0.0-SNAPSHOT.jar:?]
	at org.eclipse.jetty.util.thread.QueuedThreadPool$Runner.run(QueuedThreadPool.java:1036) [kernel-1.0.0-SNAPSHOT.jar:?]
	at java.lang.Thread.run(Thread.java:829) [?:?]
Caused by: com.automationanywhere.token.exception.SecurityTokenExpiredException: UM1111.user.session.expired
	at com.automationanywhere.token.service.JwtValidationService.getClaims(JwtValidationService.java:160) ~[kernel-1.0.0-SNAPSHOT.jar:?]
	at com.automationanywhere.token.service.JwtValidationService.parseRaw(JwtValidationService.java:147) ~[kernel-1.0.0-SNAPSHOT.jar:?]
	at com.automationanywhere.session.service.JwtService.parseToken(JwtService.java:69) ~[kernel-1.0.0-SNAPSHOT.jar:?]
	at com.automationanywhere.auth.spring.TokenAuthenticationManager.processAuthentication(TokenAuthenticationManager.java:57) ~[kernel-1.0.0-SNAPSHOT.jar:?]
	at com.automationanywhere.auth.spring.TokenAuthenticationManager.authenticate(TokenAuthenticationManager.java:35) ~[kernel-1.0.0-SNAPSHOT.jar:?]
	at com.automationanywhere.auth.spring.TokenAuthenticationFilter.attemptAuthentication(TokenAuthenticationFilter.java:75) ~[kernel-1.0.0-SNAPSHOT.jar:?]
	at org.springframework.security.web.authentication.AbstractAuthenticationProcessingFilter.doFilter(AbstractAuthenticationProcessingFilter.java:212) ~[kernel-1.0.0-SNAPSHOT.jar:?]
	at com.automationanywhere.auth.spring.TokenAuthenticationFilter.doFilter(TokenAuthenticationFilter.java:81) ~[kernel-1.0.0-SNAPSHOT.jar:?]
	at org.springframework.security.web.FilterChainProxy$VirtualFilterChain.doFilter(FilterChainProxy.java:334) ~[kernel-1.0.0-SNAPSHOT.jar:?]
	at org.springframework.security.web.FilterChainProxy.doFilterInternal(FilterChainProxy.java:215) ~[kernel-1.0.0-SNAPSHOT.jar:?]
	at org.springframework.security.web.FilterChainProxy.doFilter(FilterChainProxy.java:186) ~[kernel-1.0.0-SNAPSHOT.jar:?]
	at com.automationanywhere.authn.filter.AuthenticationFilter.lambda$init$1(AuthenticationFilter.java:44) ~[kernel-1.0.0-SNAPSHOT.jar:?]
	at spark.FilterImpl$1.handle(FilterImpl.java:73) ~[kernel-1.0.0-SNAPSHOT.jar:?]
	at spark.http.matching.BeforeFilters.execute(BeforeFilters.java:48) ~[kernel-1.0.0-SNAPSHOT.jar:?]
	at spark.http.matching.MatcherFilter.doFilter(MatcherFilter.java:129) ~[kernel-1.0.0-SNAPSHOT.jar:?]
	... 49 more
Caused by: io.jsonwebtoken.ExpiredJwtException: JWT expired at 2021-10-07T17:04:49Z. Current time: 2021-10-07T17:04:51Z, a difference of 2045 milliseconds.  Allowed clock skew: 0 milliseconds.
	at io.jsonwebtoken.impl.DefaultJwtParser.parse(DefaultJwtParser.java:448) ~[kernel-1.0.0-SNAPSHOT.jar:?]
	at io.jsonwebtoken.impl.DefaultJwtParser.parse(DefaultJwtParser.java:550) ~[kernel-1.0.0-SNAPSHOT.jar:?]
	at io.jsonwebtoken.impl.DefaultJwtParser.parseClaimsJws(DefaultJwtParser.java:610) ~[kernel-1.0.0-SNAPSHOT.jar:?]
	at com.automationanywhere.token.service.JwtValidationService.getClaims(JwtValidationService.java:154) ~[kernel-1.0.0-SNAPSHOT.jar:?]
	at com.automationanywhere.token.service.JwtValidationService.parseRaw(JwtValidationService.java:147) ~[kernel-1.0.0-SNAPSHOT.jar:?]
	at com.automationanywhere.session.service.JwtService.parseToken(JwtService.java:69) ~[kernel-1.0.0-SNAPSHOT.jar:?]
	at com.automationanywhere.auth.spring.TokenAuthenticationManager.processAuthentication(TokenAuthenticationManager.java:57) ~[kernel-1.0.0-SNAPSHOT.jar:?]
	at com.automationanywhere.auth.spring.TokenAuthenticationManager.authenticate(TokenAuthenticationManager.java:35) ~[kernel-1.0.0-SNAPSHOT.jar:?]
	at com.automationanywhere.auth.spring.TokenAuthenticationFilter.attemptAuthentication(TokenAuthenticationFilter.java:75) ~[kernel-1.0.0-SNAPSHOT.jar:?]
	at org.springframework.security.web.authentication.AbstractAuthenticationProcessingFilter.doFilter(AbstractAuthenticationProcessingFilter.java:212) ~[kernel-1.0.0-SNAPSHOT.jar:?]
	at com.automationanywhere.auth.spring.TokenAuthenticationFilter.doFilter(TokenAuthenticationFilter.java:81) ~[kernel-1.0.0-SNAPSHOT.jar:?]
	at org.springframework.security.web.FilterChainProxy$VirtualFilterChain.doFilter(FilterChainProxy.java:334) ~[kernel-1.0.0-SNAPSHOT.jar:?]
	at org.springframework.security.web.FilterChainProxy.doFilterInternal(FilterChainProxy.java:215) ~[kernel-1.0.0-SNAPSHOT.jar:?]
	at org.springframework.security.web.FilterChainProxy.doFilter(FilterChainProxy.java:186) ~[kernel-1.0.0-SNAPSHOT.jar:?]
	at com.automationanywhere.authn.filter.AuthenticationFilter.lambda$init$1(AuthenticationFilter.java:44) ~[kernel-1.0.0-SNAPSHOT.jar:?]
	at spark.FilterImpl$1.handle(FilterImpl.java:73) ~[kernel-1.0.0-SNAPSHOT.jar:?]
	at spark.http.matching.BeforeFilters.execute(BeforeFilters.java:48) ~[kernel-1.0.0-SNAPSHOT.jar:?]
	at spark.http.matching.MatcherFilter.doFilter(MatcherFilter.java:129) ~[kernel-1.0.0-SNAPSHOT.jar:?]
	... 49 more

2021-Oct-07 Thu 10:04:52.449 ERROR - com.automationanywhere.common.util.logutil.LogUtil - {defaultTenant=true, sampled=true, spanId=ffa7b2b816c5a8fc, tenantUuid=d8367b5e-9541-4eb9-a8a0-5fca1f782a1f, traceId=ffa7b2b816c5a8fc} - logException(LogUtil.java:29) - traceId:ffa7b2b816c5a8fc spanId:ffa7b2b816c5a8fc url:http://aaus341jstcr/v1/usermanagement/users/0/basic method:GET code:401 responsebody:{"code":"UM1111","details":"To be safe, we logged you out. Please login again.","message":"Your session expired"} com.automationanywhere.common.validation.DetailedException: Your session expired
	at com.automationanywhere.common.exceptions.ExceptionHelper.buildDetailedException(ExceptionHelper.java:75) ~[kernel-1.0.0-SNAPSHOT.jar:?]
	at com.automationanywhere.common.exceptions.helper.ResponseMapper.lambda$extractDetailedExceptionBasedOnErrorCode$2(ResponseMapper.java:175) ~[kernel-1.0.0-SNAPSHOT.jar:?]
	at java.util.Optional.map(Optional.java:265) ~[?:?]
	at com.automationanywhere.common.exceptions.helper.ResponseMapper.extractDetailedExceptionBasedOnErrorCode(ResponseMapper.java:175) ~[kernel-1.0.0-SNAPSHOT.jar:?]
	at com.automationanywhere.common.exceptions.helper.ResponseMapper.lambda$extractDetailedException$1(ResponseMapper.java:162) ~[kernel-1.0.0-SNAPSHOT.jar:?]
	at java.util.stream.ReferencePipeline$3$1.accept(ReferencePipeline.java:195) ~[?:?]
	at java.util.Spliterators$ArraySpliterator.tryAdvance(Spliterators.java:958) ~[?:?]
	at java.util.stream.ReferencePipeline.forEachWithCancel(ReferencePipeline.java:127) ~[?:?]
	at java.util.stream.AbstractPipeline.copyIntoWithCancel(AbstractPipeline.java:502) ~[?:?]
	at java.util.stream.AbstractPipeline.copyInto(AbstractPipeline.java:488) ~[?:?]
	at java.util.stream.AbstractPipeline.wrapAndCopyInto(AbstractPipeline.java:474) ~[?:?]
	at java.util.stream.FindOps$FindOp.evaluateSequential(FindOps.java:150) ~[?:?]
	at java.util.stream.AbstractPipeline.evaluate(AbstractPipeline.java:234) ~[?:?]
	at java.util.stream.ReferencePipeline.findFirst(ReferencePipeline.java:543) ~[?:?]
	at com.automationanywhere.common.exceptions.helper.ResponseMapper.extractDetailedException(ResponseMapper.java:165) ~[kernel-1.0.0-SNAPSHOT.jar:?]
	at com.automationanywhere.common.util.filter.ExceptionFilter.handleException(ExceptionFilter.java:64) ~[kernel-1.0.0-SNAPSHOT.jar:?]
	at spark.Service$1.handle(Service.java:550) ~[kernel-1.0.0-SNAPSHOT.jar:?]
	at spark.http.matching.GeneralError.modify(GeneralError.java:47) ~[kernel-1.0.0-SNAPSHOT.jar:?]
	at spark.http.matching.MatcherFilter.doFilter(MatcherFilter.java:139) ~[kernel-1.0.0-SNAPSHOT.jar:?]
	at spark.servlet.SparkFilter.doFilter(SparkFilter.java:173) ~[kernel-1.0.0-SNAPSHOT.jar:?]
	at org.eclipse.jetty.servlet.FilterHolder.doFilter(FilterHolder.java:193) ~[kernel-1.0.0-SNAPSHOT.jar:?]
	at org.eclipse.jetty.servlet.ServletHandler$Chain.doFilter(ServletHandler.java:1601) ~[kernel-1.0.0-SNAPSHOT.jar:?]
	at com.automationanywhere.common.util.filter.ContentTypeFilter.doFilter(ContentTypeFilter.java:44) ~[kernel-1.0.0-SNAPSHOT.jar:?]
	at org.eclipse.jetty.servlet.FilterHolder.doFilter(FilterHolder.java:193) ~[kernel-1.0.0-SNAPSHOT.jar:?]
	at org.eclipse.jetty.servlet.ServletHandler$Chain.doFilter(ServletHandler.java:1601) ~[kernel-1.0.0-SNAPSHOT.jar:?]
	at com.automationanywhere.common.util.filter.RequestCaptureFilter.doFilter(RequestCaptureFilter.java:62) ~[kernel-1.0.0-SNAPSHOT.jar:?]
	at org.eclipse.jetty.servlet.FilterHolder.doFilter(FilterHolder.java:193) ~[kernel-1.0.0-SNAPSHOT.jar:?]
	at org.eclipse.jetty.servlet.ServletHandler$Chain.doFilter(ServletHandler.java:1601) ~[kernel-1.0.0-SNAPSHOT.jar:?]
	at brave.servlet.TracingFilter.doFilter(TracingFilter.java:82) ~[kernel-1.0.0-SNAPSHOT.jar:?]
	at com.automationanywhere.common.util.filter.BraveDelegatingTracingFilter.doFilter(BraveDelegatingTracingFilter.java:30) ~[kernel-1.0.0-SNAPSHOT.jar:?]
	at org.eclipse.jetty.servlet.FilterHolder.doFilter(FilterHolder.java:193) ~[kernel-1.0.0-SNAPSHOT.jar:?]
	at org.eclipse.jetty.servlet.ServletHandler$Chain.doFilter(ServletHandler.java:1601) ~[kernel-1.0.0-SNAPSHOT.jar:?]
	at com.automationanywhere.common.util.filter.LocaleCaptureFilter.doFilter(LocaleCaptureFilter.java:46) ~[kernel-1.0.0-SNAPSHOT.jar:?]
	at org.eclipse.jetty.servlet.FilterHolder.doFilter(FilterHolder.java:193) ~[kernel-1.0.0-SNAPSHOT.jar:?]
	at org.eclipse.jetty.servlet.ServletHandler$Chain.doFilter(ServletHandler.java:1601) ~[kernel-1.0.0-SNAPSHOT.jar:?]
	at org.eclipse.jetty.servlet.ServletHandler.doHandle(ServletHandler.java:548) ~[kernel-1.0.0-SNAPSHOT.jar:?]
	at org.eclipse.jetty.server.handler.ScopedHandler.nextHandle(ScopedHandler.java:233) ~[kernel-1.0.0-SNAPSHOT.jar:?]
	at org.eclipse.jetty.server.session.SessionHandler.doHandle(SessionHandler.java:1624) ~[kernel-1.0.0-SNAPSHOT.jar:?]
	at org.eclipse.jetty.server.handler.ScopedHandler.nextHandle(ScopedHandler.java:233) ~[kernel-1.0.0-SNAPSHOT.jar:?]
	at org.eclipse.jetty.server.handler.ContextHandler.doHandle(ContextHandler.java:1435) ~[kernel-1.0.0-SNAPSHOT.jar:?]
	at org.eclipse.jetty.server.handler.ScopedHandler.nextScope(ScopedHandler.java:188) ~[kernel-1.0.0-SNAPSHOT.jar:?]
	at org.eclipse.jetty.servlet.ServletHandler.doScope(ServletHandler.java:501) ~[kernel-1.0.0-SNAPSHOT.jar:?]
	at org.eclipse.jetty.server.session.SessionHandler.doScope(SessionHandler.java:1594) ~[kernel-1.0.0-SNAPSHOT.jar:?]
	at org.eclipse.jetty.server.handler.ScopedHandler.nextScope(ScopedHandler.java:186) ~[kernel-1.0.0-SNAPSHOT.jar:?]
	at org.eclipse.jetty.server.handler.ContextHandler.doScope(ContextHandler.java:1350) ~[kernel-1.0.0-SNAPSHOT.jar:?]
	at org.eclipse.jetty.server.handler.ScopedHandler.handle(ScopedHandler.java:141) ~[kernel-1.0.0-SNAPSHOT.jar:?]
	at org.eclipse.jetty.server.handler.StatisticsHandler.handle(StatisticsHandler.java:179) ~[kernel-1.0.0-SNAPSHOT.jar:?]
	at org.eclipse.jetty.server.handler.ContextHandlerCollection.handle(ContextHandlerCollection.java:234) ~[kernel-1.0.0-SNAPSHOT.jar:?]
	at org.eclipse.jetty.server.handler.gzip.GzipHandler.handle(GzipHandler.java:763) ~[kernel-1.0.0-SNAPSHOT.jar:?]
	at org.eclipse.jetty.server.handler.HandlerWrapper.handle(HandlerWrapper.java:127) ~[kernel-1.0.0-SNAPSHOT.jar:?]
	at com.codahale.metrics.jetty9.InstrumentedHandler.handle(InstrumentedHandler.java:239) ~[kernel-1.0.0-SNAPSHOT.jar:?]
	at org.eclipse.jetty.server.handler.HandlerWrapper.handle(HandlerWrapper.java:127) ~[kernel-1.0.0-SNAPSHOT.jar:?]
	at org.eclipse.jetty.server.Server.handle(Server.java:516) ~[kernel-1.0.0-SNAPSHOT.jar:?]
	at org.eclipse.jetty.server.HttpChannel.lambda$handle$1(HttpChannel.java:388) ~[kernel-1.0.0-SNAPSHOT.jar:?]
	at org.eclipse.jetty.server.HttpChannel.dispatch(HttpChannel.java:633) [kernel-1.0.0-SNAPSHOT.jar:?]
	at org.eclipse.jetty.server.HttpChannel.handle(HttpChannel.java:380) [kernel-1.0.0-SNAPSHOT.jar:?]
	at org.eclipse.jetty.server.HttpConnection.onFillable(HttpConnection.java:277) [kernel-1.0.0-SNAPSHOT.jar:?]
	at org.eclipse.jetty.io.AbstractConnection$ReadCallback.succeeded(AbstractConnection.java:311) [kernel-1.0.0-SNAPSHOT.jar:?]
	at org.eclipse.jetty.io.FillInterest.fillable(FillInterest.java:105) [kernel-1.0.0-SNAPSHOT.jar:?]
	at org.eclipse.jetty.io.ChannelEndPoint$1.run(ChannelEndPoint.java:104) [kernel-1.0.0-SNAPSHOT.jar:?]
	at org.eclipse.jetty.util.thread.strategy.EatWhatYouKill.runTask(EatWhatYouKill.java:336) [kernel-1.0.0-SNAPSHOT.jar:?]
	at org.eclipse.jetty.util.thread.strategy.EatWhatYouKill.doProduce(EatWhatYouKill.java:313) [kernel-1.0.0-SNAPSHOT.jar:?]
	at org.eclipse.jetty.util.thread.strategy.EatWhatYouKill.tryProduce(EatWhatYouKill.java:171) [kernel-1.0.0-SNAPSHOT.jar:?]
	at org.eclipse.jetty.util.thread.strategy.EatWhatYouKill.run(EatWhatYouKill.java:129) [kernel-1.0.0-SNAPSHOT.jar:?]
	at org.eclipse.jetty.util.thread.ReservedThreadExecutor$ReservedThread.run(ReservedThreadExecutor.java:383) [kernel-1.0.0-SNAPSHOT.jar:?]
	at org.eclipse.jetty.util.thread.QueuedThreadPool.runJob(QueuedThreadPool.java:882) [kernel-1.0.0-SNAPSHOT.jar:?]
	at org.eclipse.jetty.util.thread.QueuedThreadPool$Runner.run(QueuedThreadPool.java:1036) [kernel-1.0.0-SNAPSHOT.jar:?]
	at java.lang.Thread.run(Thread.java:829) [?:?]
Caused by: com.automationanywhere.token.exception.SecurityTokenExpiredException: UM1111.user.session.expired
	at com.automationanywhere.token.service.JwtValidationService.getClaims(JwtValidationService.java:160) ~[kernel-1.0.0-SNAPSHOT.jar:?]
	at com.automationanywhere.token.service.JwtValidationService.parseRaw(JwtValidationService.java:147) ~[kernel-1.0.0-SNAPSHOT.jar:?]
	at com.automationanywhere.session.service.JwtService.parseToken(JwtService.java:69) ~[kernel-1.0.0-SNAPSHOT.jar:?]
	at com.automationanywhere.auth.spring.TokenAuthenticationManager.processAuthentication(TokenAuthenticationManager.java:57) ~[kernel-1.0.0-SNAPSHOT.jar:?]
	at com.automationanywhere.auth.spring.TokenAuthenticationManager.authenticate(TokenAuthenticationManager.java:35) ~[kernel-1.0.0-SNAPSHOT.jar:?]
	at com.automationanywhere.auth.spring.TokenAuthenticationFilter.attemptAuthentication(TokenAuthenticationFilter.java:75) ~[kernel-1.0.0-SNAPSHOT.jar:?]
	at org.springframework.security.web.authentication.AbstractAuthenticationProcessingFilter.doFilter(AbstractAuthenticationProcessingFilter.java:212) ~[kernel-1.0.0-SNAPSHOT.jar:?]
	at com.automationanywhere.auth.spring.TokenAuthenticationFilter.doFilter(TokenAuthenticationFilter.java:81) ~[kernel-1.0.0-SNAPSHOT.jar:?]
	at org.springframework.security.web.FilterChainProxy$VirtualFilterChain.doFilter(FilterChainProxy.java:334) ~[kernel-1.0.0-SNAPSHOT.jar:?]
	at org.springframework.security.web.FilterChainProxy.doFilterInternal(FilterChainProxy.java:215) ~[kernel-1.0.0-SNAPSHOT.jar:?]
	at org.springframework.security.web.FilterChainProxy.doFilter(FilterChainProxy.java:186) ~[kernel-1.0.0-SNAPSHOT.jar:?]
	at com.automationanywhere.authn.filter.AuthenticationFilter.lambda$init$1(AuthenticationFilter.java:44) ~[kernel-1.0.0-SNAPSHOT.jar:?]
	at spark.FilterImpl$1.handle(FilterImpl.java:73) ~[kernel-1.0.0-SNAPSHOT.jar:?]
	at spark.http.matching.BeforeFilters.execute(BeforeFilters.java:48) ~[kernel-1.0.0-SNAPSHOT.jar:?]
	at spark.http.matching.MatcherFilter.doFilter(MatcherFilter.java:129) ~[kernel-1.0.0-SNAPSHOT.jar:?]
	... 49 more
Caused by: io.jsonwebtoken.ExpiredJwtException: JWT expired at 2021-10-07T17:04:49Z. Current time: 2021-10-07T17:04:52Z, a difference of 3446 milliseconds.  Allowed clock skew: 0 milliseconds.
	at io.jsonwebtoken.impl.DefaultJwtParser.parse(DefaultJwtParser.java:448) ~[kernel-1.0.0-SNAPSHOT.jar:?]
	at io.jsonwebtoken.impl.DefaultJwtParser.parse(DefaultJwtParser.java:550) ~[kernel-1.0.0-SNAPSHOT.jar:?]
	at io.jsonwebtoken.impl.DefaultJwtParser.parseClaimsJws(DefaultJwtParser.java:610) ~[kernel-1.0.0-SNAPSHOT.jar:?]
	at com.automationanywhere.token.service.JwtValidationService.getClaims(JwtValidationService.java:154) ~[kernel-1.0.0-SNAPSHOT.jar:?]
	at com.automationanywhere.token.service.JwtValidationService.parseRaw(JwtValidationService.java:147) ~[kernel-1.0.0-SNAPSHOT.jar:?]
	at com.automationanywhere.session.service.JwtService.parseToken(JwtService.java:69) ~[kernel-1.0.0-SNAPSHOT.jar:?]
	at com.automationanywhere.auth.spring.TokenAuthenticationManager.processAuthentication(TokenAuthenticationManager.java:57) ~[kernel-1.0.0-SNAPSHOT.jar:?]
	at com.automationanywhere.auth.spring.TokenAuthenticationManager.authenticate(TokenAuthenticationManager.java:35) ~[kernel-1.0.0-SNAPSHOT.jar:?]
	at com.automationanywhere.auth.spring.TokenAuthenticationFilter.attemptAuthentication(TokenAuthenticationFilter.java:75) ~[kernel-1.0.0-SNAPSHOT.jar:?]
	at org.springframework.security.web.authentication.AbstractAuthenticationProcessingFilter.doFilter(AbstractAuthenticationProcessingFilter.java:212) ~[kernel-1.0.0-SNAPSHOT.jar:?]
	at com.automationanywhere.auth.spring.TokenAuthenticationFilter.doFilter(TokenAuthenticationFilter.java:81) ~[kernel-1.0.0-SNAPSHOT.jar:?]
	at org.springframework.security.web.FilterChainProxy$VirtualFilterChain.doFilter(FilterChainProxy.java:334) ~[kernel-1.0.0-SNAPSHOT.jar:?]
	at org.springframework.security.web.FilterChainProxy.doFilterInternal(FilterChainProxy.java:215) ~[kernel-1.0.0-SNAPSHOT.jar:?]
	at org.springframework.security.web.FilterChainProxy.doFilter(FilterChainProxy.java:186) ~[kernel-1.0.0-SNAPSHOT.jar:?]
	at com.automationanywhere.authn.filter.AuthenticationFilter.lambda$init$1(AuthenticationFilter.java:44) ~[kernel-1.0.0-SNAPSHOT.jar:?]
	at spark.FilterImpl$1.handle(FilterImpl.java:73) ~[kernel-1.0.0-SNAPSHOT.jar:?]
	at spark.http.matching.BeforeFilters.execute(BeforeFilters.java:48) ~[kernel-1.0.0-SNAPSHOT.jar:?]
	at spark.http.matching.MatcherFilter.doFilter(MatcherFilter.java:129) ~[kernel-1.0.0-SNAPSHOT.jar:?]
	... 49 more

2021-Oct-07 Thu 10:04:53.522 ERROR - com.automationanywhere.common.util.logutil.LogUtil - {defaultTenant=true, sampled=true, spanId=a126e8de70b44579, tenantUuid=d8367b5e-9541-4eb9-a8a0-5fca1f782a1f, traceId=a126e8de70b44579} - logException(LogUtil.java:29) - traceId:a126e8de70b44579 spanId:a126e8de70b44579 url:http://aaus341jstcr/v1/authentication/logout method:POST code:401 responsebody:{"code":"UM1111","details":"To be safe, we logged you out. Please login again.","message":"Your session expired"} com.automationanywhere.common.validation.DetailedException: Your session expired
	at com.automationanywhere.common.exceptions.ExceptionHelper.buildDetailedException(ExceptionHelper.java:75) ~[kernel-1.0.0-SNAPSHOT.jar:?]
	at com.automationanywhere.common.exceptions.helper.ResponseMapper.lambda$extractDetailedExceptionBasedOnErrorCode$2(ResponseMapper.java:175) ~[kernel-1.0.0-SNAPSHOT.jar:?]
	at java.util.Optional.map(Optional.java:265) ~[?:?]
	at com.automationanywhere.common.exceptions.helper.ResponseMapper.extractDetailedExceptionBasedOnErrorCode(ResponseMapper.java:175) ~[kernel-1.0.0-SNAPSHOT.jar:?]
	at com.automationanywhere.common.exceptions.helper.ResponseMapper.lambda$extractDetailedException$1(ResponseMapper.java:162) ~[kernel-1.0.0-SNAPSHOT.jar:?]
	at java.util.stream.ReferencePipeline$3$1.accept(ReferencePipeline.java:195) ~[?:?]
	at java.util.Spliterators$ArraySpliterator.tryAdvance(Spliterators.java:958) ~[?:?]
	at java.util.stream.ReferencePipeline.forEachWithCancel(ReferencePipeline.java:127) ~[?:?]
	at java.util.stream.AbstractPipeline.copyIntoWithCancel(AbstractPipeline.java:502) ~[?:?]
	at java.util.stream.AbstractPipeline.copyInto(AbstractPipeline.java:488) ~[?:?]
	at java.util.stream.AbstractPipeline.wrapAndCopyInto(AbstractPipeline.java:474) ~[?:?]
	at java.util.stream.FindOps$FindOp.evaluateSequential(FindOps.java:150) ~[?:?]
	at java.util.stream.AbstractPipeline.evaluate(AbstractPipeline.java:234) ~[?:?]
	at java.util.stream.ReferencePipeline.findFirst(ReferencePipeline.java:543) ~[?:?]
	at com.automationanywhere.common.exceptions.helper.ResponseMapper.extractDetailedException(ResponseMapper.java:165) ~[kernel-1.0.0-SNAPSHOT.jar:?]
	at com.automationanywhere.common.util.filter.ExceptionFilter.handleException(ExceptionFilter.java:64) ~[kernel-1.0.0-SNAPSHOT.jar:?]
	at spark.Service$1.handle(Service.java:550) ~[kernel-1.0.0-SNAPSHOT.jar:?]
	at spark.http.matching.GeneralError.modify(GeneralError.java:47) ~[kernel-1.0.0-SNAPSHOT.jar:?]
	at spark.http.matching.MatcherFilter.doFilter(MatcherFilter.java:139) ~[kernel-1.0.0-SNAPSHOT.jar:?]
	at spark.servlet.SparkFilter.doFilter(SparkFilter.java:173) ~[kernel-1.0.0-SNAPSHOT.jar:?]
	at org.eclipse.jetty.servlet.FilterHolder.doFilter(FilterHolder.java:193) ~[kernel-1.0.0-SNAPSHOT.jar:?]
	at org.eclipse.jetty.servlet.ServletHandler$Chain.doFilter(ServletHandler.java:1601) ~[kernel-1.0.0-SNAPSHOT.jar:?]
	at com.automationanywhere.common.util.filter.ContentTypeFilter.doFilter(ContentTypeFilter.java:44) ~[kernel-1.0.0-SNAPSHOT.jar:?]
	at org.eclipse.jetty.servlet.FilterHolder.doFilter(FilterHolder.java:193) ~[kernel-1.0.0-SNAPSHOT.jar:?]
	at org.eclipse.jetty.servlet.ServletHandler$Chain.doFilter(ServletHandler.java:1601) ~[kernel-1.0.0-SNAPSHOT.jar:?]
	at com.automationanywhere.common.util.filter.RequestCaptureFilter.doFilter(RequestCaptureFilter.java:62) ~[kernel-1.0.0-SNAPSHOT.jar:?]
	at org.eclipse.jetty.servlet.FilterHolder.doFilter(FilterHolder.java:193) ~[kernel-1.0.0-SNAPSHOT.jar:?]
	at org.eclipse.jetty.servlet.ServletHandler$Chain.doFilter(ServletHandler.java:1601) ~[kernel-1.0.0-SNAPSHOT.jar:?]
	at brave.servlet.TracingFilter.doFilter(TracingFilter.java:82) ~[kernel-1.0.0-SNAPSHOT.jar:?]
	at com.automationanywhere.common.util.filter.BraveDelegatingTracingFilter.doFilter(BraveDelegatingTracingFilter.java:30) ~[kernel-1.0.0-SNAPSHOT.jar:?]
	at org.eclipse.jetty.servlet.FilterHolder.doFilter(FilterHolder.java:193) ~[kernel-1.0.0-SNAPSHOT.jar:?]
	at org.eclipse.jetty.servlet.ServletHandler$Chain.doFilter(ServletHandler.java:1601) ~[kernel-1.0.0-SNAPSHOT.jar:?]
	at com.automationanywhere.common.util.filter.LocaleCaptureFilter.doFilter(LocaleCaptureFilter.java:46) ~[kernel-1.0.0-SNAPSHOT.jar:?]
	at org.eclipse.jetty.servlet.FilterHolder.doFilter(FilterHolder.java:193) ~[kernel-1.0.0-SNAPSHOT.jar:?]
	at org.eclipse.jetty.servlet.ServletHandler$Chain.doFilter(ServletHandler.java:1601) ~[kernel-1.0.0-SNAPSHOT.jar:?]
	at org.eclipse.jetty.servlet.ServletHandler.doHandle(ServletHandler.java:548) ~[kernel-1.0.0-SNAPSHOT.jar:?]
	at org.eclipse.jetty.server.handler.ScopedHandler.nextHandle(ScopedHandler.java:233) ~[kernel-1.0.0-SNAPSHOT.jar:?]
	at org.eclipse.jetty.server.session.SessionHandler.doHandle(SessionHandler.java:1624) ~[kernel-1.0.0-SNAPSHOT.jar:?]
	at org.eclipse.jetty.server.handler.ScopedHandler.nextHandle(ScopedHandler.java:233) ~[kernel-1.0.0-SNAPSHOT.jar:?]
	at org.eclipse.jetty.server.handler.ContextHandler.doHandle(ContextHandler.java:1435) ~[kernel-1.0.0-SNAPSHOT.jar:?]
	at org.eclipse.jetty.server.handler.ScopedHandler.nextScope(ScopedHandler.java:188) ~[kernel-1.0.0-SNAPSHOT.jar:?]
	at org.eclipse.jetty.servlet.ServletHandler.doScope(ServletHandler.java:501) ~[kernel-1.0.0-SNAPSHOT.jar:?]
	at org.eclipse.jetty.server.session.SessionHandler.doScope(SessionHandler.java:1594) ~[kernel-1.0.0-SNAPSHOT.jar:?]
	at org.eclipse.jetty.server.handler.ScopedHandler.nextScope(ScopedHandler.java:186) ~[kernel-1.0.0-SNAPSHOT.jar:?]
	at org.eclipse.jetty.server.handler.ContextHandler.doScope(ContextHandler.java:1350) ~[kernel-1.0.0-SNAPSHOT.jar:?]
	at org.eclipse.jetty.server.handler.ScopedHandler.handle(ScopedHandler.java:141) ~[kernel-1.0.0-SNAPSHOT.jar:?]
	at org.eclipse.jetty.server.handler.StatisticsHandler.handle(StatisticsHandler.java:179) ~[kernel-1.0.0-SNAPSHOT.jar:?]
	at org.eclipse.jetty.server.handler.ContextHandlerCollection.handle(ContextHandlerCollection.java:234) ~[kernel-1.0.0-SNAPSHOT.jar:?]
	at org.eclipse.jetty.server.handler.gzip.GzipHandler.handle(GzipHandler.java:763) ~[kernel-1.0.0-SNAPSHOT.jar:?]
	at org.eclipse.jetty.server.handler.HandlerWrapper.handle(HandlerWrapper.java:127) ~[kernel-1.0.0-SNAPSHOT.jar:?]
	at com.codahale.metrics.jetty9.InstrumentedHandler.handle(InstrumentedHandler.java:239) ~[kernel-1.0.0-SNAPSHOT.jar:?]
	at org.eclipse.jetty.server.handler.HandlerWrapper.handle(HandlerWrapper.java:127) ~[kernel-1.0.0-SNAPSHOT.jar:?]
	at org.eclipse.jetty.server.Server.handle(Server.java:516) ~[kernel-1.0.0-SNAPSHOT.jar:?]
	at org.eclipse.jetty.server.HttpChannel.lambda$handle$1(HttpChannel.java:388) ~[kernel-1.0.0-SNAPSHOT.jar:?]
	at org.eclipse.jetty.server.HttpChannel.dispatch(HttpChannel.java:633) [kernel-1.0.0-SNAPSHOT.jar:?]
	at org.eclipse.jetty.server.HttpChannel.handle(HttpChannel.java:380) [kernel-1.0.0-SNAPSHOT.jar:?]
	at org.eclipse.jetty.server.HttpConnection.onFillable(HttpConnection.java:277) [kernel-1.0.0-SNAPSHOT.jar:?]
	at org.eclipse.jetty.io.AbstractConnection$ReadCallback.succeeded(AbstractConnection.java:311) [kernel-1.0.0-SNAPSHOT.jar:?]
	at org.eclipse.jetty.io.FillInterest.fillable(FillInterest.java:105) [kernel-1.0.0-SNAPSHOT.jar:?]
	at org.eclipse.jetty.io.ChannelEndPoint$1.run(ChannelEndPoint.java:104) [kernel-1.0.0-SNAPSHOT.jar:?]
	at org.eclipse.jetty.util.thread.strategy.EatWhatYouKill.runTask(EatWhatYouKill.java:336) [kernel-1.0.0-SNAPSHOT.jar:?]
	at org.eclipse.jetty.util.thread.strategy.EatWhatYouKill.doProduce(EatWhatYouKill.java:313) [kernel-1.0.0-SNAPSHOT.jar:?]
	at org.eclipse.jetty.util.thread.strategy.EatWhatYouKill.tryProduce(EatWhatYouKill.java:171) [kernel-1.0.0-SNAPSHOT.jar:?]
	at org.eclipse.jetty.util.thread.strategy.EatWhatYouKill.run(EatWhatYouKill.java:129) [kernel-1.0.0-SNAPSHOT.jar:?]
	at org.eclipse.jetty.util.thread.ReservedThreadExecutor$ReservedThread.run(ReservedThreadExecutor.java:383) [kernel-1.0.0-SNAPSHOT.jar:?]
	at org.eclipse.jetty.util.thread.QueuedThreadPool.runJob(QueuedThreadPool.java:882) [kernel-1.0.0-SNAPSHOT.jar:?]
	at org.eclipse.jetty.util.thread.QueuedThreadPool$Runner.run(QueuedThreadPool.java:1036) [kernel-1.0.0-SNAPSHOT.jar:?]
	at java.lang.Thread.run(Thread.java:829) [?:?]
Caused by: com.automationanywhere.token.exception.SecurityTokenExpiredException: UM1111.user.session.expired
	at com.automationanywhere.token.service.JwtValidationService.getClaims(JwtValidationService.java:160) ~[kernel-1.0.0-SNAPSHOT.jar:?]
	at com.automationanywhere.token.service.JwtValidationService.parseRaw(JwtValidationService.java:147) ~[kernel-1.0.0-SNAPSHOT.jar:?]
	at com.automationanywhere.session.service.JwtService.parseToken(JwtService.java:69) ~[kernel-1.0.0-SNAPSHOT.jar:?]
	at com.automationanywhere.auth.spring.TokenAuthenticationManager.processAuthentication(TokenAuthenticationManager.java:57) ~[kernel-1.0.0-SNAPSHOT.jar:?]
	at com.automationanywhere.auth.spring.TokenAuthenticationManager.authenticate(TokenAuthenticationManager.java:35) ~[kernel-1.0.0-SNAPSHOT.jar:?]
	at com.automationanywhere.auth.spring.TokenAuthenticationFilter.attemptAuthentication(TokenAuthenticationFilter.java:75) ~[kernel-1.0.0-SNAPSHOT.jar:?]
	at org.springframework.security.web.authentication.AbstractAuthenticationProcessingFilter.doFilter(AbstractAuthenticationProcessingFilter.java:212) ~[kernel-1.0.0-SNAPSHOT.jar:?]
	at com.automationanywhere.auth.spring.TokenAuthenticationFilter.doFilter(TokenAuthenticationFilter.java:81) ~[kernel-1.0.0-SNAPSHOT.jar:?]
	at org.springframework.security.web.FilterChainProxy$VirtualFilterChain.doFilter(FilterChainProxy.java:334) ~[kernel-1.0.0-SNAPSHOT.jar:?]
	at org.springframework.security.web.FilterChainProxy.doFilterInternal(FilterChainProxy.java:215) ~[kernel-1.0.0-SNAPSHOT.jar:?]
	at org.springframework.security.web.FilterChainProxy.doFilter(FilterChainProxy.java:186) ~[kernel-1.0.0-SNAPSHOT.jar:?]
	at com.automationanywhere.authn.filter.AuthenticationFilter.lambda$init$1(AuthenticationFilter.java:44) ~[kernel-1.0.0-SNAPSHOT.jar:?]
	at spark.FilterImpl$1.handle(FilterImpl.java:73) ~[kernel-1.0.0-SNAPSHOT.jar:?]
	at spark.http.matching.BeforeFilters.execute(BeforeFilters.java:48) ~[kernel-1.0.0-SNAPSHOT.jar:?]
	at spark.http.matching.MatcherFilter.doFilter(MatcherFilter.java:129) ~[kernel-1.0.0-SNAPSHOT.jar:?]
	... 49 more
Caused by: io.jsonwebtoken.ExpiredJwtException: JWT expired at 2021-10-07T17:04:49Z. Current time: 2021-10-07T17:04:53Z, a difference of 4517 milliseconds.  Allowed clock skew: 0 milliseconds.
	at io.jsonwebtoken.impl.DefaultJwtParser.parse(DefaultJwtParser.java:448) ~[kernel-1.0.0-SNAPSHOT.jar:?]
	at io.jsonwebtoken.impl.DefaultJwtParser.parse(DefaultJwtParser.java:550) ~[kernel-1.0.0-SNAPSHOT.jar:?]
	at io.jsonwebtoken.impl.DefaultJwtParser.parseClaimsJws(DefaultJwtParser.java:610) ~[kernel-1.0.0-SNAPSHOT.jar:?]
	at com.automationanywhere.token.service.JwtValidationService.getClaims(JwtValidationService.java:154) ~[kernel-1.0.0-SNAPSHOT.jar:?]
	at com.automationanywhere.token.service.JwtValidationService.parseRaw(JwtValidationService.java:147) ~[kernel-1.0.0-SNAPSHOT.jar:?]
	at com.automationanywhere.session.service.JwtService.parseToken(JwtService.java:69) ~[kernel-1.0.0-SNAPSHOT.jar:?]
	at com.automationanywhere.auth.spring.TokenAuthenticationManager.processAuthentication(TokenAuthenticationManager.java:57) ~[kernel-1.0.0-SNAPSHOT.jar:?]
	at com.automationanywhere.auth.spring.TokenAuthenticationManager.authenticate(TokenAuthenticationManager.java:35) ~[kernel-1.0.0-SNAPSHOT.jar:?]
	at com.automationanywhere.auth.spring.TokenAuthenticationFilter.attemptAuthentication(TokenAuthenticationFilter.java:75) ~[kernel-1.0.0-SNAPSHOT.jar:?]
	at org.springframework.security.web.authentication.AbstractAuthenticationProcessingFilter.doFilter(AbstractAuthenticationProcessingFilter.java:212) ~[kernel-1.0.0-SNAPSHOT.jar:?]
	at com.automationanywhere.auth.spring.TokenAuthenticationFilter.doFilter(TokenAuthenticationFilter.java:81) ~[kernel-1.0.0-SNAPSHOT.jar:?]
	at org.springframework.security.web.FilterChainProxy$VirtualFilterChain.doFilter(FilterChainProxy.java:334) ~[kernel-1.0.0-SNAPSHOT.jar:?]
	at org.springframework.security.web.FilterChainProxy.doFilterInternal(FilterChainProxy.java:215) ~[kernel-1.0.0-SNAPSHOT.jar:?]
	at org.springframework.security.web.FilterChainProxy.doFilter(FilterChainProxy.java:186) ~[kernel-1.0.0-SNAPSHOT.jar:?]
	at com.automationanywhere.authn.filter.AuthenticationFilter.lambda$init$1(AuthenticationFilter.java:44) ~[kernel-1.0.0-SNAPSHOT.jar:?]
	at spark.FilterImpl$1.handle(FilterImpl.java:73) ~[kernel-1.0.0-SNAPSHOT.jar:?]
	at spark.http.matching.BeforeFilters.execute(BeforeFilters.java:48) ~[kernel-1.0.0-SNAPSHOT.jar:?]
	at spark.http.matching.MatcherFilter.doFilter(MatcherFilter.java:129) ~[kernel-1.0.0-SNAPSHOT.jar:?]
	... 49 more

